<?xml version="1.0" encoding="UTF-8"?>
<testsuites name="AgencyPortal_SmokeTest_WC" time="5952.613" tests="5" failures="5" errors="0">
   <testsuite name="AgencyPortal_SmokeTest_WC" tests="5" failures="5" errors="0" time="5952.613" skipped="0" timestamp="2024-04-10 08:30:01" hostname="LellKir - FA28158.Hmic.local" id="Test Suites/AgencyPortal_SmokeTest_WC">
      <properties>
[...]
</properties>
      <testcase name="Test Cases/Portal_WorkersCompensation/WC_SmokeTest_AllState/Portal_SmokeTest_IAState" time="813.242" classname="Test Cases/Portal_WorkersCompensation/WC_SmokeTest_AllState/Portal_SmokeTest_IAState" status="FAILED">
         <failure type="FAILED" message="Test Cases/Portal_WorkersCompensation/WC_SmokeTest_AllState/Portal_SmokeTest_IAState FAILED.
Reason:
com.kms.katalon.core.exception.StepFailedException: Unable to click on object 'Object Repository/Portal/Portal_Quote_Table_QuoteNum'
	at com.kms.katalon.core.webui.keyword.internal.WebUIKeywordMain.stepFailed(WebUIKeywordMain.groovy:64)
	at com.kms.katalon.core.webui.keyword.internal.WebUIKeywordMain.runKeyword(WebUIKeywordMain.groovy:26)
	at com.kms.katalon.core.webui.keyword.builtin.ClickKeyword.click(ClickKeyword.groovy:74)
	at com.kms.katalon.core.webui.keyword.builtin.ClickKeyword.execute(ClickKeyword.groovy:40)
	at com.kms.katalon.core.keyword.internal.KeywordExecutor.executeKeywordForPlatform(KeywordExecutor.groovy:74)
	at com.kms.katalon.core.webui.keyword.WebUiBuiltInKeywords.click(WebUiBuiltInKeywords.groovy:620)
	at com.kms.katalon.core.webui.keyword.WebUiBuiltInKeywords$click$8.call(Unknown Source)
	at Portal_SmokeTest_IAState.run(Portal_SmokeTest_IAState:248)
	at com.kms.katalon.core.main.ScriptEngine.run(ScriptEngine.java:194)
	at com.kms.katalon.core.main.ScriptEngine.runScriptAsRawText(ScriptEngine.java:119)
	at com.kms.katalon.core.main.TestCaseExecutor.runScript(TestCaseExecutor.java:448)
	at com.kms.katalon.core.main.TestCaseExecutor.doExecute(TestCaseExecutor.java:439)
	at com.kms.katalon.core.main.TestCaseExecutor.processExecutionPhase(TestCaseExecutor.java:418)
	at com.kms.katalon.core.main.TestCaseExecutor.accessMainPhase(TestCaseExecutor.java:410)
	at com.kms.katalon.core.main.TestCaseExecutor.execute(TestCaseExecutor.java:285)
	at com.kms.katalon.core.common.CommonExecutor.accessTestCaseMainPhase(CommonExecutor.java:65)
	at com.kms.katalon.core.main.TestSuiteExecutor.accessTestSuiteMainPhase(TestSuiteExecutor.java:148)
	at com.kms.katalon.core.main.TestSuiteExecutor.execute(TestSuiteExecutor.java:106)
	at com.kms.katalon.core.main.TestCaseMain.startTestSuite(TestCaseMain.java:187)
	at com.kms.katalon.core.main.TestCaseMain$startTestSuite$0.call(Unknown Source)
	at TempTestSuite1712752186057.run(TempTestSuite1712752186057.groovy:36)
Caused by: com.kms.katalon.core.webui.exception.WebElementNotFoundException: Web element with id: 'Object Repository/Portal/Portal_Quote_Table_QuoteNum' located by '//div[contains(@class,'OpenQuote_Cell_')]//p[text()='0064892555']' not found
	at com.kms.katalon.core.webui.common.WebUiCommonHelper.findWebElement(WebUiCommonHelper.java:1381)
	at com.kms.katalon.core.webui.keyword.internal.WebUIAbstractKeyword.findWebElement(WebUIAbstractKeyword.groovy:27)
	at com.kms.katalon.core.webui.keyword.builtin.ClickKeyword$_click_closure1.doCall(ClickKeyword.groovy:65)
	at com.kms.katalon.core.webui.keyword.builtin.ClickKeyword$_click_closure1.call(ClickKeyword.groovy)
	at com.kms.katalon.core.webui.keyword.internal.WebUIKeywordMain.runKeyword(WebUIKeywordMain.groovy:20)
	... 19 more
"/>
         <system-out><![CDATA[2024-04-10 08:30:01 - [TEST_CASE][FAILED] - Test Cases/Portal_WorkersCompensation/WC_SmokeTest_AllState/Portal_SmokeTest_IAState: Test Cases/Portal_WorkersCompensation/WC_SmokeTest_AllState/Portal_SmokeTest_IAState FAILED.
Reason:
com.kms.katalon.core.exception.StepFailedException: Unable to click on object 'Object Repository/Portal/Portal_Quote_Table_QuoteNum'
	at com.kms.katalon.core.webui.keyword.internal.WebUIKeywordMain.stepFailed(WebUIKeywordMain.groovy:64)
	at com.kms.katalon.core.webui.keyword.internal.WebUIKeywordMain.runKeyword(WebUIKeywordMain.groovy:26)
	at com.kms.katalon.core.webui.keyword.builtin.ClickKeyword.click(ClickKeyword.groovy:74)
	at com.kms.katalon.core.webui.keyword.builtin.ClickKeyword.execute(ClickKeyword.groovy:40)
	at com.kms.katalon.core.keyword.internal.KeywordExecutor.executeKeywordForPlatform(KeywordExecutor.groovy:74)
	at com.kms.katalon.core.webui.keyword.WebUiBuiltInKeywords.click(WebUiBuiltInKeywords.groovy:620)
	at com.kms.katalon.core.webui.keyword.WebUiBuiltInKeywords$click$8.call(Unknown Source)
	at Portal_SmokeTest_IAState.run(Portal_SmokeTest_IAState:248)
	at com.kms.katalon.core.main.ScriptEngine.run(ScriptEngine.java:194)
	at com.kms.katalon.core.main.ScriptEngine.runScriptAsRawText(ScriptEngine.java:119)
	at com.kms.katalon.core.main.TestCaseExecutor.runScript(TestCaseExecutor.java:448)
	at com.kms.katalon.core.main.TestCaseExecutor.doExecute(TestCaseExecutor.java:439)
	at com.kms.katalon.core.main.TestCaseExecutor.processExecutionPhase(TestCaseExecutor.java:418)
	at com.kms.katalon.core.main.TestCaseExecutor.accessMainPhase(TestCaseExecutor.java:410)
	at com.kms.katalon.core.main.TestCaseExecutor.execute(TestCaseExecutor.java:285)
	at com.kms.katalon.core.common.CommonExecutor.accessTestCaseMainPhase(CommonExecutor.java:65)
	at com.kms.katalon.core.main.TestSuiteExecutor.accessTestSuiteMainPhase(TestSuiteExecutor.java:148)
	at com.kms.katalon.core.main.TestSuiteExecutor.execute(TestSuiteExecutor.java:106)
	at com.kms.katalon.core.main.TestCaseMain.startTestSuite(TestCaseMain.java:187)
	at com.kms.katalon.core.main.TestCaseMain$startTestSuite$0.call(Unknown Source)
	at TempTestSuite1712752186057.run(TempTestSuite1712752186057.groovy:36)
Caused by: com.kms.katalon.core.webui.exception.WebElementNotFoundException: Web element with id: 'Object Repository/Portal/Portal_Quote_Table_QuoteNum' located by '//div[contains(@class,'OpenQuote_Cell_')]//p[text()='0064892555']' not found
	at com.kms.katalon.core.webui.common.WebUiCommonHelper.findWebElement(WebUiCommonHelper.java:1381)
	at com.kms.katalon.core.webui.keyword.internal.WebUIAbstractKeyword.findWebElement(WebUIAbstractKeyword.groovy:27)
	at com.kms.katalon.core.webui.keyword.builtin.ClickKeyword$_click_closure1.doCall(ClickKeyword.groovy:65)
	at com.kms.katalon.core.webui.keyword.builtin.ClickKeyword$_click_closure1.call(ClickKeyword.groovy)
	at com.kms.katalon.core.webui.keyword.internal.WebUIKeywordMain.runKeyword(WebUIKeywordMain.groovy:20)
	... 19 more


2024-04-10 08:30:02 - [TEST_STEP][PASSED] - comment("Portal Smoke Test"): Portal Smoke Test

2024-04-10 08:30:02 - [MESSAGE][INFO] - Portal Smoke Test

2024-04-10 08:30:02 - [TEST_STEP][PASSED] - callTestCase(findTestCase("Portal_Pages/Portal_CommonScreens/Portal_Login"), ["Portal_Username":Portal_Username, "Portal_Password":Portal_Password], STOP_ON_FAILURE): Call Test Case 'Test Cases/Portal_Pages/Portal_CommonScreens/Portal_Login' successfully

2024-04-10 08:30:03 - [TEST_CASE][PASSED] - Test Cases/Portal_Pages/Portal_CommonScreens/Portal_Login: Test Cases/Portal_Pages/Portal_CommonScreens/Portal_Login

2024-04-10 08:30:03 - [TEST_STEP][PASSED] - openBrowser(""): Browser is opened with url: ''

2024-04-10 08:30:04 - [MESSAGE][INFO] - Starting 'Chrome' driver

2024-04-10 08:30:04 - [MESSAGE][INFO] - Action delay is set to 0 milliseconds

2024-04-10 08:30:07 - [MESSAGE][PASSED] - Browser is opened with url: ''

2024-04-10 08:30:07 - [TEST_STEP][PASSED] - deleteAllCookies(): Delete all cookies successfully

2024-04-10 08:30:07 - [MESSAGE][PASSED] - Delete all cookies successfully

2024-04-10 08:30:07 - [TEST_STEP][PASSED] - maximizeWindow(): Current window maximized

2024-04-10 08:30:07 - [MESSAGE][PASSED] - Current window maximized

2024-04-10 08:30:07 - [TEST_STEP][PASSED] - takeFullPageScreenshot(): Taking screenshot successfully

2024-04-10 08:30:07 - [MESSAGE][INFO] - 0 hidden object(s)

2024-04-10 08:30:07 - [MESSAGE][PASSED] - Taking screenshot successfully
[[ATTACHMENT|C:\\Users\\LellKir\\git\\HMIC-Portal\\HMIC-Portal\\HMIC-Portal\\HMIC-Portal\\HMIC-Portal\\HMIC-Portal\\Reports\\20240410_070624\\AgencyPortal_SmokeTest_WC\\20240410_082946\\1712752207284.png]]

2024-04-10 08:30:07 - [TEST_STEP][PASSED] - navigateToUrl(PortalURL): Navigate to 'https://agencyportal.qa1.hastingsmutual.com/Accounts' successfully

2024-04-10 08:30:19 - [MESSAGE][PASSED] - Navigate to 'https://agencyportal.qa1.hastingsmutual.com/Accounts' successfully

2024-04-10 08:30:19 - [TEST_STEP][PASSED] - waitForPageLoad(10): Wait for page load successfully

2024-04-10 08:30:19 - [MESSAGE][PASSED] - Wait for page load successfully

2024-04-10 08:30:19 - [TEST_STEP][PASSED] - takeFullPageScreenshot(): Taking screenshot successfully

2024-04-10 08:30:20 - [MESSAGE][INFO] - 0 hidden object(s)

2024-04-10 08:30:20 - [MESSAGE][PASSED] - Taking screenshot successfully
[[ATTACHMENT|C:\\Users\\LellKir\\git\\HMIC-Portal\\HMIC-Portal\\HMIC-Portal\\HMIC-Portal\\HMIC-Portal\\HMIC-Portal\\Reports\\20240410_070624\\AgencyPortal_SmokeTest_WC\\20240410_082946\\1712752219628.png]]

2024-04-10 08:30:20 - [TEST_STEP][PASSED] - click(findTestObject("Object Repository/PolicyCenter_Login/div_PC_Login_Link_ClickHereToLogin"), OPTIONAL): Unable to click on object 'Object Repository/PolicyCenter_Login/div_PC_Login_Link_ClickHereToLogin' (Root cause: com.kms.katalon.core.exception.StepFailedException: Unable to click on object 'Object Repository/PolicyCenter_Login/div_PC_Login_Link_ClickHereToLogin'
	at com.kms.katalon.core.webui.keyword.internal.WebUIKeywordMain.stepFailed(WebUIKeywordMain.groovy:64)
	at com.kms.katalon.core.webui.keyword.internal.WebUIKeywordMain.runKeyword(WebUIKeywordMain.groovy:26)
	at com.kms.katalon.core.webui.keyword.builtin.ClickKeyword.click(ClickKeyword.groovy:74)
	at com.kms.katalon.core.webui.keyword.builtin.ClickKeyword.execute(ClickKeyword.groovy:40)
	at com.kms.katalon.core.keyword.internal.KeywordExecutor.executeKeywordForPlatform(KeywordExecutor.groovy:74)
	at com.kms.katalon.core.webui.keyword.WebUiBuiltInKeywords.click(WebUiBuiltInKeywords.groovy:608)
	at com.kms.katalon.core.webui.keyword.WebUiBuiltInKeywords$click$5.call(Unknown Source)
	at Portal_Login.run(Portal_Login:34)
	at com.kms.katalon.core.main.ScriptEngine.run(ScriptEngine.java:194)
	at com.kms.katalon.core.main.ScriptEngine.runScriptAsRawText(ScriptEngine.java:119)
	at com.kms.katalon.core.main.TestCaseExecutor.runScript(TestCaseExecutor.java:448)
	at com.kms.katalon.core.main.TestCaseExecutor.doExecute(TestCaseExecutor.java:439)
	at com.kms.katalon.core.main.TestCaseExecutor.processExecutionPhase(TestCaseExecutor.java:418)
	at com.kms.katalon.core.main.TestCaseExecutor.accessMainPhase(TestCaseExecutor.java:410)
	at com.kms.katalon.core.main.TestCaseExecutor.execute(TestCaseExecutor.java:285)
	at com.kms.katalon.core.main.TestCaseMain.runTestCase(TestCaseMain.java:144)
	at com.kms.katalon.core.keyword.builtin.CallTestCaseKeyword$_callTestCase_closure1.doCall(CallTestCaseKeyword.groovy:59)
	at com.kms.katalon.core.keyword.builtin.CallTestCaseKeyword$_callTestCase_closure1.call(CallTestCaseKeyword.groovy)
	at com.kms.katalon.core.keyword.internal.KeywordMain.runKeyword(KeywordMain.groovy:75)
	at com.kms.katalon.core.keyword.builtin.CallTestCaseKeyword.callTestCase(CallTestCaseKeyword.groovy:81)
	at com.kms.katalon.core.keyword.builtin.CallTestCaseKeyword.execute(CallTestCaseKeyword.groovy:44)
	at com.kms.katalon.core.keyword.internal.KeywordExecutor.executeKeywordForPlatform(KeywordExecutor.groovy:74)
	at com.kms.katalon.core.keyword.BuiltinKeywords.callTestCase(BuiltinKeywords.groovy:310)
	at Portal_SmokeTest_IAState.run(Portal_SmokeTest_IAState:22)
	at com.kms.katalon.core.main.ScriptEngine.run(ScriptEngine.java:194)
	at com.kms.katalon.core.main.ScriptEngine.runScriptAsRawText(ScriptEngine.java:119)
	at com.kms.katalon.core.main.TestCaseExecutor.runScript(TestCaseExecutor.java:448)
	at com.kms.katalon.core.main.TestCaseExecutor.doExecute(TestCaseExecutor.java:439)
	at com.kms.katalon.core.main.TestCaseExecutor.processExecutionPhase(TestCaseExecutor.java:418)
	at com.kms.katalon.core.main.TestCaseExecutor.accessMainPhase(TestCaseExecutor.java:410)
	at com.kms.katalon.core.main.TestCaseExecutor.execute(TestCaseExecutor.java:285)
	at com.kms.katalon.core.common.CommonExecutor.accessTestCaseMainPhase(CommonExecutor.java:65)
	at com.kms.katalon.core.main.TestSuiteExecutor.accessTestSuiteMainPhase(TestSuiteExecutor.java:148)
	at com.kms.katalon.core.main.TestSuiteExecutor.execute(TestSuiteExecutor.java:106)
	at com.kms.katalon.core.main.TestCaseMain.startTestSuite(TestCaseMain.java:187)
	at com.kms.katalon.core.main.TestCaseMain$startTestSuite$0.call(Unknown Source)
	at TempTestSuite1712752186057.run(TempTestSuite1712752186057.groovy:36)
Caused by: com.kms.katalon.core.webui.exception.WebElementNotFoundException: Web element with id: 'Object Repository/PolicyCenter_Login/div_PC_Login_Link_ClickHereToLogin' located by '//div[contains(@id,'LoginDetailsInputSet-LoginLink')]' not found
	at com.kms.katalon.core.webui.common.WebUiCommonHelper.findWebElement(WebUiCommonHelper.java:1381)
	at com.kms.katalon.core.webui.keyword.internal.WebUIAbstractKeyword.findWebElement(WebUIAbstractKeyword.groovy:27)
	at com.kms.katalon.core.webui.keyword.builtin.ClickKeyword$_click_closure1.doCall(ClickKeyword.groovy:65)
	at com.kms.katalon.core.webui.keyword.builtin.ClickKeyword$_click_closure1.call(ClickKeyword.groovy)
	at com.kms.katalon.core.webui.keyword.internal.WebUIKeywordMain.runKeyword(WebUIKeywordMain.groovy:20)
	at com.kms.katalon.core.webui.keyword.builtin.ClickKeyword.click(ClickKeyword.groovy:74)
	at com.kms.katalon.core.webui.keyword.builtin.ClickKeyword.execute(ClickKeyword.groovy:40)
	at com.kms.katalon.core.keyword.internal.KeywordExecutor.executeKeywordForPlatform(KeywordExecutor.groovy:74)
	at com.kms.katalon.core.webui.keyword.WebUiBuiltInKeywords.click(WebUiBuiltInKeywords.groovy:608)
	at com.kms.katalon.core.webui.keyword.WebUiBuiltInKeywords$click$5.call(Unknown Source)
	at Script1683558008637.run(Script1683558008637.groovy:34)
	at com.kms.katalon.core.main.ScriptEngine.run(ScriptEngine.java:194)
	at com.kms.katalon.core.main.ScriptEngine.runScriptAsRawText(ScriptEngine.java:119)
	at com.kms.katalon.core.main.TestCaseExecutor.runScript(TestCaseExecutor.java:448)
	at com.kms.katalon.core.main.TestCaseExecutor.doExecute(TestCaseExecutor.java:439)
	at com.kms.katalon.core.main.TestCaseExecutor.processExecutionPhase(TestCaseExecutor.java:418)
	at com.kms.katalon.core.main.TestCaseExecutor.accessMainPhase(TestCaseExecutor.java:410)
	at com.kms.katalon.core.main.TestCaseExecutor.execute(TestCaseExecutor.java:285)
	at com.kms.katalon.core.main.TestCaseMain.runTestCase(TestCaseMain.java:144)
	at com.kms.katalon.core.keyword.builtin.CallTestCaseKeyword$_callTestCase_closure1.doCall(CallTestCaseKeyword.groovy:59)
	at com.kms.katalon.core.keyword.builtin.CallTestCaseKeyword$_callTestCase_closure1.call(CallTestCaseKeyword.groovy)
	at com.kms.katalon.core.keyword.internal.KeywordMain.runKeyword(KeywordMain.groovy:75)
	at com.kms.katalon.core.keyword.builtin.CallTestCaseKeyword.callTestCase(CallTestCaseKeyword.groovy:81)
	at com.kms.katalon.core.keyword.builtin.CallTestCaseKeyword.execute(CallTestCaseKeyword.groovy:44)
	at com.kms.katalon.core.keyword.internal.KeywordExecutor.executeKeywordForPlatform(KeywordExecutor.groovy:74)
	at com.kms.katalon.core.keyword.BuiltinKeywords.callTestCase(BuiltinKeywords.groovy:310)
	at Script1689773001064.run(Script1689773001064.groovy:22)
	... 13 more
)

2024-04-10 08:30:51 - [MESSAGE][INFO] - Unable to find the element located by 'By.xpath: //div[contains(@id,'LoginDetailsInputSet-LoginLink')]'. Please recheck the objects properties to make sure the desired element is located. 

2024-04-10 08:30:51 - [MESSAGE][WARNING] - [SELF-HEALING] Failed to find element with id 'Object Repository/PolicyCenter_Login/div_PC_Login_Link_ClickHereToLogin'. Try using Self-healing.

2024-04-10 08:30:52 - [MESSAGE][INFO] - [SELF-HEALING] No working XPath is found.

2024-04-10 08:30:53 - [MESSAGE][INFO] - Unable to find the element located by 'By.xpath: '. Please recheck the objects properties to make sure the desired element is located. 

2024-04-10 08:30:53 - [MESSAGE][WARNING] - [SELF-HEALING] Cannot find elements when the selector is null

2024-04-10 08:30:54 - [MESSAGE][WARNING] - Unable to click on object 'Object Repository/PolicyCenter_Login/div_PC_Login_Link_ClickHereToLogin' (Root cause: com.kms.katalon.core.exception.StepFailedException: Unable to click on object 'Object Repository/PolicyCenter_Login/div_PC_Login_Link_ClickHereToLogin'
	at com.kms.katalon.core.webui.keyword.internal.WebUIKeywordMain.stepFailed(WebUIKeywordMain.groovy:64)
	at com.kms.katalon.core.webui.keyword.internal.WebUIKeywordMain.runKeyword(WebUIKeywordMain.groovy:26)
	at com.kms.katalon.core.webui.keyword.builtin.ClickKeyword.click(ClickKeyword.groovy:74)
	at com.kms.katalon.core.webui.keyword.builtin.ClickKeyword.execute(ClickKeyword.groovy:40)
	at com.kms.katalon.core.keyword.internal.KeywordExecutor.executeKeywordForPlatform(KeywordExecutor.groovy:74)
	at com.kms.katalon.core.webui.keyword.WebUiBuiltInKeywords.click(WebUiBuiltInKeywords.groovy:608)
	at com.kms.katalon.core.webui.keyword.WebUiBuiltInKeywords$click$5.call(Unknown Source)
	at Portal_Login.run(Portal_Login:34)
	at com.kms.katalon.core.main.ScriptEngine.run(ScriptEngine.java:194)
	at com.kms.katalon.core.main.ScriptEngine.runScriptAsRawText(ScriptEngine.java:119)
	at com.kms.katalon.core.main.TestCaseExecutor.runScript(TestCaseExecutor.java:448)
	at com.kms.katalon.core.main.TestCaseExecutor.doExecute(TestCaseExecutor.java:439)
	at com.kms.katalon.core.main.TestCaseExecutor.processExecutionPhase(TestCaseExecutor.java:418)
	at com.kms.katalon.core.main.TestCaseExecutor.accessMainPhase(TestCaseExecutor.java:410)
	at com.kms.katalon.core.main.TestCaseExecutor.execute(TestCaseExecutor.java:285)
	at com.kms.katalon.core.main.TestCaseMain.runTestCase(TestCaseMain.java:144)
	at com.kms.katalon.core.keyword.builtin.CallTestCaseKeyword$_callTestCase_closure1.doCall(CallTestCaseKeyword.groovy:59)
	at com.kms.katalon.core.keyword.builtin.CallTestCaseKeyword$_callTestCase_closure1.call(CallTestCaseKeyword.groovy)
	at com.kms.katalon.core.keyword.internal.KeywordMain.runKeyword(KeywordMain.groovy:75)
	at com.kms.katalon.core.keyword.builtin.CallTestCaseKeyword.callTestCase(CallTestCaseKeyword.groovy:81)
	at com.kms.katalon.core.keyword.builtin.CallTestCaseKeyword.execute(CallTestCaseKeyword.groovy:44)
	at com.kms.katalon.core.keyword.internal.KeywordExecutor.executeKeywordForPlatform(KeywordExecutor.groovy:74)
	at com.kms.katalon.core.keyword.BuiltinKeywords.callTestCase(BuiltinKeywords.groovy:310)
	at Portal_SmokeTest_IAState.run(Portal_SmokeTest_IAState:22)
	at com.kms.katalon.core.main.ScriptEngine.run(ScriptEngine.java:194)
	at com.kms.katalon.core.main.ScriptEngine.runScriptAsRawText(ScriptEngine.java:119)
	at com.kms.katalon.core.main.TestCaseExecutor.runScript(TestCaseExecutor.java:448)
	at com.kms.katalon.core.main.TestCaseExecutor.doExecute(TestCaseExecutor.java:439)
	at com.kms.katalon.core.main.TestCaseExecutor.processExecutionPhase(TestCaseExecutor.java:418)
	at com.kms.katalon.core.main.TestCaseExecutor.accessMainPhase(TestCaseExecutor.java:410)
	at com.kms.katalon.core.main.TestCaseExecutor.execute(TestCaseExecutor.java:285)
	at com.kms.katalon.core.common.CommonExecutor.accessTestCaseMainPhase(CommonExecutor.java:65)
	at com.kms.katalon.core.main.TestSuiteExecutor.accessTestSuiteMainPhase(TestSuiteExecutor.java:148)
	at com.kms.katalon.core.main.TestSuiteExecutor.execute(TestSuiteExecutor.java:106)
	at com.kms.katalon.core.main.TestCaseMain.startTestSuite(TestCaseMain.java:187)
	at com.kms.katalon.core.main.TestCaseMain$startTestSuite$0.call(Unknown Source)
	at TempTestSuite1712752186057.run(TempTestSuite1712752186057.groovy:36)
Caused by: com.kms.katalon.core.webui.exception.WebElementNotFoundException: Web element with id: 'Object Repository/PolicyCenter_Login/div_PC_Login_Link_ClickHereToLogin' located by '//div[contains(@id,'LoginDetailsInputSet-LoginLink')]' not found
	at com.kms.katalon.core.webui.common.WebUiCommonHelper.findWebElement(WebUiCommonHelper.java:1381)
	at com.kms.katalon.core.webui.keyword.internal.WebUIAbstractKeyword.findWebElement(WebUIAbstractKeyword.groovy:27)
	at com.kms.katalon.core.webui.keyword.builtin.ClickKeyword$_click_closure1.doCall(ClickKeyword.groovy:65)
	at com.kms.katalon.core.webui.keyword.builtin.ClickKeyword$_click_closure1.call(ClickKeyword.groovy)
	at com.kms.katalon.core.webui.keyword.internal.WebUIKeywordMain.runKeyword(WebUIKeywordMain.groovy:20)
	at com.kms.katalon.core.webui.keyword.builtin.ClickKeyword.click(ClickKeyword.groovy:74)
	at com.kms.katalon.core.webui.keyword.builtin.ClickKeyword.execute(ClickKeyword.groovy:40)
	at com.kms.katalon.core.keyword.internal.KeywordExecutor.executeKeywordForPlatform(KeywordExecutor.groovy:74)
	at com.kms.katalon.core.webui.keyword.WebUiBuiltInKeywords.click(WebUiBuiltInKeywords.groovy:608)
	at com.kms.katalon.core.webui.keyword.WebUiBuiltInKeywords$click$5.call(Unknown Source)
	at Script1683558008637.run(Script1683558008637.groovy:34)
	at com.kms.katalon.core.main.ScriptEngine.run(ScriptEngine.java:194)
	at com.kms.katalon.core.main.ScriptEngine.runScriptAsRawText(ScriptEngine.java:119)
	at com.kms.katalon.core.main.TestCaseExecutor.runScript(TestCaseExecutor.java:448)
	at com.kms.katalon.core.main.TestCaseExecutor.doExecute(TestCaseExecutor.java:439)
	at com.kms.katalon.core.main.TestCaseExecutor.processExecutionPhase(TestCaseExecutor.java:418)
	at com.kms.katalon.core.main.TestCaseExecutor.accessMainPhase(TestCaseExecutor.java:410)
	at com.kms.katalon.core.main.TestCaseExecutor.execute(TestCaseExecutor.java:285)
	at com.kms.katalon.core.main.TestCaseMain.runTestCase(TestCaseMain.java:144)
	at com.kms.katalon.core.keyword.builtin.CallTestCaseKeyword$_callTestCase_closure1.doCall(CallTestCaseKeyword.groovy:59)
	at com.kms.katalon.core.keyword.builtin.CallTestCaseKeyword$_callTestCase_closure1.call(CallTestCaseKeyword.groovy)
	at com.kms.katalon.core.keyword.internal.KeywordMain.runKeyword(KeywordMain.groovy:75)
	at com.kms.katalon.core.keyword.builtin.CallTestCaseKeyword.callTestCase(CallTestCaseKeyword.groovy:81)
	at com.kms.katalon.core.keyword.builtin.CallTestCaseKeyword.execute(CallTestCaseKeyword.groovy:44)
	at com.kms.katalon.core.keyword.internal.KeywordExecutor.executeKeywordForPlatform(KeywordExecutor.groovy:74)
	at com.kms.katalon.core.keyword.BuiltinKeywords.callTestCase(BuiltinKeywords.groovy:310)
	at Script1689773001064.run(Script1689773001064.groovy:22)
	... 13 more
)
[[ATTACHMENT|C:\\Users\\LellKir\\git\\HMIC-Portal\\HMIC-Portal\\HMIC-Portal\\HMIC-Portal\\HMIC-Portal\\HMIC-Portal\\Reports\\20240410_070624\\AgencyPortal_SmokeTest_WC\\20240410_082946\\1712752253828.png]]

2024-04-10 08:30:54 - [TEST_STEP][PASSED] - setText(findTestObject("Object Repository/PolicyCenter_Login/input_PC_Login_TextBox_UserName"), Portal_Username): Text 'adminuser2059' is set on object 'Object Repository/PolicyCenter_Login/input_PC_Login_TextBox_UserName'

2024-04-10 08:30:54 - [MESSAGE][PASSED] - Text 'adminuser2059' is set on object 'Object Repository/PolicyCenter_Login/input_PC_Login_TextBox_UserName'

2024-04-10 08:30:54 - [TEST_STEP][PASSED] - setText(findTestObject("Object Repository/PolicyCenter_Login/input_PC_Login_TextBox_Password"), Portal_Password): Text 'Hmic1234' is set on object 'Object Repository/PolicyCenter_Login/input_PC_Login_TextBox_Password'

2024-04-10 08:30:55 - [MESSAGE][PASSED] - Text 'Hmic1234' is set on object 'Object Repository/PolicyCenter_Login/input_PC_Login_TextBox_Password'

2024-04-10 08:30:55 - [TEST_STEP][PASSED] - takeFullPageScreenshot(): Taking screenshot successfully

2024-04-10 08:30:56 - [MESSAGE][INFO] - 0 hidden object(s)

2024-04-10 08:30:56 - [MESSAGE][PASSED] - Taking screenshot successfully
[[ATTACHMENT|C:\\Users\\LellKir\\git\\HMIC-Portal\\HMIC-Portal\\HMIC-Portal\\HMIC-Portal\\HMIC-Portal\\HMIC-Portal\\Reports\\20240410_070624\\AgencyPortal_SmokeTest_WC\\20240410_082946\\1712752255581.png]]

2024-04-10 08:30:56 - [TEST_STEP][PASSED] - waitForElementVisible(findTestObject("PolicyCenter_Login/input_PC_Login_Button_Login"), 20): Object 'Object Repository/PolicyCenter_Login/input_PC_Login_Button_Login' is visible

2024-04-10 08:30:56 - [MESSAGE][PASSED] - Object 'Object Repository/PolicyCenter_Login/input_PC_Login_Button_Login' is visible

2024-04-10 08:30:56 - [TEST_STEP][PASSED] - click(findTestObject("Object Repository/PolicyCenter_Login/input_PC_Login_Button_Login")): Object: 'Object Repository/PolicyCenter_Login/input_PC_Login_Button_Login' is clicked on

2024-04-10 08:30:57 - [MESSAGE][PASSED] - Object: 'Object Repository/PolicyCenter_Login/input_PC_Login_Button_Login' is clicked on

2024-04-10 08:30:57 - [TEST_STEP][PASSED] - takeFullPageScreenshot(): Taking screenshot successfully

2024-04-10 08:30:59 - [MESSAGE][INFO] - 0 hidden object(s)

2024-04-10 08:30:59 - [MESSAGE][PASSED] - Taking screenshot successfully
[[ATTACHMENT|C:\\Users\\LellKir\\git\\HMIC-Portal\\HMIC-Portal\\HMIC-Portal\\HMIC-Portal\\HMIC-Portal\\HMIC-Portal\\Reports\\20240410_070624\\AgencyPortal_SmokeTest_WC\\20240410_082946\\1712752257079.png]]

2024-04-10 08:30:59 - [TEST_STEP][PASSED] - waitForElementVisible(findTestObject("Portal/Portal_Common_Header_SearchForAccOrPol"), 30): Object 'Object Repository/Portal/Portal_Common_Header_SearchForAccOrPol' is visible

2024-04-10 08:31:00 - [MESSAGE][PASSED] - Object 'Object Repository/Portal/Portal_Common_Header_SearchForAccOrPol' is visible

2024-04-10 08:31:00 - [TEST_STEP][PASSED] - verifyElementVisible(findTestObject("Portal/Portal_Common_Header_SearchForAccOrPol")): Object 'Object Repository/Portal/Portal_Common_Header_SearchForAccOrPol' is visible

2024-04-10 08:31:00 - [MESSAGE][PASSED] - Object 'Object Repository/Portal/Portal_Common_Header_SearchForAccOrPol' is visible

2024-04-10 08:31:00 - [TEST_STEP][PASSED] - takeFullPageScreenshot(): Taking screenshot successfully

2024-04-10 08:31:00 - [MESSAGE][INFO] - 0 hidden object(s)

2024-04-10 08:31:01 - [MESSAGE][PASSED] - Taking screenshot successfully
[[ATTACHMENT|C:\\Users\\LellKir\\git\\HMIC-Portal\\HMIC-Portal\\HMIC-Portal\\HMIC-Portal\\HMIC-Portal\\HMIC-Portal\\Reports\\20240410_070624\\AgencyPortal_SmokeTest_WC\\20240410_082946\\1712752260573.png]]

2024-04-10 08:31:01 - [MESSAGE][PASSED] - Call Test Case 'Test Cases/Portal_Pages/Portal_CommonScreens/Portal_Login' successfully

2024-04-10 08:31:01 - [TEST_STEP][PASSED] - click(findTestObject("Object Repository/Portal/Portal_Common_Tab_Quote")): Object: 'Object Repository/Portal/Portal_Common_Tab_Quote' is clicked on

2024-04-10 08:31:08 - [MESSAGE][PASSED] - Object: 'Object Repository/Portal/Portal_Common_Tab_Quote' is clicked on

2024-04-10 08:31:08 - [TEST_STEP][PASSED] - comment("User is able to Initiate the quote successfully"): User is able to Initiate the quote successfully

2024-04-10 08:31:08 - [MESSAGE][INFO] - User is able to Initiate the quote successfully

2024-04-10 08:31:08 - [TEST_STEP][PASSED] - verifyElementText(findTestObject("Object Repository/Portal/Portal_Quote_Header_NewBusinessDashboard"), "New Business Dashboard"): Actual text and expected text of test object 'Object Repository/Portal/Portal_Quote_Header_NewBusinessDashboard' are matched.

2024-04-10 08:31:38 - [MESSAGE][PASSED] - Actual text and expected text of test object 'Object Repository/Portal/Portal_Quote_Header_NewBusinessDashboard' are matched.

2024-04-10 08:31:38 - [TEST_STEP][PASSED] - click(findTestObject("Object Repository/Portal/Portal_Quote_Title_StartANewBusiness")): Object: 'Object Repository/Portal/Portal_Quote_Title_StartANewBusiness' is clicked on

2024-04-10 08:32:08 - [MESSAGE][PASSED] - Object: 'Object Repository/Portal/Portal_Quote_Title_StartANewBusiness' is clicked on

2024-04-10 08:32:08 - [TEST_STEP][PASSED] - click(findTestObject("Object Repository/Portal/Portal_Quote_Dropdown_SelectLineOfBusiness")): Object: 'Object Repository/Portal/Portal_Quote_Dropdown_SelectLineOfBusiness' is clicked on

2024-04-10 08:32:38 - [MESSAGE][PASSED] - Object: 'Object Repository/Portal/Portal_Quote_Dropdown_SelectLineOfBusiness' is clicked on

2024-04-10 08:32:38 - [TEST_STEP][PASSED] - click(findTestObject("Object Repository/Portal/Portal_LOB_TypeList_WorkersComp")): Object: 'Object Repository/Portal/Portal_LOB_TypeList_WorkersComp' is clicked on

2024-04-10 08:33:08 - [MESSAGE][PASSED] - Object: 'Object Repository/Portal/Portal_LOB_TypeList_WorkersComp' is clicked on

2024-04-10 08:33:08 - [TEST_STEP][PASSED] - click(findTestObject("Object Repository/Portal/Portal_Common_Button_Next")): Object: 'Object Repository/Portal/Portal_Common_Button_Next' is clicked on

2024-04-10 08:33:40 - [MESSAGE][PASSED] - Object: 'Object Repository/Portal/Portal_Common_Button_Next' is clicked on

2024-04-10 08:33:40 - [TEST_STEP][PASSED] - verifyElementText(findTestObject("Object Repository/Portal/Portal_PreQual_Title_PreQualification"), "Pre-Qualification"): Actual text and expected text of test object 'Object Repository/Portal/Portal_PreQual_Title_PreQualification' are matched.

2024-04-10 08:33:42 - [MESSAGE][PASSED] - Actual text and expected text of test object 'Object Repository/Portal/Portal_PreQual_Title_PreQualification' are matched.

2024-04-10 08:33:42 - [TEST_STEP][PASSED] - comment("Prequalification statement should be displayed."): Prequalification statement should be displayed.

2024-04-10 08:33:42 - [MESSAGE][INFO] - Prequalification statement should be displayed.

2024-04-10 08:33:42 - [TEST_STEP][PASSED] - click(findTestObject("Object Repository/Portal/Portal_PreQual_CheckBox_RiskDoesNotHaveAny")): Object: 'Object Repository/Portal/Portal_PreQual_CheckBox_RiskDoesNotHaveAny' is clicked on

2024-04-10 08:33:42 - [MESSAGE][PASSED] - Object: 'Object Repository/Portal/Portal_PreQual_CheckBox_RiskDoesNotHaveAny' is clicked on

2024-04-10 08:33:42 - [TEST_STEP][PASSED] - click(findTestObject("Object Repository/Portal/Portal_PreQual_Button_Agree")): Object: 'Object Repository/Portal/Portal_PreQual_Button_Agree' is clicked on

2024-04-10 08:33:43 - [MESSAGE][PASSED] - Object: 'Object Repository/Portal/Portal_PreQual_Button_Agree' is clicked on

2024-04-10 08:33:43 - [TEST_STEP][PASSED] - waitForElementHasAttribute(findTestObject("Object Repository/Portal/Portal_AccInfo_Header_AccInfo"), "Step 1: Account Information", 10): Object 'Object Repository/Portal/Portal_AccInfo_Header_AccInfo' does not have attribute 'Step 1: Account Information'

2024-04-10 08:33:54 - [MESSAGE][WARNING] - Object 'Object Repository/Portal/Portal_AccInfo_Header_AccInfo' does not have attribute 'Step 1: Account Information'

2024-04-10 08:33:54 - [TEST_STEP][PASSED] - verifyElementText(findTestObject("Object Repository/Portal/Portal_AccInfo_Header_AccInfo"), "Step 1: Account Information"): Actual text and expected text of test object 'Object Repository/Portal/Portal_AccInfo_Header_AccInfo' are matched.

2024-04-10 08:33:54 - [MESSAGE][PASSED] - Actual text and expected text of test object 'Object Repository/Portal/Portal_AccInfo_Header_AccInfo' are matched.

2024-04-10 08:33:54 - [TEST_STEP][PASSED] - comment("User successfully navigated to Account Information screen"): User successfully navigated to Account Information screen

2024-04-10 08:33:54 - [MESSAGE][INFO] - User successfully navigated to Account Information screen

2024-04-10 08:33:54 - [TEST_STEP][PASSED] - click(findTestObject("Object Repository/Portal/Portal_AccInfo_Dropdown_SearchOrQuoteFor")): Object: 'Object Repository/Portal/Portal_AccInfo_Dropdown_SearchOrQuoteFor' is clicked on

2024-04-10 08:33:55 - [MESSAGE][PASSED] - Object: 'Object Repository/Portal/Portal_AccInfo_Dropdown_SearchOrQuoteFor' is clicked on

2024-04-10 08:33:55 - [TEST_STEP][PASSED] - click(findTestObject("Object Repository/Portal/Portal_AccInfo_TypeList_Individual")): Object: 'Object Repository/Portal/Portal_AccInfo_TypeList_Individual' is clicked on

2024-04-10 08:33:55 - [MESSAGE][PASSED] - Object: 'Object Repository/Portal/Portal_AccInfo_TypeList_Individual' is clicked on

2024-04-10 08:33:55 - [TEST_STEP][PASSED] - setText(findTestObject("Object Repository/Portal/Portal_AccInfo_TextBox_FirstName"), "Auto_FirstName"): Text 'Auto_FirstName' is set on object 'Object Repository/Portal/Portal_AccInfo_TextBox_FirstName'

2024-04-10 08:33:56 - [MESSAGE][PASSED] - Text 'Auto_FirstName' is set on object 'Object Repository/Portal/Portal_AccInfo_TextBox_FirstName'

2024-04-10 08:33:56 - [TEST_STEP][PASSED] - setText(findTestObject("Object Repository/Portal/Portal_AccInfo_TextBox_LastName"), "LastName" + RandomStringUtils.randomAlphabetic(5)): Text 'LastNameWTZHO' is set on object 'Object Repository/Portal/Portal_AccInfo_TextBox_LastName'

2024-04-10 08:33:57 - [MESSAGE][PASSED] - Text 'LastNameWTZHO' is set on object 'Object Repository/Portal/Portal_AccInfo_TextBox_LastName'

2024-04-10 08:33:57 - [TEST_STEP][PASSED] - setText(findTestObject("Object Repository/Portal/Portal_AccInfo_TextBox_ZipCode"), "52246"): Text '52246' is set on object 'Object Repository/Portal/Portal_AccInfo_TextBox_ZipCode'

2024-04-10 08:33:58 - [MESSAGE][PASSED] - Text '52246' is set on object 'Object Repository/Portal/Portal_AccInfo_TextBox_ZipCode'

2024-04-10 08:33:58 - [TEST_STEP][PASSED] - click(findTestObject("Object Repository/Portal/Portal_AccInfo_Button_CreateNewAcc")): Object: 'Object Repository/Portal/Portal_AccInfo_Button_CreateNewAcc' is clicked on

2024-04-10 08:33:59 - [MESSAGE][PASSED] - Object: 'Object Repository/Portal/Portal_AccInfo_Button_CreateNewAcc' is clicked on

2024-04-10 08:33:59 - [TEST_STEP][PASSED] - verifyElementText(findTestObject("Object Repository/Portal/Portal_AccInfo_SubTitle_AddNewAcc"), "Add a New Account"): Actual text and expected text of test object 'Object Repository/Portal/Portal_AccInfo_SubTitle_AddNewAcc' are matched.

2024-04-10 08:34:00 - [MESSAGE][PASSED] - Actual text and expected text of test object 'Object Repository/Portal/Portal_AccInfo_SubTitle_AddNewAcc' are matched.

2024-04-10 08:34:00 - [TEST_STEP][PASSED] - mouseOver(findTestObject("Object Repository/Portal/Portal_AccountInfo_Dropdown_ProducerCode"), STOP_ON_FAILURE): Object: 'Object Repository/Portal/Portal_AccountInfo_Dropdown_ProducerCode' is hovered

2024-04-10 08:34:00 - [MESSAGE][PASSED] - Object: 'Object Repository/Portal/Portal_AccountInfo_Dropdown_ProducerCode' is hovered

2024-04-10 08:34:00 - [TEST_STEP][PASSED] - setText(findTestObject("Object Repository/Portal/Portal_AccInfo_TextBox_Address"), "919 Highway 1 W"): Text '919 Highway 1 W' is set on object 'Object Repository/Portal/Portal_AccInfo_TextBox_Address'

2024-04-10 08:34:01 - [MESSAGE][PASSED] - Text '919 Highway 1 W' is set on object 'Object Repository/Portal/Portal_AccInfo_TextBox_Address'

2024-04-10 08:34:01 - [TEST_STEP][PASSED] - sendKeys(findTestObject("Object Repository/Portal/Portal_AccInfo_TextBox_Address"), Keys.chord(SPACE)): Keys 'SPACE + ' sent to object: 'Object Repository/Portal/Portal_AccInfo_TextBox_Address'

2024-04-10 08:34:02 - [MESSAGE][PASSED] - Keys 'SPACE + ' sent to object: 'Object Repository/Portal/Portal_AccInfo_TextBox_Address'

2024-04-10 08:34:02 - [TEST_STEP][PASSED] - click(findTestObject("Object Repository/Portal/Portal_AccInfo_TypeList_1stAddress"), OPTIONAL): Object: 'Object Repository/Portal/Portal_AccInfo_TypeList_1stAddress' is clicked on

2024-04-10 08:34:02 - [MESSAGE][PASSED] - Object: 'Object Repository/Portal/Portal_AccInfo_TypeList_1stAddress' is clicked on

2024-04-10 08:34:02 - [TEST_STEP][PASSED] - waitForPageLoad(10): Wait for page load successfully

2024-04-10 08:34:02 - [MESSAGE][PASSED] - Wait for page load successfully

2024-04-10 08:34:02 - [TEST_STEP][PASSED] - mouseOver(findTestObject("Object Repository/Portal/Portal_AccountInfo_Dropdown_ProducerCode")): Object: 'Object Repository/Portal/Portal_AccountInfo_Dropdown_ProducerCode' is hovered

2024-04-10 08:34:03 - [MESSAGE][PASSED] - Object: 'Object Repository/Portal/Portal_AccountInfo_Dropdown_ProducerCode' is hovered

2024-04-10 08:34:03 - [TEST_STEP][PASSED] - click(findTestObject("Object Repository/Portal/Portal_AccountInfo_Dropdown_ProducerCode")): Object: 'Object Repository/Portal/Portal_AccountInfo_Dropdown_ProducerCode' is clicked on

2024-04-10 08:34:04 - [MESSAGE][PASSED] - Object: 'Object Repository/Portal/Portal_AccountInfo_Dropdown_ProducerCode' is clicked on

2024-04-10 08:34:04 - [TEST_STEP][PASSED] - mouseOver(findTestObject("Object Repository/Portal/Portal_AccInfo_TypeList_2059HouseCode")): Object: 'Object Repository/Portal/Portal_AccInfo_TypeList_2059HouseCode' is hovered

2024-04-10 08:34:04 - [MESSAGE][PASSED] - Object: 'Object Repository/Portal/Portal_AccInfo_TypeList_2059HouseCode' is hovered

2024-04-10 08:34:04 - [TEST_STEP][PASSED] - click(findTestObject("Object Repository/Portal/Portal_AccInfo_TypeList_2059HouseCode")): Object: 'Object Repository/Portal/Portal_AccInfo_TypeList_2059HouseCode' is clicked on

2024-04-10 08:34:05 - [MESSAGE][PASSED] - Object: 'Object Repository/Portal/Portal_AccInfo_TypeList_2059HouseCode' is clicked on

2024-04-10 08:34:05 - [TEST_STEP][PASSED] - click(findTestObject("Object Repository/Portal/Portal_AccInfo_Button_AddAccount")): Object: 'Object Repository/Portal/Portal_AccInfo_Button_AddAccount' is clicked on

2024-04-10 08:34:05 - [MESSAGE][PASSED] - Object: 'Object Repository/Portal/Portal_AccInfo_Button_AddAccount' is clicked on

2024-04-10 08:34:05 - [TEST_STEP][PASSED] - click(findTestObject("Object Repository/Portal/Portal_StandardizeAddress_Button_Continue")): Object: 'Object Repository/Portal/Portal_StandardizeAddress_Button_Continue' is clicked on

2024-04-10 08:34:06 - [MESSAGE][PASSED] - Object: 'Object Repository/Portal/Portal_StandardizeAddress_Button_Continue' is clicked on

2024-04-10 08:34:06 - [TEST_STEP][PASSED] - AccountNumber = getText(findTestObject("Portal/Portal_NewAccountCreated_Label_AccountNum")): Text of object 'Object Repository/Portal/Portal_NewAccountCreated_Label_AccountNum' is: 'AC00540515'

2024-04-10 08:34:07 - [MESSAGE][PASSED] - Text of object 'Object Repository/Portal/Portal_NewAccountCreated_Label_AccountNum' is: 'AC00540515'

2024-04-10 08:34:07 - [TEST_STEP][PASSED] - click(findTestObject("Portal/Portal_NewAccountCreated_Button_Continue")): Object: 'Object Repository/Portal/Portal_NewAccountCreated_Button_Continue' is clicked on

2024-04-10 08:34:08 - [MESSAGE][PASSED] - Object: 'Object Repository/Portal/Portal_NewAccountCreated_Button_Continue' is clicked on

2024-04-10 08:34:08 - [TEST_STEP][PASSED] - click(findTestObject("Object Repository/Portal/Portal_PolicyDetails_Dropdown_OrgType")): Object: 'Object Repository/Portal/Portal_PolicyDetails_Dropdown_OrgType' is clicked on

2024-04-10 08:34:11 - [MESSAGE][PASSED] - Object: 'Object Repository/Portal/Portal_PolicyDetails_Dropdown_OrgType' is clicked on

2024-04-10 08:34:11 - [TEST_STEP][PASSED] - click(findTestObject("Object Repository/Portal/Portal_PolDetails_OrgType_TypeList_Individual")): Object: 'Object Repository/Portal/Portal_PolDetails_OrgType_TypeList_Individual' is clicked on

2024-04-10 08:34:12 - [MESSAGE][PASSED] - Object: 'Object Repository/Portal/Portal_PolDetails_OrgType_TypeList_Individual' is clicked on

2024-04-10 08:34:12 - [TEST_STEP][PASSED] - mouseOver(findTestObject("Object Repository/Portal/Portal_PolDetails_TextBox_SSN"), STOP_ON_FAILURE): Object: 'Object Repository/Portal/Portal_PolDetails_TextBox_SSN' is hovered

2024-04-10 08:34:13 - [MESSAGE][PASSED] - Object: 'Object Repository/Portal/Portal_PolDetails_TextBox_SSN' is hovered

2024-04-10 08:34:13 - [TEST_STEP][PASSED] - click(findTestObject("Object Repository/Portal/Portal_PolDetails_TextBox_SSN"), STOP_ON_FAILURE): Object: 'Object Repository/Portal/Portal_PolDetails_TextBox_SSN' is clicked on

2024-04-10 08:34:13 - [MESSAGE][PASSED] - Object: 'Object Repository/Portal/Portal_PolDetails_TextBox_SSN' is clicked on

2024-04-10 08:34:13 - [TEST_STEP][PASSED] - sendKeys(findTestObject("Object Repository/Portal/Portal_PolDetails_TextBox_SSN"), Keys.chord("123456789")): Keys '123456789' sent to object: 'Object Repository/Portal/Portal_PolDetails_TextBox_SSN'

2024-04-10 08:34:14 - [MESSAGE][PASSED] - Keys '123456789' sent to object: 'Object Repository/Portal/Portal_PolDetails_TextBox_SSN'

2024-04-10 08:34:14 - [TEST_STEP][PASSED] - click(findTestObject("Object Repository/Portal/Portal_PolicyDetails_Button_Save")): Object: 'Object Repository/Portal/Portal_PolicyDetails_Button_Save' is clicked on

2024-04-10 08:34:14 - [MESSAGE][PASSED] - Object: 'Object Repository/Portal/Portal_PolicyDetails_Button_Save' is clicked on

2024-04-10 08:34:14 - [TEST_STEP][PASSED] - takeFullPageScreenshot(): Taking screenshot successfully

2024-04-10 08:34:15 - [MESSAGE][INFO] - 0 hidden object(s)

2024-04-10 08:34:15 - [MESSAGE][PASSED] - Taking screenshot successfully
[[ATTACHMENT|C:\\Users\\LellKir\\git\\HMIC-Portal\\HMIC-Portal\\HMIC-Portal\\HMIC-Portal\\HMIC-Portal\\HMIC-Portal\\Reports\\20240410_070624\\AgencyPortal_SmokeTest_WC\\20240410_082946\\1712752454856.png]]

2024-04-10 08:34:15 - [TEST_STEP][PASSED] - click(findTestObject("Object Repository/Portal/Portal_Common_Button_NextLoc")): Object: 'Object Repository/Portal/Portal_Common_Button_NextLoc' is clicked on

2024-04-10 08:34:16 - [MESSAGE][PASSED] - Object: 'Object Repository/Portal/Portal_Common_Button_NextLoc' is clicked on

2024-04-10 08:34:16 - [TEST_STEP][PASSED] - waitForElementHasAttribute(findTestObject("Object Repository/Portal/Portal_Loc_Header_Loc"), "Step 3: Locations", 10): Object 'Object Repository/Portal/Portal_Loc_Header_Loc' does not have attribute 'Step 3: Locations'

2024-04-10 08:34:29 - [MESSAGE][WARNING] - Object 'Object Repository/Portal/Portal_Loc_Header_Loc' does not have attribute 'Step 3: Locations'

2024-04-10 08:34:29 - [TEST_STEP][PASSED] - verifyElementText(findTestObject("Object Repository/Portal/Portal_Loc_Header_Loc"), "Step 3: Locations"): Actual text and expected text of test object 'Object Repository/Portal/Portal_Loc_Header_Loc' are matched.

2024-04-10 08:34:30 - [MESSAGE][PASSED] - Actual text and expected text of test object 'Object Repository/Portal/Portal_Loc_Header_Loc' are matched.

2024-04-10 08:34:30 - [TEST_STEP][PASSED] - setText(findTestObject("Object Repository/Portal/Portal_Loc_TextBox_MaxNumOfEmp"), "51"): Text '51' is set on object 'Object Repository/Portal/Portal_Loc_TextBox_MaxNumOfEmp'

2024-04-10 08:34:30 - [MESSAGE][PASSED] - Text '51' is set on object 'Object Repository/Portal/Portal_Loc_TextBox_MaxNumOfEmp'

2024-04-10 08:34:30 - [TEST_STEP][PASSED] - click(findTestObject("Object Repository/Portal/Portal_Loc_TextBox_WorkClassification")): Object: 'Object Repository/Portal/Portal_Loc_TextBox_WorkClassification' is clicked on

2024-04-10 08:34:31 - [MESSAGE][PASSED] - Object: 'Object Repository/Portal/Portal_Loc_TextBox_WorkClassification' is clicked on

2024-04-10 08:34:31 - [TEST_STEP][PASSED] - click(findTestObject("Object Repository/Portal/Portal_Loc_WorkClassification_TypeList_0005")): Object: 'Object Repository/Portal/Portal_Loc_WorkClassification_TypeList_0005' is clicked on

2024-04-10 08:34:32 - [MESSAGE][PASSED] - Object: 'Object Repository/Portal/Portal_Loc_WorkClassification_TypeList_0005' is clicked on

2024-04-10 08:34:32 - [TEST_STEP][PASSED] - setText(findTestObject("Object Repository/Portal/Portal_Loc_TextBox_TotalPayroll"), "5000"): Text '5000' is set on object 'Object Repository/Portal/Portal_Loc_TextBox_TotalPayroll'

2024-04-10 08:34:33 - [MESSAGE][PASSED] - Text '5000' is set on object 'Object Repository/Portal/Portal_Loc_TextBox_TotalPayroll'

2024-04-10 08:34:33 - [TEST_STEP][PASSED] - setText(findTestObject("Object Repository/Portal/Portal_Loc_TextBox_FullTimeEmployees"), "10"): Text '10' is set on object 'Object Repository/Portal/Portal_Loc_TextBox_FullTimeEmployees'

2024-04-10 08:34:34 - [MESSAGE][PASSED] - Text '10' is set on object 'Object Repository/Portal/Portal_Loc_TextBox_FullTimeEmployees'

2024-04-10 08:34:34 - [TEST_STEP][PASSED] - setText(findTestObject("Object Repository/Portal/Portal_Loc_TextBox_PartTimeEmployees"), "10"): Text '10' is set on object 'Object Repository/Portal/Portal_Loc_TextBox_PartTimeEmployees'

2024-04-10 08:34:34 - [MESSAGE][PASSED] - Text '10' is set on object 'Object Repository/Portal/Portal_Loc_TextBox_PartTimeEmployees'

2024-04-10 08:34:34 - [TEST_STEP][PASSED] - click(findTestObject("Object Repository/Portal/Portal_Loc_Button_Save")): Object: 'Object Repository/Portal/Portal_Loc_Button_Save' is clicked on

2024-04-10 08:34:35 - [MESSAGE][PASSED] - Object: 'Object Repository/Portal/Portal_Loc_Button_Save' is clicked on

2024-04-10 08:34:35 - [TEST_STEP][PASSED] - takeFullPageScreenshot(): Taking screenshot successfully

2024-04-10 08:34:36 - [MESSAGE][INFO] - 0 hidden object(s)

2024-04-10 08:34:36 - [MESSAGE][PASSED] - Taking screenshot successfully
[[ATTACHMENT|C:\\Users\\LellKir\\git\\HMIC-Portal\\HMIC-Portal\\HMIC-Portal\\HMIC-Portal\\HMIC-Portal\\HMIC-Portal\\Reports\\20240410_070624\\AgencyPortal_SmokeTest_WC\\20240410_082946\\1712752475619.png]]

2024-04-10 08:34:36 - [TEST_STEP][PASSED] - click(findTestObject("Object Repository/Portal/Portal_Common_Button_NextStateCov")): Object: 'Object Repository/Portal/Portal_Common_Button_NextStateCov' is clicked on

2024-04-10 08:34:36 - [MESSAGE][PASSED] - Object: 'Object Repository/Portal/Portal_Common_Button_NextStateCov' is clicked on

2024-04-10 08:34:36 - [TEST_STEP][PASSED] - waitForElementHasAttribute(findTestObject("Object Repository/Portal/Portal_Cov_Header_Coverages"), "Step 4: Coverages", 10): Object 'Object Repository/Portal/Portal_Cov_Header_Coverages' does not have attribute 'Step 4: Coverages'

2024-04-10 08:34:50 - [MESSAGE][WARNING] - Object 'Object Repository/Portal/Portal_Cov_Header_Coverages' does not have attribute 'Step 4: Coverages'

2024-04-10 08:34:50 - [TEST_STEP][PASSED] - verifyElementText(findTestObject("Object Repository/Portal/Portal_Cov_Header_Coverages"), "Step 4: Coverages"): Actual text and expected text of test object 'Object Repository/Portal/Portal_Cov_Header_Coverages' are matched.

2024-04-10 08:34:50 - [MESSAGE][PASSED] - Actual text and expected text of test object 'Object Repository/Portal/Portal_Cov_Header_Coverages' are matched.

2024-04-10 08:34:50 - [TEST_STEP][PASSED] - click(findTestObject("Portal/Portal_StateCov_Chkbox_ExpRating")): Object: 'Object Repository/Portal/Portal_StateCov_Chkbox_ExpRating' is clicked on

2024-04-10 08:34:51 - [MESSAGE][PASSED] - Object: 'Object Repository/Portal/Portal_StateCov_Chkbox_ExpRating' is clicked on

2024-04-10 08:34:51 - [TEST_STEP][PASSED] - setText(findTestObject("Portal/Portal_StateCov_input_ExpRating"), "3.22"): Text '3.22' is set on object 'Object Repository/Portal/Portal_StateCov_input_ExpRating'

2024-04-10 08:34:53 - [MESSAGE][PASSED] - Text '3.22' is set on object 'Object Repository/Portal/Portal_StateCov_input_ExpRating'

2024-04-10 08:34:53 - [TEST_STEP][PASSED] - click(findTestObject("Object Repository/Portal/Portal_StateCov_Button_NextLineCov")): Object: 'Object Repository/Portal/Portal_StateCov_Button_NextLineCov' is clicked on

2024-04-10 08:34:53 - [MESSAGE][PASSED] - Object: 'Object Repository/Portal/Portal_StateCov_Button_NextLineCov' is clicked on

2024-04-10 08:34:53 - [TEST_STEP][PASSED] - click(findTestObject("Object Repository/Portal/Portal_LineCov_button_NextSupplementalQues")): Object: 'Object Repository/Portal/Portal_LineCov_button_NextSupplementalQues' is clicked on

2024-04-10 08:34:56 - [MESSAGE][PASSED] - Object: 'Object Repository/Portal/Portal_LineCov_button_NextSupplementalQues' is clicked on

2024-04-10 08:34:56 - [TEST_STEP][PASSED] - click(findTestObject("Object Repository/Portal/Portal_Supplemental_CheckBox_IhaveReviewed")): Object: 'Object Repository/Portal/Portal_Supplemental_CheckBox_IhaveReviewed' is clicked on

2024-04-10 08:34:58 - [MESSAGE][PASSED] - Object: 'Object Repository/Portal/Portal_Supplemental_CheckBox_IhaveReviewed' is clicked on

2024-04-10 08:34:58 - [TEST_STEP][PASSED] - takeFullPageScreenshot(): Taking screenshot successfully

2024-04-10 08:34:59 - [MESSAGE][INFO] - 0 hidden object(s)

2024-04-10 08:34:59 - [MESSAGE][PASSED] - Taking screenshot successfully
[[ATTACHMENT|C:\\Users\\LellKir\\git\\HMIC-Portal\\HMIC-Portal\\HMIC-Portal\\HMIC-Portal\\HMIC-Portal\\HMIC-Portal\\Reports\\20240410_070624\\AgencyPortal_SmokeTest_WC\\20240410_082946\\1712752498144.png]]

2024-04-10 08:34:59 - [TEST_STEP][PASSED] - click(findTestObject("Object Repository/Portal/Portal_Common_Button_NextQuote")): Object: 'Object Repository/Portal/Portal_Common_Button_NextQuote' is clicked on

2024-04-10 08:35:00 - [MESSAGE][PASSED] - Object: 'Object Repository/Portal/Portal_Common_Button_NextQuote' is clicked on

2024-04-10 08:35:00 - [TEST_STEP][PASSED] - waitForElementHasAttribute(findTestObject("Object Repository/Portal/Portal_Quote_Header_Quote"), "Step 6: Quote", 10): Object 'Object Repository/Portal/Portal_Quote_Header_Quote' does not have attribute 'Step 6: Quote'

2024-04-10 08:35:30 - [MESSAGE][WARNING] - Object 'Object Repository/Portal/Portal_Quote_Header_Quote' does not have attribute 'Step 6: Quote'

2024-04-10 08:35:30 - [TEST_STEP][PASSED] - verifyElementText(findTestObject("Object Repository/Portal/Portal_Quote_Header_Quote"), "Step 6: Quote"): Actual text and expected text of test object 'Object Repository/Portal/Portal_Quote_Header_Quote' are matched.

2024-04-10 08:35:31 - [MESSAGE][PASSED] - Actual text and expected text of test object 'Object Repository/Portal/Portal_Quote_Header_Quote' are matched.

2024-04-10 08:35:31 - [TEST_STEP][PASSED] - verifyElementPresent(findTestObject("Object Repository/Portal/Portal_Quote_Label_SubmissionNum"), 30): Object 'Object Repository/Portal/Portal_Quote_Label_SubmissionNum' is present

2024-04-10 08:35:31 - [MESSAGE][PASSED] - Object 'Object Repository/Portal/Portal_Quote_Label_SubmissionNum' is present

2024-04-10 08:35:31 - [TEST_STEP][PASSED] - SubmissionNumber = getText(findTestObject("Object Repository/Portal/Portal_Quote_Label_SubmissionNum")): Text of object 'Object Repository/Portal/Portal_Quote_Label_SubmissionNum' is: 'Quote No. 0064892555'

2024-04-10 08:35:31 - [MESSAGE][PASSED] - Text of object 'Object Repository/Portal/Portal_Quote_Label_SubmissionNum' is: 'Quote No. 0064892555'

2024-04-10 08:35:31 - [TEST_STEP][PASSED] - takeFullPageScreenshot(): Taking screenshot successfully

2024-04-10 08:35:32 - [MESSAGE][INFO] - 0 hidden object(s)

2024-04-10 08:35:32 - [MESSAGE][PASSED] - Taking screenshot successfully
[[ATTACHMENT|C:\\Users\\LellKir\\git\\HMIC-Portal\\HMIC-Portal\\HMIC-Portal\\HMIC-Portal\\HMIC-Portal\\HMIC-Portal\\Reports\\20240410_070624\\AgencyPortal_SmokeTest_WC\\20240410_082946\\1712752531769.png]]

2024-04-10 08:35:32 - [TEST_STEP][PASSED] - click(findTestObject("Portal/Portal_Quote_Button_NextAdditionalInfo")): Object: 'Object Repository/Portal/Portal_Quote_Button_NextAdditionalInfo' is clicked on

2024-04-10 08:35:33 - [MESSAGE][PASSED] - Object: 'Object Repository/Portal/Portal_Quote_Button_NextAdditionalInfo' is clicked on

2024-04-10 08:35:33 - [TEST_STEP][PASSED] - waitForElementHasAttribute(findTestObject("Portal/Portal_Common_Label_Header"), "Step 7: Additional Info", 10): Object 'Object Repository/Portal/Portal_Common_Label_Header' does not have attribute 'Step 7: Additional Info'

2024-04-10 08:35:46 - [MESSAGE][WARNING] - Object 'Object Repository/Portal/Portal_Common_Label_Header' does not have attribute 'Step 7: Additional Info'

2024-04-10 08:35:46 - [TEST_STEP][PASSED] - verifyElementText(findTestObject("Portal/Portal_Common_Label_Header"), "Step 7: Additional Info"): Actual text and expected text of test object 'Object Repository/Portal/Portal_Common_Label_Header' are matched.

2024-04-10 08:35:46 - [MESSAGE][PASSED] - Actual text and expected text of test object 'Object Repository/Portal/Portal_Common_Label_Header' are matched.

2024-04-10 08:35:46 - [TEST_STEP][PASSED] - setText(findTestObject("Portal/Portal_AddInfo_TextArea_DescriptionOfOp"), "Individual"): Text 'Individual' is set on object 'Object Repository/Portal/Portal_AddInfo_TextArea_DescriptionOfOp'

2024-04-10 08:35:47 - [MESSAGE][PASSED] - Text 'Individual' is set on object 'Object Repository/Portal/Portal_AddInfo_TextArea_DescriptionOfOp'

2024-04-10 08:35:47 - [TEST_STEP][PASSED] - setText(findTestObject("Portal/Portal_AccAndInsCont_TextBox_FirstName"), "AccAndIns_FirstName"): Text 'AccAndIns_FirstName' is set on object 'Object Repository/Portal/Portal_AccAndInsCont_TextBox_FirstName'

2024-04-10 08:35:48 - [MESSAGE][PASSED] - Text 'AccAndIns_FirstName' is set on object 'Object Repository/Portal/Portal_AccAndInsCont_TextBox_FirstName'

2024-04-10 08:35:48 - [TEST_STEP][PASSED] - setText(findTestObject("Portal/Portal_AccAndInsCont_TextBox_LastName"), "LastName" + RandomStringUtils.randomAlphabetic(5)): Text 'LastNameqhIOe' is set on object 'Object Repository/Portal/Portal_AccAndInsCont_TextBox_LastName'

2024-04-10 08:35:49 - [MESSAGE][PASSED] - Text 'LastNameqhIOe' is set on object 'Object Repository/Portal/Portal_AccAndInsCont_TextBox_LastName'

2024-04-10 08:35:49 - [TEST_STEP][PASSED] - sendKeys(findTestObject("Portal/Portal_AccAndIns_TextBox_PhoneNum"), Keys.chord("8567123411")): Keys '8567123411' sent to object: 'Object Repository/Portal/Portal_AccAndIns_TextBox_PhoneNum'

2024-04-10 08:35:49 - [MESSAGE][PASSED] - Keys '8567123411' sent to object: 'Object Repository/Portal/Portal_AccAndIns_TextBox_PhoneNum'

2024-04-10 08:35:49 - [TEST_STEP][PASSED] - click(findTestObject("Portal/Portal_Common_Button_Save")): Object: 'Object Repository/Portal/Portal_Common_Button_Save' is clicked on

2024-04-10 08:35:50 - [MESSAGE][PASSED] - Object: 'Object Repository/Portal/Portal_Common_Button_Save' is clicked on

2024-04-10 08:35:50 - [TEST_STEP][PASSED] - setText(findTestObject("Portal/Portal_AccInfo_TextBox_FirstName"), "Test"): Text 'Test' is set on object 'Object Repository/Portal/Portal_AccInfo_TextBox_FirstName'

2024-04-10 08:35:51 - [MESSAGE][PASSED] - Text 'Test' is set on object 'Object Repository/Portal/Portal_AccInfo_TextBox_FirstName'

2024-04-10 08:35:51 - [TEST_STEP][PASSED] - setText(findTestObject("Portal/Portal_AccInfo_TextBox_LastName"), "Person"): Text 'Person' is set on object 'Object Repository/Portal/Portal_AccInfo_TextBox_LastName'

2024-04-10 08:35:51 - [MESSAGE][PASSED] - Text 'Person' is set on object 'Object Repository/Portal/Portal_AccInfo_TextBox_LastName'

2024-04-10 08:35:51 - [TEST_STEP][PASSED] - setText(findTestObject("Portal/Portal_FirstCall_TextBox_EmailAddress"), "ssomasundaram@hastingsmutual.com"): Text 'ssomasundaram@hastingsmutual.com' is set on object 'Object Repository/Portal/Portal_FirstCall_TextBox_EmailAddress'

2024-04-10 08:35:52 - [MESSAGE][PASSED] - Text 'ssomasundaram@hastingsmutual.com' is set on object 'Object Repository/Portal/Portal_FirstCall_TextBox_EmailAddress'

2024-04-10 08:35:52 - [TEST_STEP][PASSED] - setText(findTestObject("Portal/Portal_AdditionalInfo_input_IA_BureauID"), "756787655"): Text '756787655' is set on object 'Object Repository/Portal/Portal_AdditionalInfo_input_IA_BureauID'

2024-04-10 08:35:53 - [MESSAGE][PASSED] - Text '756787655' is set on object 'Object Repository/Portal/Portal_AdditionalInfo_input_IA_BureauID'

2024-04-10 08:35:53 - [TEST_STEP][PASSED] - takeFullPageScreenshot(): Taking screenshot successfully

2024-04-10 08:35:55 - [MESSAGE][INFO] - 0 hidden object(s)

2024-04-10 08:35:55 - [MESSAGE][PASSED] - Taking screenshot successfully
[[ATTACHMENT|C:\\Users\\LellKir\\git\\HMIC-Portal\\HMIC-Portal\\HMIC-Portal\\HMIC-Portal\\HMIC-Portal\\HMIC-Portal\\Reports\\20240410_070624\\AgencyPortal_SmokeTest_WC\\20240410_082946\\1712752553903.png]]

2024-04-10 08:35:55 - [TEST_STEP][PASSED] - click(findTestObject("Portal/Portal_Common_Button_NextReview")): Object: 'Object Repository/Portal/Portal_Common_Button_NextReview' is clicked on

2024-04-10 08:35:55 - [MESSAGE][PASSED] - Object: 'Object Repository/Portal/Portal_Common_Button_NextReview' is clicked on

2024-04-10 08:35:55 - [TEST_STEP][PASSED] - waitForElementHasAttribute(findTestObject("Portal/Portal_Common_Label_Header"), "Step 8: Review", 10): Object 'Object Repository/Portal/Portal_Common_Label_Header' does not have attribute 'Step 8: Review'

2024-04-10 08:36:17 - [MESSAGE][WARNING] - Object 'Object Repository/Portal/Portal_Common_Label_Header' does not have attribute 'Step 8: Review'

2024-04-10 08:36:17 - [TEST_STEP][PASSED] - verifyElementText(findTestObject("Portal/Portal_Common_Label_Header"), "Step 8: Review"): Actual text and expected text of test object 'Object Repository/Portal/Portal_Common_Label_Header' are matched.

2024-04-10 08:36:17 - [MESSAGE][PASSED] - Actual text and expected text of test object 'Object Repository/Portal/Portal_Common_Label_Header' are matched.

2024-04-10 08:36:17 - [TEST_STEP][PASSED] - comment("User should be able to quote the submission in Portal"): User should be able to quote the submission in Portal

2024-04-10 08:36:17 - [MESSAGE][INFO] - User should be able to quote the submission in Portal

2024-04-10 08:36:17 - [TEST_STEP][PASSED] - SubmissionNumber = SubmissionNumber: null

2024-04-10 08:36:17 - [TEST_STEP][PASSED] - takeFullPageScreenshot(): Taking screenshot successfully

2024-04-10 08:36:18 - [MESSAGE][INFO] - 0 hidden object(s)

2024-04-10 08:36:19 - [MESSAGE][PASSED] - Taking screenshot successfully
[[ATTACHMENT|C:\\Users\\LellKir\\git\\HMIC-Portal\\HMIC-Portal\\HMIC-Portal\\HMIC-Portal\\HMIC-Portal\\HMIC-Portal\\Reports\\20240410_070624\\AgencyPortal_SmokeTest_WC\\20240410_082946\\1712752577990.png]]

2024-04-10 08:36:19 - [TEST_STEP][PASSED] - comment("Login to PC and approve UW issues"): Login to PC and approve UW issues

2024-04-10 08:36:19 - [MESSAGE][INFO] - Login to PC and approve UW issues

2024-04-10 08:36:19 - [TEST_STEP][PASSED] - callTestCase(findTestCase("PolicyCenter_Pages/PC_CommonScreens/PC_Login"), ["PC_Username":PC_Username, "PC_Password":PC_Password], STOP_ON_FAILURE): Call Test Case 'Test Cases/PolicyCenter_Pages/PC_CommonScreens/PC_Login' successfully

2024-04-10 08:36:19 - [TEST_CASE][PASSED] - Test Cases/PolicyCenter_Pages/PC_CommonScreens/PC_Login: Test Cases/PolicyCenter_Pages/PC_CommonScreens/PC_Login

2024-04-10 08:36:19 - [TEST_STEP][PASSED] - openBrowser(""): Browser is opened with url: ''

2024-04-10 08:36:19 - [MESSAGE][WARNING] - A browser is already opened. Closing browser and opening a new one

2024-04-10 08:36:20 - [MESSAGE][INFO] - Starting 'Chrome' driver

2024-04-10 08:36:20 - [MESSAGE][INFO] - Action delay is set to 0 milliseconds

2024-04-10 08:36:22 - [MESSAGE][PASSED] - Browser is opened with url: ''

2024-04-10 08:36:22 - [TEST_STEP][PASSED] - deleteAllCookies(): Delete all cookies successfully

2024-04-10 08:36:22 - [MESSAGE][PASSED] - Delete all cookies successfully

2024-04-10 08:36:22 - [TEST_STEP][PASSED] - maximizeWindow(): Current window maximized

2024-04-10 08:36:22 - [MESSAGE][PASSED] - Current window maximized

2024-04-10 08:36:22 - [TEST_STEP][PASSED] - takeFullPageScreenshot(): Taking screenshot successfully

2024-04-10 08:36:22 - [MESSAGE][INFO] - 0 hidden object(s)

2024-04-10 08:36:22 - [MESSAGE][PASSED] - Taking screenshot successfully
[[ATTACHMENT|C:\\Users\\LellKir\\git\\HMIC-Portal\\HMIC-Portal\\HMIC-Portal\\HMIC-Portal\\HMIC-Portal\\HMIC-Portal\\Reports\\20240410_070624\\AgencyPortal_SmokeTest_WC\\20240410_082946\\1712752582511.png]]

2024-04-10 08:36:22 - [TEST_STEP][PASSED] - navigateToUrl(URL): Navigate to 'https://qaservices.hastingsmutual.com/Authentication/Login?ReturnUrl=https://policycenter.qa1.hastingsmutual.com/pc/service/ssosaml' successfully

2024-04-10 08:36:23 - [MESSAGE][PASSED] - Navigate to 'https://qaservices.hastingsmutual.com/Authentication/Login?ReturnUrl=https://policycenter.qa1.hastingsmutual.com/pc/service/ssosaml' successfully

2024-04-10 08:36:23 - [TEST_STEP][PASSED] - takeFullPageScreenshot(): Taking screenshot successfully

2024-04-10 08:36:24 - [MESSAGE][INFO] - 0 hidden object(s)

2024-04-10 08:36:24 - [MESSAGE][PASSED] - Taking screenshot successfully
[[ATTACHMENT|C:\\Users\\LellKir\\git\\HMIC-Portal\\HMIC-Portal\\HMIC-Portal\\HMIC-Portal\\HMIC-Portal\\HMIC-Portal\\Reports\\20240410_070624\\AgencyPortal_SmokeTest_WC\\20240410_082946\\1712752583803.png]]

2024-04-10 08:36:24 - [TEST_STEP][PASSED] - click(findTestObject("Object Repository/PolicyCenter_Login/div_PC_Login_Link_ClickHereToLogin"), OPTIONAL): Unable to click on object 'Object Repository/PolicyCenter_Login/div_PC_Login_Link_ClickHereToLogin' (Root cause: com.kms.katalon.core.exception.StepFailedException: Unable to click on object 'Object Repository/PolicyCenter_Login/div_PC_Login_Link_ClickHereToLogin'
	at com.kms.katalon.core.webui.keyword.internal.WebUIKeywordMain.stepFailed(WebUIKeywordMain.groovy:64)
	at com.kms.katalon.core.webui.keyword.internal.WebUIKeywordMain.runKeyword(WebUIKeywordMain.groovy:26)
	at com.kms.katalon.core.webui.keyword.builtin.ClickKeyword.click(ClickKeyword.groovy:74)
	at com.kms.katalon.core.webui.keyword.builtin.ClickKeyword.execute(ClickKeyword.groovy:40)
	at com.kms.katalon.core.keyword.internal.KeywordExecutor.executeKeywordForPlatform(KeywordExecutor.groovy:74)
	at com.kms.katalon.core.webui.keyword.WebUiBuiltInKeywords.click(WebUiBuiltInKeywords.groovy:608)
	at com.kms.katalon.core.webui.keyword.WebUiBuiltInKeywords$click$5.call(Unknown Source)
	at PC_Login.run(PC_Login:32)
	at com.kms.katalon.core.main.ScriptEngine.run(ScriptEngine.java:194)
	at com.kms.katalon.core.main.ScriptEngine.runScriptAsRawText(ScriptEngine.java:119)
	at com.kms.katalon.core.main.TestCaseExecutor.runScript(TestCaseExecutor.java:448)
	at com.kms.katalon.core.main.TestCaseExecutor.doExecute(TestCaseExecutor.java:439)
	at com.kms.katalon.core.main.TestCaseExecutor.processExecutionPhase(TestCaseExecutor.java:418)
	at com.kms.katalon.core.main.TestCaseExecutor.accessMainPhase(TestCaseExecutor.java:410)
	at com.kms.katalon.core.main.TestCaseExecutor.execute(TestCaseExecutor.java:285)
	at com.kms.katalon.core.main.TestCaseMain.runTestCase(TestCaseMain.java:144)
	at com.kms.katalon.core.keyword.builtin.CallTestCaseKeyword$_callTestCase_closure1.doCall(CallTestCaseKeyword.groovy:59)
	at com.kms.katalon.core.keyword.builtin.CallTestCaseKeyword$_callTestCase_closure1.call(CallTestCaseKeyword.groovy)
	at com.kms.katalon.core.keyword.internal.KeywordMain.runKeyword(KeywordMain.groovy:75)
	at com.kms.katalon.core.keyword.builtin.CallTestCaseKeyword.callTestCase(CallTestCaseKeyword.groovy:81)
	at com.kms.katalon.core.keyword.builtin.CallTestCaseKeyword.execute(CallTestCaseKeyword.groovy:44)
	at com.kms.katalon.core.keyword.internal.KeywordExecutor.executeKeywordForPlatform(KeywordExecutor.groovy:74)
	at com.kms.katalon.core.keyword.BuiltinKeywords.callTestCase(BuiltinKeywords.groovy:310)
	at Portal_SmokeTest_IAState.run(Portal_SmokeTest_IAState:206)
	at com.kms.katalon.core.main.ScriptEngine.run(ScriptEngine.java:194)
	at com.kms.katalon.core.main.ScriptEngine.runScriptAsRawText(ScriptEngine.java:119)
	at com.kms.katalon.core.main.TestCaseExecutor.runScript(TestCaseExecutor.java:448)
	at com.kms.katalon.core.main.TestCaseExecutor.doExecute(TestCaseExecutor.java:439)
	at com.kms.katalon.core.main.TestCaseExecutor.processExecutionPhase(TestCaseExecutor.java:418)
	at com.kms.katalon.core.main.TestCaseExecutor.accessMainPhase(TestCaseExecutor.java:410)
	at com.kms.katalon.core.main.TestCaseExecutor.execute(TestCaseExecutor.java:285)
	at com.kms.katalon.core.common.CommonExecutor.accessTestCaseMainPhase(CommonExecutor.java:65)
	at com.kms.katalon.core.main.TestSuiteExecutor.accessTestSuiteMainPhase(TestSuiteExecutor.java:148)
	at com.kms.katalon.core.main.TestSuiteExecutor.execute(TestSuiteExecutor.java:106)
	at com.kms.katalon.core.main.TestCaseMain.startTestSuite(TestCaseMain.java:187)
	at com.kms.katalon.core.main.TestCaseMain$startTestSuite$0.call(Unknown Source)
	at TempTestSuite1712752186057.run(TempTestSuite1712752186057.groovy:36)
Caused by: com.kms.katalon.core.webui.exception.WebElementNotFoundException: Web element with id: 'Object Repository/PolicyCenter_Login/div_PC_Login_Link_ClickHereToLogin' located by '//div[contains(@id,'LoginDetailsInputSet-LoginLink')]' not found
	at com.kms.katalon.core.webui.common.WebUiCommonHelper.findWebElement(WebUiCommonHelper.java:1381)
	at com.kms.katalon.core.webui.keyword.internal.WebUIAbstractKeyword.findWebElement(WebUIAbstractKeyword.groovy:27)
	at com.kms.katalon.core.webui.keyword.builtin.ClickKeyword$_click_closure1.doCall(ClickKeyword.groovy:65)
	at com.kms.katalon.core.webui.keyword.builtin.ClickKeyword$_click_closure1.call(ClickKeyword.groovy)
	at com.kms.katalon.core.webui.keyword.internal.WebUIKeywordMain.runKeyword(WebUIKeywordMain.groovy:20)
	at com.kms.katalon.core.webui.keyword.builtin.ClickKeyword.click(ClickKeyword.groovy:74)
	at com.kms.katalon.core.webui.keyword.builtin.ClickKeyword.execute(ClickKeyword.groovy:40)
	at com.kms.katalon.core.keyword.internal.KeywordExecutor.executeKeywordForPlatform(KeywordExecutor.groovy:74)
	at com.kms.katalon.core.webui.keyword.WebUiBuiltInKeywords.click(WebUiBuiltInKeywords.groovy:608)
	at com.kms.katalon.core.webui.keyword.WebUiBuiltInKeywords$click$5.call(Unknown Source)
	at Script1683558651933.run(Script1683558651933.groovy:32)
	at com.kms.katalon.core.main.ScriptEngine.run(ScriptEngine.java:194)
	at com.kms.katalon.core.main.ScriptEngine.runScriptAsRawText(ScriptEngine.java:119)
	at com.kms.katalon.core.main.TestCaseExecutor.runScript(TestCaseExecutor.java:448)
	at com.kms.katalon.core.main.TestCaseExecutor.doExecute(TestCaseExecutor.java:439)
	at com.kms.katalon.core.main.TestCaseExecutor.processExecutionPhase(TestCaseExecutor.java:418)
	at com.kms.katalon.core.main.TestCaseExecutor.accessMainPhase(TestCaseExecutor.java:410)
	at com.kms.katalon.core.main.TestCaseExecutor.execute(TestCaseExecutor.java:285)
	at com.kms.katalon.core.main.TestCaseMain.runTestCase(TestCaseMain.java:144)
	at com.kms.katalon.core.keyword.builtin.CallTestCaseKeyword$_callTestCase_closure1.doCall(CallTestCaseKeyword.groovy:59)
	at com.kms.katalon.core.keyword.builtin.CallTestCaseKeyword$_callTestCase_closure1.call(CallTestCaseKeyword.groovy)
	at com.kms.katalon.core.keyword.internal.KeywordMain.runKeyword(KeywordMain.groovy:75)
	at com.kms.katalon.core.keyword.builtin.CallTestCaseKeyword.callTestCase(CallTestCaseKeyword.groovy:81)
	at com.kms.katalon.core.keyword.builtin.CallTestCaseKeyword.execute(CallTestCaseKeyword.groovy:44)
	at com.kms.katalon.core.keyword.internal.KeywordExecutor.executeKeywordForPlatform(KeywordExecutor.groovy:74)
	at com.kms.katalon.core.keyword.BuiltinKeywords.callTestCase(BuiltinKeywords.groovy:310)
	at Script1689773001064.run(Script1689773001064.groovy:206)
	... 13 more
)

2024-04-10 08:36:55 - [MESSAGE][INFO] - Unable to find the element located by 'By.xpath: //div[contains(@id,'LoginDetailsInputSet-LoginLink')]'. Please recheck the objects properties to make sure the desired element is located. 

2024-04-10 08:36:55 - [MESSAGE][WARNING] - [SELF-HEALING] Failed to find element with id 'Object Repository/PolicyCenter_Login/div_PC_Login_Link_ClickHereToLogin'. Try using Self-healing.

2024-04-10 08:36:56 - [MESSAGE][INFO] - [SELF-HEALING] No working XPath is found.

2024-04-10 08:36:57 - [MESSAGE][INFO] - Unable to find the element located by 'By.xpath: '. Please recheck the objects properties to make sure the desired element is located. 

2024-04-10 08:36:57 - [MESSAGE][WARNING] - [SELF-HEALING] Cannot find elements when the selector is null

2024-04-10 08:36:58 - [MESSAGE][WARNING] - Unable to click on object 'Object Repository/PolicyCenter_Login/div_PC_Login_Link_ClickHereToLogin' (Root cause: com.kms.katalon.core.exception.StepFailedException: Unable to click on object 'Object Repository/PolicyCenter_Login/div_PC_Login_Link_ClickHereToLogin'
	at com.kms.katalon.core.webui.keyword.internal.WebUIKeywordMain.stepFailed(WebUIKeywordMain.groovy:64)
	at com.kms.katalon.core.webui.keyword.internal.WebUIKeywordMain.runKeyword(WebUIKeywordMain.groovy:26)
	at com.kms.katalon.core.webui.keyword.builtin.ClickKeyword.click(ClickKeyword.groovy:74)
	at com.kms.katalon.core.webui.keyword.builtin.ClickKeyword.execute(ClickKeyword.groovy:40)
	at com.kms.katalon.core.keyword.internal.KeywordExecutor.executeKeywordForPlatform(KeywordExecutor.groovy:74)
	at com.kms.katalon.core.webui.keyword.WebUiBuiltInKeywords.click(WebUiBuiltInKeywords.groovy:608)
	at com.kms.katalon.core.webui.keyword.WebUiBuiltInKeywords$click$5.call(Unknown Source)
	at PC_Login.run(PC_Login:32)
	at com.kms.katalon.core.main.ScriptEngine.run(ScriptEngine.java:194)
	at com.kms.katalon.core.main.ScriptEngine.runScriptAsRawText(ScriptEngine.java:119)
	at com.kms.katalon.core.main.TestCaseExecutor.runScript(TestCaseExecutor.java:448)
	at com.kms.katalon.core.main.TestCaseExecutor.doExecute(TestCaseExecutor.java:439)
	at com.kms.katalon.core.main.TestCaseExecutor.processExecutionPhase(TestCaseExecutor.java:418)
	at com.kms.katalon.core.main.TestCaseExecutor.accessMainPhase(TestCaseExecutor.java:410)
	at com.kms.katalon.core.main.TestCaseExecutor.execute(TestCaseExecutor.java:285)
	at com.kms.katalon.core.main.TestCaseMain.runTestCase(TestCaseMain.java:144)
	at com.kms.katalon.core.keyword.builtin.CallTestCaseKeyword$_callTestCase_closure1.doCall(CallTestCaseKeyword.groovy:59)
	at com.kms.katalon.core.keyword.builtin.CallTestCaseKeyword$_callTestCase_closure1.call(CallTestCaseKeyword.groovy)
	at com.kms.katalon.core.keyword.internal.KeywordMain.runKeyword(KeywordMain.groovy:75)
	at com.kms.katalon.core.keyword.builtin.CallTestCaseKeyword.callTestCase(CallTestCaseKeyword.groovy:81)
	at com.kms.katalon.core.keyword.builtin.CallTestCaseKeyword.execute(CallTestCaseKeyword.groovy:44)
	at com.kms.katalon.core.keyword.internal.KeywordExecutor.executeKeywordForPlatform(KeywordExecutor.groovy:74)
	at com.kms.katalon.core.keyword.BuiltinKeywords.callTestCase(BuiltinKeywords.groovy:310)
	at Portal_SmokeTest_IAState.run(Portal_SmokeTest_IAState:206)
	at com.kms.katalon.core.main.ScriptEngine.run(ScriptEngine.java:194)
	at com.kms.katalon.core.main.ScriptEngine.runScriptAsRawText(ScriptEngine.java:119)
	at com.kms.katalon.core.main.TestCaseExecutor.runScript(TestCaseExecutor.java:448)
	at com.kms.katalon.core.main.TestCaseExecutor.doExecute(TestCaseExecutor.java:439)
	at com.kms.katalon.core.main.TestCaseExecutor.processExecutionPhase(TestCaseExecutor.java:418)
	at com.kms.katalon.core.main.TestCaseExecutor.accessMainPhase(TestCaseExecutor.java:410)
	at com.kms.katalon.core.main.TestCaseExecutor.execute(TestCaseExecutor.java:285)
	at com.kms.katalon.core.common.CommonExecutor.accessTestCaseMainPhase(CommonExecutor.java:65)
	at com.kms.katalon.core.main.TestSuiteExecutor.accessTestSuiteMainPhase(TestSuiteExecutor.java:148)
	at com.kms.katalon.core.main.TestSuiteExecutor.execute(TestSuiteExecutor.java:106)
	at com.kms.katalon.core.main.TestCaseMain.startTestSuite(TestCaseMain.java:187)
	at com.kms.katalon.core.main.TestCaseMain$startTestSuite$0.call(Unknown Source)
	at TempTestSuite1712752186057.run(TempTestSuite1712752186057.groovy:36)
Caused by: com.kms.katalon.core.webui.exception.WebElementNotFoundException: Web element with id: 'Object Repository/PolicyCenter_Login/div_PC_Login_Link_ClickHereToLogin' located by '//div[contains(@id,'LoginDetailsInputSet-LoginLink')]' not found
	at com.kms.katalon.core.webui.common.WebUiCommonHelper.findWebElement(WebUiCommonHelper.java:1381)
	at com.kms.katalon.core.webui.keyword.internal.WebUIAbstractKeyword.findWebElement(WebUIAbstractKeyword.groovy:27)
	at com.kms.katalon.core.webui.keyword.builtin.ClickKeyword$_click_closure1.doCall(ClickKeyword.groovy:65)
	at com.kms.katalon.core.webui.keyword.builtin.ClickKeyword$_click_closure1.call(ClickKeyword.groovy)
	at com.kms.katalon.core.webui.keyword.internal.WebUIKeywordMain.runKeyword(WebUIKeywordMain.groovy:20)
	at com.kms.katalon.core.webui.keyword.builtin.ClickKeyword.click(ClickKeyword.groovy:74)
	at com.kms.katalon.core.webui.keyword.builtin.ClickKeyword.execute(ClickKeyword.groovy:40)
	at com.kms.katalon.core.keyword.internal.KeywordExecutor.executeKeywordForPlatform(KeywordExecutor.groovy:74)
	at com.kms.katalon.core.webui.keyword.WebUiBuiltInKeywords.click(WebUiBuiltInKeywords.groovy:608)
	at com.kms.katalon.core.webui.keyword.WebUiBuiltInKeywords$click$5.call(Unknown Source)
	at Script1683558651933.run(Script1683558651933.groovy:32)
	at com.kms.katalon.core.main.ScriptEngine.run(ScriptEngine.java:194)
	at com.kms.katalon.core.main.ScriptEngine.runScriptAsRawText(ScriptEngine.java:119)
	at com.kms.katalon.core.main.TestCaseExecutor.runScript(TestCaseExecutor.java:448)
	at com.kms.katalon.core.main.TestCaseExecutor.doExecute(TestCaseExecutor.java:439)
	at com.kms.katalon.core.main.TestCaseExecutor.processExecutionPhase(TestCaseExecutor.java:418)
	at com.kms.katalon.core.main.TestCaseExecutor.accessMainPhase(TestCaseExecutor.java:410)
	at com.kms.katalon.core.main.TestCaseExecutor.execute(TestCaseExecutor.java:285)
	at com.kms.katalon.core.main.TestCaseMain.runTestCase(TestCaseMain.java:144)
	at com.kms.katalon.core.keyword.builtin.CallTestCaseKeyword$_callTestCase_closure1.doCall(CallTestCaseKeyword.groovy:59)
	at com.kms.katalon.core.keyword.builtin.CallTestCaseKeyword$_callTestCase_closure1.call(CallTestCaseKeyword.groovy)
	at com.kms.katalon.core.keyword.internal.KeywordMain.runKeyword(KeywordMain.groovy:75)
	at com.kms.katalon.core.keyword.builtin.CallTestCaseKeyword.callTestCase(CallTestCaseKeyword.groovy:81)
	at com.kms.katalon.core.keyword.builtin.CallTestCaseKeyword.execute(CallTestCaseKeyword.groovy:44)
	at com.kms.katalon.core.keyword.internal.KeywordExecutor.executeKeywordForPlatform(KeywordExecutor.groovy:74)
	at com.kms.katalon.core.keyword.BuiltinKeywords.callTestCase(BuiltinKeywords.groovy:310)
	at Script1689773001064.run(Script1689773001064.groovy:206)
	... 13 more
)
[[ATTACHMENT|C:\\Users\\LellKir\\git\\HMIC-Portal\\HMIC-Portal\\HMIC-Portal\\HMIC-Portal\\HMIC-Portal\\HMIC-Portal\\Reports\\20240410_070624\\AgencyPortal_SmokeTest_WC\\20240410_082946\\1712752617857.png]]

2024-04-10 08:36:58 - [TEST_STEP][PASSED] - setText(findTestObject("Object Repository/PolicyCenter_Login/input_PC_Login_TextBox_UserName"), PC_Username): Text 'testuwsup3' is set on object 'Object Repository/PolicyCenter_Login/input_PC_Login_TextBox_UserName'

2024-04-10 08:36:58 - [MESSAGE][PASSED] - Text 'testuwsup3' is set on object 'Object Repository/PolicyCenter_Login/input_PC_Login_TextBox_UserName'

2024-04-10 08:36:58 - [TEST_STEP][PASSED] - setText(findTestObject("Object Repository/PolicyCenter_Login/input_PC_Login_TextBox_Password"), PC_Password): Text 'Guide123Wire' is set on object 'Object Repository/PolicyCenter_Login/input_PC_Login_TextBox_Password'

2024-04-10 08:36:59 - [MESSAGE][PASSED] - Text 'Guide123Wire' is set on object 'Object Repository/PolicyCenter_Login/input_PC_Login_TextBox_Password'

2024-04-10 08:36:59 - [TEST_STEP][PASSED] - takeFullPageScreenshot(): Taking screenshot successfully

2024-04-10 08:37:00 - [MESSAGE][INFO] - 0 hidden object(s)

2024-04-10 08:37:00 - [MESSAGE][PASSED] - Taking screenshot successfully
[[ATTACHMENT|C:\\Users\\LellKir\\git\\HMIC-Portal\\HMIC-Portal\\HMIC-Portal\\HMIC-Portal\\HMIC-Portal\\HMIC-Portal\\Reports\\20240410_070624\\AgencyPortal_SmokeTest_WC\\20240410_082946\\1712752619543.png]]

2024-04-10 08:37:00 - [TEST_STEP][PASSED] - waitForElementVisible(findTestObject("PolicyCenter_Login/input_PC_Login_Button_Login"), 20): Object 'Object Repository/PolicyCenter_Login/input_PC_Login_Button_Login' is visible

2024-04-10 08:37:00 - [MESSAGE][PASSED] - Object 'Object Repository/PolicyCenter_Login/input_PC_Login_Button_Login' is visible

2024-04-10 08:37:00 - [TEST_STEP][PASSED] - click(findTestObject("Object Repository/PolicyCenter_Login/input_PC_Login_Button_Login")): Object: 'Object Repository/PolicyCenter_Login/input_PC_Login_Button_Login' is clicked on

2024-04-10 08:37:00 - [MESSAGE][PASSED] - Object: 'Object Repository/PolicyCenter_Login/input_PC_Login_Button_Login' is clicked on

2024-04-10 08:37:00 - [TEST_STEP][PASSED] - takeFullPageScreenshot(): Taking screenshot successfully

2024-04-10 08:37:01 - [MESSAGE][INFO] - 0 hidden object(s)

2024-04-10 08:37:01 - [MESSAGE][PASSED] - Taking screenshot successfully
[[ATTACHMENT|C:\\Users\\LellKir\\git\\HMIC-Portal\\HMIC-Portal\\HMIC-Portal\\HMIC-Portal\\HMIC-Portal\\HMIC-Portal\\Reports\\20240410_070624\\AgencyPortal_SmokeTest_WC\\20240410_082946\\1712752620965.png]]

2024-04-10 08:37:01 - [TEST_STEP][PASSED] - waitForElementVisible(findTestObject("PolicyCenter/PolicyCenterObjects/PC_Common_Label_Title"), 30): Object 'Object Repository/PolicyCenter/PolicyCenterObjects/PC_Common_Label_Title' is visible

2024-04-10 08:37:05 - [MESSAGE][PASSED] - Object 'Object Repository/PolicyCenter/PolicyCenterObjects/PC_Common_Label_Title' is visible

2024-04-10 08:37:05 - [TEST_STEP][PASSED] - verifyElementVisible(findTestObject("PolicyCenter/PolicyCenterObjects/PC_Common_Label_Title")): Object 'Object Repository/PolicyCenter/PolicyCenterObjects/PC_Common_Label_Title' is visible

2024-04-10 08:37:06 - [MESSAGE][PASSED] - Object 'Object Repository/PolicyCenter/PolicyCenterObjects/PC_Common_Label_Title' is visible

2024-04-10 08:37:06 - [TEST_STEP][PASSED] - takeFullPageScreenshot(): Taking screenshot successfully

2024-04-10 08:37:06 - [MESSAGE][INFO] - 0 hidden object(s)

2024-04-10 08:37:07 - [MESSAGE][PASSED] - Taking screenshot successfully
[[ATTACHMENT|C:\\Users\\LellKir\\git\\HMIC-Portal\\HMIC-Portal\\HMIC-Portal\\HMIC-Portal\\HMIC-Portal\\HMIC-Portal\\Reports\\20240410_070624\\AgencyPortal_SmokeTest_WC\\20240410_082946\\1712752626381.png]]

2024-04-10 08:37:07 - [MESSAGE][PASSED] - Call Test Case 'Test Cases/PolicyCenter_Pages/PC_CommonScreens/PC_Login' successfully

2024-04-10 08:37:07 - [TEST_STEP][PASSED] - SubmissionNumber = SubmissionNumber.replace("Quote No. ", ""): null

2024-04-10 08:37:07 - [TEST_STEP][PASSED] - callTestCase(findTestCase("PolicyCenter_Pages/PC_CommonScreens/PC_SearchSubmission"), ["SubmissionNumber":SubmissionNumber], STOP_ON_FAILURE): Call Test Case 'Test Cases/PolicyCenter_Pages/PC_CommonScreens/PC_SearchSubmission' successfully

2024-04-10 08:37:07 - [TEST_CASE][PASSED] - Test Cases/PolicyCenter_Pages/PC_CommonScreens/PC_SearchSubmission: Test Cases/PolicyCenter_Pages/PC_CommonScreens/PC_SearchSubmission

2024-04-10 08:37:07 - [TEST_STEP][PASSED] - click(findTestObject("PolicyCenter/PolicyCenterObjects/PC_Common_PolicyTab_Button_Arrow")): Object: 'Object Repository/PolicyCenter/PolicyCenterObjects/PC_Common_PolicyTab_Button_Arrow' is clicked on

2024-04-10 08:37:07 - [MESSAGE][PASSED] - Object: 'Object Repository/PolicyCenter/PolicyCenterObjects/PC_Common_PolicyTab_Button_Arrow' is clicked on

2024-04-10 08:37:07 - [TEST_STEP][PASSED] - subNum = SubmissionNumber: null

2024-04-10 08:37:07 - [TEST_STEP][PASSED] - if (subNum.contains("Submission")): null

2024-04-10 08:37:07 - [TEST_STEP][PASSED] - setText(findTestObject("PolicyCenter/PolicyCenterObjects/PC_Common_PolicyTab_TextBox_SubNum"), subNum): Text '0064892555' is set on object 'Object Repository/PolicyCenter/PolicyCenterObjects/PC_Common_PolicyTab_TextBox_SubNum'

2024-04-10 08:37:08 - [MESSAGE][PASSED] - Text '0064892555' is set on object 'Object Repository/PolicyCenter/PolicyCenterObjects/PC_Common_PolicyTab_TextBox_SubNum'

[...]
	at com.kms.katalon.core.main.ScriptEngine.run(ScriptEngine.java:194)
	at com.kms.katalon.core.main.ScriptEngine.runScriptAsRawText(ScriptEngine.java:119)
	at com.kms.katalon.core.main.TestCaseExecutor.runScript(TestCaseExecutor.java:448)
	at com.kms.katalon.core.main.TestCaseExecutor.doExecute(TestCaseExecutor.java:439)
	at com.kms.katalon.core.main.TestCaseExecutor.processExecutionPhase(TestCaseExecutor.java:418)
	at com.kms.katalon.core.main.TestCaseExecutor.accessMainPhase(TestCaseExecutor.java:410)
	at com.kms.katalon.core.main.TestCaseExecutor.execute(TestCaseExecutor.java:285)
	at com.kms.katalon.core.main.TestCaseMain.runTestCase(TestCaseMain.java:144)
	at com.kms.katalon.core.keyword.builtin.CallTestCaseKeyword$_callTestCase_closure1.doCall(CallTestCaseKeyword.groovy:59)
	at com.kms.katalon.core.keyword.builtin.CallTestCaseKeyword$_callTestCase_closure1.call(CallTestCaseKeyword.groovy)
	at com.kms.katalon.core.keyword.internal.KeywordMain.runKeyword(KeywordMain.groovy:75)
	at com.kms.katalon.core.keyword.builtin.CallTestCaseKeyword.callTestCase(CallTestCaseKeyword.groovy:81)
	at com.kms.katalon.core.keyword.builtin.CallTestCaseKeyword.execute(CallTestCaseKeyword.groovy:44)
	at com.kms.katalon.core.keyword.internal.KeywordExecutor.executeKeywordForPlatform(KeywordExecutor.groovy:74)
	at com.kms.katalon.core.keyword.BuiltinKeywords.callTestCase(BuiltinKeywords.groovy:310)
	at Portal_SmokeTest_MIState.run(Portal_SmokeTest_MIState:22)
	... 13 more
)]]></system-out>
         <system-err><![CDATA[2024-04-10 09:38:53 - [TEST_CASE][FAILED] - Test Cases/Portal_WorkersCompensation/WC_SmokeTest_AllState/Portal_SmokeTest_MIState: Test Cases/Portal_WorkersCompensation/WC_SmokeTest_AllState/Portal_SmokeTest_MIState FAILED.
Reason:
com.kms.katalon.core.exception.StepFailedException: Call Test Case 'Test Cases/Portal_Pages/Portal_CommonScreens/Portal_Login' failed
	at com.kms.katalon.core.keyword.builtin.CallTestCaseKeyword$_callTestCase_closure1.doCall(CallTestCaseKeyword.groovy:63)
	at com.kms.katalon.core.keyword.builtin.CallTestCaseKeyword$_callTestCase_closure1.call(CallTestCaseKeyword.groovy)
	at com.kms.katalon.core.keyword.internal.KeywordMain.runKeyword(KeywordMain.groovy:75)
	at com.kms.katalon.core.keyword.builtin.CallTestCaseKeyword.callTestCase(CallTestCaseKeyword.groovy:81)
	at com.kms.katalon.core.keyword.builtin.CallTestCaseKeyword.execute(CallTestCaseKeyword.groovy:44)
	at com.kms.katalon.core.keyword.internal.KeywordExecutor.executeKeywordForPlatform(KeywordExecutor.groovy:74)
	at com.kms.katalon.core.keyword.BuiltinKeywords.callTestCase(BuiltinKeywords.groovy:310)
	at Portal_SmokeTest_MIState.run(Portal_SmokeTest_MIState:22)
	at com.kms.katalon.core.main.ScriptEngine.run(ScriptEngine.java:194)
	at com.kms.katalon.core.main.ScriptEngine.runScriptAsRawText(ScriptEngine.java:119)
	at com.kms.katalon.core.main.TestCaseExecutor.runScript(TestCaseExecutor.java:448)
	at com.kms.katalon.core.main.TestCaseExecutor.doExecute(TestCaseExecutor.java:439)
	at com.kms.katalon.core.main.TestCaseExecutor.processExecutionPhase(TestCaseExecutor.java:418)
	at com.kms.katalon.core.main.TestCaseExecutor.accessMainPhase(TestCaseExecutor.java:410)
	at com.kms.katalon.core.main.TestCaseExecutor.execute(TestCaseExecutor.java:285)
	at com.kms.katalon.core.common.CommonExecutor.accessTestCaseMainPhase(CommonExecutor.java:65)
	at com.kms.katalon.core.main.TestSuiteExecutor.accessTestSuiteMainPhase(TestSuiteExecutor.java:148)
	at com.kms.katalon.core.main.TestSuiteExecutor.execute(TestSuiteExecutor.java:106)
	at com.kms.katalon.core.main.TestCaseMain.startTestSuite(TestCaseMain.java:187)
	at com.kms.katalon.core.main.TestCaseMain$startTestSuite$0.call(Unknown Source)
	at TempTestSuite1712752186057.run(TempTestSuite1712752186057.groovy:36)
Caused by: com.kms.katalon.core.exception.StepFailedException: Cannot take screenshot
	at com.kms.katalon.core.webui.keyword.internal.WebUIKeywordMain.stepFailed(WebUIKeywordMain.groovy:64)
	at com.kms.katalon.core.webui.keyword.internal.WebUIKeywordMain.runKeyword(WebUIKeywordMain.groovy:26)
	at com.kms.katalon.core.webui.keyword.builtin.TakeFullPageScreenshotKeyword.takeScreenshot(TakeFullPageScreenshotKeyword.groovy:125)
	at com.kms.katalon.core.webui.keyword.builtin.TakeFullPageScreenshotKeyword.execute(TakeFullPageScreenshotKeyword.groovy:82)
	at com.kms.katalon.core.keyword.internal.KeywordExecutor.executeKeywordForPlatform(KeywordExecutor.groovy:74)
	at com.kms.katalon.core.webui.keyword.WebUiBuiltInKeywords.takeFullPageScreenshot(WebUiBuiltInKeywords.groovy:3283)
	at com.kms.katalon.core.webui.keyword.WebUiBuiltInKeywords$takeFullPageScreenshot$2.call(Unknown Source)
	at Portal_Login.run(Portal_Login:32)
	at com.kms.katalon.core.main.ScriptEngine.run(ScriptEngine.java:194)
	at com.kms.katalon.core.main.ScriptEngine.runScriptAsRawText(ScriptEngine.java:119)
	at com.kms.katalon.core.main.TestCaseExecutor.runScript(TestCaseExecutor.java:448)
	at com.kms.katalon.core.main.TestCaseExecutor.doExecute(TestCaseExecutor.java:439)
	at com.kms.katalon.core.main.TestCaseExecutor.processExecutionPhase(TestCaseExecutor.java:418)
	at com.kms.katalon.core.main.TestCaseExecutor.accessMainPhase(TestCaseExecutor.java:410)
	at com.kms.katalon.core.main.TestCaseExecutor.execute(TestCaseExecutor.java:285)
	at com.kms.katalon.core.main.TestCaseMain.runTestCase(TestCaseMain.java:144)
	at com.kms.katalon.core.keyword.builtin.CallTestCaseKeyword$_callTestCase_closure1.doCall(CallTestCaseKeyword.groovy:59)
	... 20 more
Caused by: java.lang.RuntimeException: java.lang.reflect.InvocationTargetException
	at com.assertthat.selenium_shutterbug.utils.web.Browser.sendCommand(Browser.java:678)
	at com.assertthat.selenium_shutterbug.utils.web.Browser.takeFullPageScreenshotChromeCommand(Browser.java:549)
	at com.assertthat.selenium_shutterbug.utils.web.Browser.takeFullPageScreenshot(Browser.java:150)
	at com.assertthat.selenium_shutterbug.core.Shutterbug.shootPage(Shutterbug.java:154)
	at com.assertthat.selenium_shutterbug.core.Shutterbug.shootPage(Shutterbug.java:83)
	at com.assertthat.selenium_shutterbug.core.Shutterbug.shootPage(Shutterbug.java:69)
	at com.kms.katalon.core.webui.util.FileUtil.takeFullPageScreenshot(FileUtil.java:86)
	at com.kms.katalon.core.webui.keyword.builtin.TakeFullPageScreenshotKeyword$_takeScreenshot_closure1.doCall(TakeFullPageScreenshotKeyword.groovy:126)
	at com.kms.katalon.core.webui.keyword.builtin.TakeFullPageScreenshotKeyword$_takeScreenshot_closure1.call(TakeFullPageScreenshotKeyword.groovy)
	at com.kms.katalon.core.webui.keyword.internal.WebUIKeywordMain.runKeyword(WebUIKeywordMain.groovy:20)
	at com.kms.katalon.core.webui.keyword.builtin.TakeFullPageScreenshotKeyword.takeScreenshot(TakeFullPageScreenshotKeyword.groovy:125)
	at com.kms.katalon.core.webui.keyword.builtin.TakeFullPageScreenshotKeyword.execute(TakeFullPageScreenshotKeyword.groovy:82)
	at com.kms.katalon.core.keyword.internal.KeywordExecutor.executeKeywordForPlatform(KeywordExecutor.groovy:74)
	at com.kms.katalon.core.webui.keyword.WebUiBuiltInKeywords.takeFullPageScreenshot(WebUiBuiltInKeywords.groovy:3283)
	at com.kms.katalon.core.webui.keyword.WebUiBuiltInKeywords$takeFullPageScreenshot$2.call(Unknown Source)
	at Script1683558008637.run(Script1683558008637.groovy:32)
	at com.kms.katalon.core.main.ScriptEngine.run(ScriptEngine.java:194)
	at com.kms.katalon.core.main.ScriptEngine.runScriptAsRawText(ScriptEngine.java:119)
	at com.kms.katalon.core.main.TestCaseExecutor.runScript(TestCaseExecutor.java:448)
	at com.kms.katalon.core.main.TestCaseExecutor.doExecute(TestCaseExecutor.java:439)
	at com.kms.katalon.core.main.TestCaseExecutor.processExecutionPhase(TestCaseExecutor.java:418)
	at com.kms.katalon.core.main.TestCaseExecutor.accessMainPhase(TestCaseExecutor.java:410)
	at com.kms.katalon.core.main.TestCaseExecutor.execute(TestCaseExecutor.java:285)
	at com.kms.katalon.core.main.TestCaseMain.runTestCase(TestCaseMain.java:144)
	at com.kms.katalon.core.keyword.builtin.CallTestCaseKeyword$_callTestCase_closure1.doCall(CallTestCaseKeyword.groovy:59)
	at com.kms.katalon.core.keyword.builtin.CallTestCaseKeyword$_callTestCase_closure1.call(CallTestCaseKeyword.groovy)
	at com.kms.katalon.core.keyword.internal.KeywordMain.runKeyword(KeywordMain.groovy:75)
	at com.kms.katalon.core.keyword.builtin.CallTestCaseKeyword.callTestCase(CallTestCaseKeyword.groovy:81)
	at com.kms.katalon.core.keyword.builtin.CallTestCaseKeyword.execute(CallTestCaseKeyword.groovy:44)
	at com.kms.katalon.core.keyword.internal.KeywordExecutor.executeKeywordForPlatform(KeywordExecutor.groovy:74)
	at com.kms.katalon.core.keyword.BuiltinKeywords.callTestCase(BuiltinKeywords.groovy:310)
	at Script1689766602850.run(Script1689766602850.groovy:22)
	... 13 more
Caused by: java.lang.reflect.InvocationTargetException
	at com.assertthat.selenium_shutterbug.utils.web.Browser.sendCommand(Browser.java:675)
	... 44 more
Caused by: org.openqa.selenium.TimeoutException: timeout: Timed out receiving message from renderer: 600.000
  (Session info: chrome=115.0.5790.110)
Build info: version: '3.141.59', revision: 'e82be7d358', time: '2018-11-14T08:25:53'
System info: host: 'FA28158', ip: '10.0.0.28', os.name: 'Windows 11', os.arch: 'amd64', os.version: '10.0', java.version: '1.8.0_362'
Driver info: com.kms.katalon.selenium.driver.CChromeDriver
Capabilities {acceptInsecureCerts: false, browserName: chrome, browserVersion: 115.0.5790.110, chrome: {chromedriverVersion: 114.0.5735.90 (386bc09e8f4f..., userDataDir: C:\Users\LellKir\AppData\Lo...}, goog:chromeOptions: {debuggerAddress: localhost:51656}, javascriptEnabled: true, networkConnectionEnabled: false, pageLoadStrategy: normal, platform: WINDOWS, platformName: WINDOWS, proxy: Proxy(), setWindowRect: true, strictFileInteractability: false, timeouts: {implicit: 0, pageLoad: 300000, script: 30000}, unhandledPromptBehavior: dismiss and notify, webauthn:extension:credBlob: true, webauthn:extension:largeBlob: true, webauthn:extension:minPinLength: true, webauthn:extension:prf: true, webauthn:virtualAuthenticators: true}
Session ID: f837d344b79380dfddd502ede44c67f5
	at org.openqa.selenium.remote.http.W3CHttpResponseCodec.createException(W3CHttpResponseCodec.java:187)
	at org.openqa.selenium.remote.http.W3CHttpResponseCodec.decode(W3CHttpResponseCodec.java:122)
	at org.openqa.selenium.remote.http.W3CHttpResponseCodec.decode(W3CHttpResponseCodec.java:49)
	at org.openqa.selenium.remote.HttpCommandExecutor.execute(HttpCommandExecutor.java:158)
	at org.openqa.selenium.remote.service.DriverCommandExecutor.execute(DriverCommandExecutor.java:83)
	at org.openqa.selenium.remote.RemoteWebDriver.execute(RemoteWebDriver.java:552)
	at com.kms.katalon.selenium.driver.CChromeDriver.execute(CChromeDriver.java:19)
	at com.assertthat.selenium_shutterbug.utils.web.Browser.sendCommand(Browser.java:675)
	at com.assertthat.selenium_shutterbug.utils.web.Browser.takeFullPageScreenshotChromeCommand(Browser.java:549)
	at com.assertthat.selenium_shutterbug.utils.web.Browser.takeFullPageScreenshot(Browser.java:150)
	at com.assertthat.selenium_shutterbug.core.Shutterbug.shootPage(Shutterbug.java:154)
	at com.assertthat.selenium_shutterbug.core.Shutterbug.shootPage(Shutterbug.java:83)
	at com.assertthat.selenium_shutterbug.core.Shutterbug.shootPage(Shutterbug.java:69)
	at com.kms.katalon.core.webui.util.FileUtil.takeFullPageScreenshot(FileUtil.java:86)
	at com.kms.katalon.core.webui.keyword.builtin.TakeFullPageScreenshotKeyword$_takeScreenshot_closure1.doCall(TakeFullPageScreenshotKeyword.groovy:126)
	at com.kms.katalon.core.webui.keyword.builtin.TakeFullPageScreenshotKeyword$_takeScreenshot_closure1.call(TakeFullPageScreenshotKeyword.groovy)
	at com.kms.katalon.core.webui.keyword.internal.WebUIKeywordMain.runKeyword(WebUIKeywordMain.groovy:20)
	at com.kms.katalon.core.webui.keyword.builtin.TakeFullPageScreenshotKeyword.takeScreenshot(TakeFullPageScreenshotKeyword.groovy:125)
	at com.kms.katalon.core.webui.keyword.builtin.TakeFullPageScreenshotKeyword.execute(TakeFullPageScreenshotKeyword.groovy:82)
	at com.kms.katalon.core.keyword.internal.KeywordExecutor.executeKeywordForPlatform(KeywordExecutor.groovy:74)
	at com.kms.katalon.core.webui.keyword.WebUiBuiltInKeywords.takeFullPageScreenshot(WebUiBuiltInKeywords.groovy:3283)
	at com.kms.katalon.core.webui.keyword.WebUiBuiltInKeywords$takeFullPageScreenshot$2.call(Unknown Source)
	at Portal_Login.run(Portal_Login:32)
	at com.kms.katalon.core.main.ScriptEngine.run(ScriptEngine.java:194)
	at com.kms.katalon.core.main.ScriptEngine.runScriptAsRawText(ScriptEngine.java:119)
	at com.kms.katalon.core.main.TestCaseExecutor.runScript(TestCaseExecutor.java:448)
	at com.kms.katalon.core.main.TestCaseExecutor.doExecute(TestCaseExecutor.java:439)
	at com.kms.katalon.core.main.TestCaseExecutor.processExecutionPhase(TestCaseExecutor.java:418)
	at com.kms.katalon.core.main.TestCaseExecutor.accessMainPhase(TestCaseExecutor.java:410)
	at com.kms.katalon.core.main.TestCaseExecutor.execute(TestCaseExecutor.java:285)
	at com.kms.katalon.core.main.TestCaseMain.runTestCase(TestCaseMain.java:144)
	at com.kms.katalon.core.keyword.builtin.CallTestCaseKeyword$_callTestCase_closure1.doCall(CallTestCaseKeyword.groovy:59)
	at com.kms.katalon.core.keyword.builtin.CallTestCaseKeyword$_callTestCase_closure1.call(CallTestCaseKeyword.groovy)
	at com.kms.katalon.core.keyword.internal.KeywordMain.runKeyword(KeywordMain.groovy:75)
	at com.kms.katalon.core.keyword.builtin.CallTestCaseKeyword.callTestCase(CallTestCaseKeyword.groovy:81)
	at com.kms.katalon.core.keyword.builtin.CallTestCaseKeyword.execute(CallTestCaseKeyword.groovy:44)
	at com.kms.katalon.core.keyword.internal.KeywordExecutor.executeKeywordForPlatform(KeywordExecutor.groovy:74)
	at com.kms.katalon.core.keyword.BuiltinKeywords.callTestCase(BuiltinKeywords.groovy:310)
	at Portal_SmokeTest_MIState.run(Portal_SmokeTest_MIState:22)
	... 13 more]]></system-err>
      </testcase>
      <system-out><![CDATA[2024-04-10 08:30:01 - [TEST_SUITE][FAILED] - AgencyPortal_SmokeTest_WC: Test Cases/Portal_WorkersCompensation/WC_SmokeTest_AllState/Portal_SmokeTest_IAState FAILED.
Reason:
com.kms.katalon.core.exception.StepFailedException: Unable to click on object 'Object Repository/Portal/Portal_Quote_Table_QuoteNum'
	at com.kms.katalon.core.webui.keyword.internal.WebUIKeywordMain.stepFailed(WebUIKeywordMain.groovy:64)
	at com.kms.katalon.core.webui.keyword.internal.WebUIKeywordMain.runKeyword(WebUIKeywordMain.groovy:26)
	at com.kms.katalon.core.webui.keyword.builtin.ClickKeyword.click(ClickKeyword.groovy:74)
	at com.kms.katalon.core.webui.keyword.builtin.ClickKeyword.execute(ClickKeyword.groovy:40)
	at com.kms.katalon.core.keyword.internal.KeywordExecutor.executeKeywordForPlatform(KeywordExecutor.groovy:74)
	at com.kms.katalon.core.webui.keyword.WebUiBuiltInKeywords.click(WebUiBuiltInKeywords.groovy:620)
	at com.kms.katalon.core.webui.keyword.WebUiBuiltInKeywords$click$8.call(Unknown Source)
	at Portal_SmokeTest_IAState.run(Portal_SmokeTest_IAState:248)
	at com.kms.katalon.core.main.ScriptEngine.run(ScriptEngine.java:194)
	at com.kms.katalon.core.main.ScriptEngine.runScriptAsRawText(ScriptEngine.java:119)
	at com.kms.katalon.core.main.TestCaseExecutor.runScript(TestCaseExecutor.java:448)
	at com.kms.katalon.core.main.TestCaseExecutor.doExecute(TestCaseExecutor.java:439)
	at com.kms.katalon.core.main.TestCaseExecutor.processExecutionPhase(TestCaseExecutor.java:418)
	at com.kms.katalon.core.main.TestCaseExecutor.accessMainPhase(TestCaseExecutor.java:410)
	at com.kms.katalon.core.main.TestCaseExecutor.execute(TestCaseExecutor.java:285)
	at com.kms.katalon.core.common.CommonExecutor.accessTestCaseMainPhase(CommonExecutor.java:65)
	at com.kms.katalon.core.main.TestSuiteExecutor.accessTestSuiteMainPhase(TestSuiteExecutor.java:148)
	at com.kms.katalon.core.main.TestSuiteExecutor.execute(TestSuiteExecutor.java:106)
	at com.kms.katalon.core.main.TestCaseMain.startTestSuite(TestCaseMain.java:187)
	at com.kms.katalon.core.main.TestCaseMain$startTestSuite$0.call(Unknown Source)
	at TempTestSuite1712752186057.run(TempTestSuite1712752186057.groovy:36)
Caused by: com.kms.katalon.core.webui.exception.WebElementNotFoundException: Web element with id: 'Object Repository/Portal/Portal_Quote_Table_QuoteNum' located by '//div[contains(@class,'OpenQuote_Cell_')]//p[text()='0064892555']' not found
	at com.kms.katalon.core.webui.common.WebUiCommonHelper.findWebElement(WebUiCommonHelper.java:1381)
	at com.kms.katalon.core.webui.keyword.internal.WebUIAbstractKeyword.findWebElement(WebUIAbstractKeyword.groovy:27)
	at com.kms.katalon.core.webui.keyword.builtin.ClickKeyword$_click_closure1.doCall(ClickKeyword.groovy:65)
	at com.kms.katalon.core.webui.keyword.builtin.ClickKeyword$_click_closure1.call(ClickKeyword.groovy)
	at com.kms.katalon.core.webui.keyword.internal.WebUIKeywordMain.runKeyword(WebUIKeywordMain.groovy:20)
	... 19 more]]></system-out>
      <system-err><![CDATA[2024-04-10 08:30:01 - [TEST_SUITE][FAILED] - AgencyPortal_SmokeTest_WC: Test Cases/Portal_WorkersCompensation/WC_SmokeTest_AllState/Portal_SmokeTest_IAState FAILED.
Reason:
com.kms.katalon.core.exception.StepFailedException: Unable to click on object 'Object Repository/Portal/Portal_Quote_Table_QuoteNum'
	at com.kms.katalon.core.webui.keyword.internal.WebUIKeywordMain.stepFailed(WebUIKeywordMain.groovy:64)
	at com.kms.katalon.core.webui.keyword.internal.WebUIKeywordMain.runKeyword(WebUIKeywordMain.groovy:26)
	at com.kms.katalon.core.webui.keyword.builtin.ClickKeyword.click(ClickKeyword.groovy:74)
	at com.kms.katalon.core.webui.keyword.builtin.ClickKeyword.execute(ClickKeyword.groovy:40)
	at com.kms.katalon.core.keyword.internal.KeywordExecutor.executeKeywordForPlatform(KeywordExecutor.groovy:74)
	at com.kms.katalon.core.webui.keyword.WebUiBuiltInKeywords.click(WebUiBuiltInKeywords.groovy:620)
	at com.kms.katalon.core.webui.keyword.WebUiBuiltInKeywords$click$8.call(Unknown Source)
	at Portal_SmokeTest_IAState.run(Portal_SmokeTest_IAState:248)
	at com.kms.katalon.core.main.ScriptEngine.run(ScriptEngine.java:194)
	at com.kms.katalon.core.main.ScriptEngine.runScriptAsRawText(ScriptEngine.java:119)
	at com.kms.katalon.core.main.TestCaseExecutor.runScript(TestCaseExecutor.java:448)
	at com.kms.katalon.core.main.TestCaseExecutor.doExecute(TestCaseExecutor.java:439)
	at com.kms.katalon.core.main.TestCaseExecutor.processExecutionPhase(TestCaseExecutor.java:418)
	at com.kms.katalon.core.main.TestCaseExecutor.accessMainPhase(TestCaseExecutor.java:410)
	at com.kms.katalon.core.main.TestCaseExecutor.execute(TestCaseExecutor.java:285)
	at com.kms.katalon.core.common.CommonExecutor.accessTestCaseMainPhase(CommonExecutor.java:65)
	at com.kms.katalon.core.main.TestSuiteExecutor.accessTestSuiteMainPhase(TestSuiteExecutor.java:148)
	at com.kms.katalon.core.main.TestSuiteExecutor.execute(TestSuiteExecutor.java:106)
	at com.kms.katalon.core.main.TestCaseMain.startTestSuite(TestCaseMain.java:187)
	at com.kms.katalon.core.main.TestCaseMain$startTestSuite$0.call(Unknown Source)
	at TempTestSuite1712752186057.run(TempTestSuite1712752186057.groovy:36)
Caused by: com.kms.katalon.core.webui.exception.WebElementNotFoundException: Web element with id: 'Object Repository/Portal/Portal_Quote_Table_QuoteNum' located by '//div[contains(@class,'OpenQuote_Cell_')]//p[text()='0064892555']' not found
	at com.kms.katalon.core.webui.common.WebUiCommonHelper.findWebElement(WebUiCommonHelper.java:1381)
	at com.kms.katalon.core.webui.keyword.internal.WebUIAbstractKeyword.findWebElement(WebUIAbstractKeyword.groovy:27)
	at com.kms.katalon.core.webui.keyword.builtin.ClickKeyword$_click_closure1.doCall(ClickKeyword.groovy:65)
	at com.kms.katalon.core.webui.keyword.builtin.ClickKeyword$_click_closure1.call(ClickKeyword.groovy)
	at com.kms.katalon.core.webui.keyword.internal.WebUIKeywordMain.runKeyword(WebUIKeywordMain.groovy:20)
	... 19 more]]></system-err>
   </testsuite>
</testsuites>
