<?xml version="1.0" encoding="UTF-8"?>
<testsuites name="AgencyPortal_SmokeTest_WC" time="1978.056" tests="5" failures="5" errors="0">
   <testsuite name="AgencyPortal_SmokeTest_WC" tests="5" failures="5" errors="0" time="1978.056" skipped="0" timestamp="2024-04-09 14:38:44" hostname="LellKir - FA28158.Hmic.local" id="Test Suites/AgencyPortal_SmokeTest_WC">
      <properties>
[...]
</properties>
      <testcase name="Test Cases/Portal_WorkersCompensation/WC_SmokeTest_AllState/Portal_SmokeTest_IAState" time="310.007" classname="Test Cases/Portal_WorkersCompensation/WC_SmokeTest_AllState/Portal_SmokeTest_IAState" status="FAILED">
         <failure type="FAILED" message="Test Cases/Portal_WorkersCompensation/WC_SmokeTest_AllState/Portal_SmokeTest_IAState FAILED.
Reason:
com.kms.katalon.core.exception.StepFailedException: Unable to set text '3.22' of object 'Object Repository/Portal/Portal_StateCov_input_ExpRating'
	at com.kms.katalon.core.webui.keyword.internal.WebUIKeywordMain.stepFailed(WebUIKeywordMain.groovy:64)
	at com.kms.katalon.core.webui.keyword.internal.WebUIKeywordMain.runKeyword(WebUIKeywordMain.groovy:26)
	at com.kms.katalon.core.webui.keyword.builtin.SetTextKeyword.setText(SetTextKeyword.groovy:66)
	at com.kms.katalon.core.webui.keyword.builtin.SetTextKeyword.execute(SetTextKeyword.groovy:37)
	at com.kms.katalon.core.keyword.internal.KeywordExecutor.executeKeywordForPlatform(KeywordExecutor.groovy:74)
	at com.kms.katalon.core.webui.keyword.WebUiBuiltInKeywords.setText(WebUiBuiltInKeywords.groovy:980)
	at com.kms.katalon.core.webui.keyword.WebUiBuiltInKeywords$setText$6.call(Unknown Source)
	at Portal_SmokeTest_IAState.run(Portal_SmokeTest_IAState:142)
	at com.kms.katalon.core.main.ScriptEngine.run(ScriptEngine.java:194)
	at com.kms.katalon.core.main.ScriptEngine.runScriptAsRawText(ScriptEngine.java:119)
	at com.kms.katalon.core.main.TestCaseExecutor.runScript(TestCaseExecutor.java:448)
	at com.kms.katalon.core.main.TestCaseExecutor.doExecute(TestCaseExecutor.java:439)
	at com.kms.katalon.core.main.TestCaseExecutor.processExecutionPhase(TestCaseExecutor.java:418)
	at com.kms.katalon.core.main.TestCaseExecutor.accessMainPhase(TestCaseExecutor.java:410)
	at com.kms.katalon.core.main.TestCaseExecutor.execute(TestCaseExecutor.java:285)
	at com.kms.katalon.core.common.CommonExecutor.accessTestCaseMainPhase(CommonExecutor.java:65)
	at com.kms.katalon.core.main.TestSuiteExecutor.accessTestSuiteMainPhase(TestSuiteExecutor.java:148)
	at com.kms.katalon.core.main.TestSuiteExecutor.execute(TestSuiteExecutor.java:106)
	at com.kms.katalon.core.main.TestCaseMain.startTestSuite(TestCaseMain.java:187)
	at com.kms.katalon.core.main.TestCaseMain$startTestSuite$0.call(Unknown Source)
	at TempTestSuite1712687908561.run(TempTestSuite1712687908561.groovy:36)
Caused by: org.openqa.selenium.ElementNotInteractableException: element not interactable
  (Session info: chrome=115.0.5790.110)
Build info: version: '3.141.59', revision: 'e82be7d358', time: '2018-11-14T08:25:53'
System info: host: 'FA28158', ip: '10.0.0.28', os.name: 'Windows 11', os.arch: 'amd64', os.version: '10.0', java.version: '1.8.0_362'
Driver info: com.kms.katalon.selenium.driver.CChromeDriver
Capabilities {acceptInsecureCerts: false, browserName: chrome, browserVersion: 115.0.5790.110, chrome: {chromedriverVersion: 114.0.5735.90 (386bc09e8f4f..., userDataDir: C:\Users\LellKir\AppData\Lo...}, goog:chromeOptions: {debuggerAddress: localhost:57614}, javascriptEnabled: true, networkConnectionEnabled: false, pageLoadStrategy: normal, platform: WINDOWS, platformName: WINDOWS, proxy: Proxy(), setWindowRect: true, strictFileInteractability: false, timeouts: {implicit: 0, pageLoad: 300000, script: 30000}, unhandledPromptBehavior: dismiss and notify, webauthn:extension:credBlob: true, webauthn:extension:largeBlob: true, webauthn:extension:minPinLength: true, webauthn:extension:prf: true, webauthn:virtualAuthenticators: true}
Session ID: aa8269cc3eb1c2faf1dc2f4340ce12f2
	at org.openqa.selenium.remote.http.W3CHttpResponseCodec.createException(W3CHttpResponseCodec.java:187)
	at org.openqa.selenium.remote.http.W3CHttpResponseCodec.decode(W3CHttpResponseCodec.java:122)
	at org.openqa.selenium.remote.http.W3CHttpResponseCodec.decode(W3CHttpResponseCodec.java:49)
	at org.openqa.selenium.remote.HttpCommandExecutor.execute(HttpCommandExecutor.java:158)
	at org.openqa.selenium.remote.service.DriverCommandExecutor.execute(DriverCommandExecutor.java:83)
	at org.openqa.selenium.remote.RemoteWebDriver.execute(RemoteWebDriver.java:552)
	at com.kms.katalon.selenium.driver.CChromeDriver.execute(CChromeDriver.java:19)
	at org.openqa.selenium.remote.RemoteWebElement.execute(RemoteWebElement.java:285)
	at org.openqa.selenium.remote.RemoteWebElement.clear(RemoteWebElement.java:124)
	at org.openqa.selenium.support.events.EventFiringWebDriver$EventFiringWebElement.lambda$new$0(EventFiringWebDriver.java:404)
	at com.sun.proxy.$Proxy13.clear(Unknown Source)
	at org.openqa.selenium.support.events.EventFiringWebDriver$EventFiringWebElement.clear(EventFiringWebDriver.java:436)
	at com.kms.katalon.core.webui.keyword.builtin.SetTextKeyword$_setText_closure1.doCall(SetTextKeyword.groovy:53)
	at com.kms.katalon.core.webui.keyword.builtin.SetTextKeyword$_setText_closure1.call(SetTextKeyword.groovy)
	at com.kms.katalon.core.webui.keyword.internal.WebUIKeywordMain.runKeyword(WebUIKeywordMain.groovy:20)
	... 19 more
"/>
         <system-out><![CDATA[2024-04-09 14:38:44 - [TEST_CASE][FAILED] - Test Cases/Portal_WorkersCompensation/WC_SmokeTest_AllState/Portal_SmokeTest_IAState: Test Cases/Portal_WorkersCompensation/WC_SmokeTest_AllState/Portal_SmokeTest_IAState FAILED.
Reason:
com.kms.katalon.core.exception.StepFailedException: Unable to set text '3.22' of object 'Object Repository/Portal/Portal_StateCov_input_ExpRating'
	at com.kms.katalon.core.webui.keyword.internal.WebUIKeywordMain.stepFailed(WebUIKeywordMain.groovy:64)
	at com.kms.katalon.core.webui.keyword.internal.WebUIKeywordMain.runKeyword(WebUIKeywordMain.groovy:26)
	at com.kms.katalon.core.webui.keyword.builtin.SetTextKeyword.setText(SetTextKeyword.groovy:66)
	at com.kms.katalon.core.webui.keyword.builtin.SetTextKeyword.execute(SetTextKeyword.groovy:37)
	at com.kms.katalon.core.keyword.internal.KeywordExecutor.executeKeywordForPlatform(KeywordExecutor.groovy:74)
	at com.kms.katalon.core.webui.keyword.WebUiBuiltInKeywords.setText(WebUiBuiltInKeywords.groovy:980)
	at com.kms.katalon.core.webui.keyword.WebUiBuiltInKeywords$setText$6.call(Unknown Source)
	at Portal_SmokeTest_IAState.run(Portal_SmokeTest_IAState:142)
	at com.kms.katalon.core.main.ScriptEngine.run(ScriptEngine.java:194)
	at com.kms.katalon.core.main.ScriptEngine.runScriptAsRawText(ScriptEngine.java:119)
	at com.kms.katalon.core.main.TestCaseExecutor.runScript(TestCaseExecutor.java:448)
	at com.kms.katalon.core.main.TestCaseExecutor.doExecute(TestCaseExecutor.java:439)
	at com.kms.katalon.core.main.TestCaseExecutor.processExecutionPhase(TestCaseExecutor.java:418)
	at com.kms.katalon.core.main.TestCaseExecutor.accessMainPhase(TestCaseExecutor.java:410)
	at com.kms.katalon.core.main.TestCaseExecutor.execute(TestCaseExecutor.java:285)
	at com.kms.katalon.core.common.CommonExecutor.accessTestCaseMainPhase(CommonExecutor.java:65)
	at com.kms.katalon.core.main.TestSuiteExecutor.accessTestSuiteMainPhase(TestSuiteExecutor.java:148)
	at com.kms.katalon.core.main.TestSuiteExecutor.execute(TestSuiteExecutor.java:106)
	at com.kms.katalon.core.main.TestCaseMain.startTestSuite(TestCaseMain.java:187)
	at com.kms.katalon.core.main.TestCaseMain$startTestSuite$0.call(Unknown Source)
	at TempTestSuite1712687908561.run(TempTestSuite1712687908561.groovy:36)
Caused by: org.openqa.selenium.ElementNotInteractableException: element not interactable
  (Session info: chrome=115.0.5790.110)
Build info: version: '3.141.59', revision: 'e82be7d358', time: '2018-11-14T08:25:53'
System info: host: 'FA28158', ip: '10.0.0.28', os.name: 'Windows 11', os.arch: 'amd64', os.version: '10.0', java.version: '1.8.0_362'
Driver info: com.kms.katalon.selenium.driver.CChromeDriver
Capabilities {acceptInsecureCerts: false, browserName: chrome, browserVersion: 115.0.5790.110, chrome: {chromedriverVersion: 114.0.5735.90 (386bc09e8f4f..., userDataDir: C:\Users\LellKir\AppData\Lo...}, goog:chromeOptions: {debuggerAddress: localhost:57614}, javascriptEnabled: true, networkConnectionEnabled: false, pageLoadStrategy: normal, platform: WINDOWS, platformName: WINDOWS, proxy: Proxy(), setWindowRect: true, strictFileInteractability: false, timeouts: {implicit: 0, pageLoad: 300000, script: 30000}, unhandledPromptBehavior: dismiss and notify, webauthn:extension:credBlob: true, webauthn:extension:largeBlob: true, webauthn:extension:minPinLength: true, webauthn:extension:prf: true, webauthn:virtualAuthenticators: true}
Session ID: aa8269cc3eb1c2faf1dc2f4340ce12f2
	at org.openqa.selenium.remote.http.W3CHttpResponseCodec.createException(W3CHttpResponseCodec.java:187)
	at org.openqa.selenium.remote.http.W3CHttpResponseCodec.decode(W3CHttpResponseCodec.java:122)
	at org.openqa.selenium.remote.http.W3CHttpResponseCodec.decode(W3CHttpResponseCodec.java:49)
	at org.openqa.selenium.remote.HttpCommandExecutor.execute(HttpCommandExecutor.java:158)
	at org.openqa.selenium.remote.service.DriverCommandExecutor.execute(DriverCommandExecutor.java:83)
	at org.openqa.selenium.remote.RemoteWebDriver.execute(RemoteWebDriver.java:552)
	at com.kms.katalon.selenium.driver.CChromeDriver.execute(CChromeDriver.java:19)
	at org.openqa.selenium.remote.RemoteWebElement.execute(RemoteWebElement.java:285)
	at org.openqa.selenium.remote.RemoteWebElement.clear(RemoteWebElement.java:124)
	at org.openqa.selenium.support.events.EventFiringWebDriver$EventFiringWebElement.lambda$new$0(EventFiringWebDriver.java:404)
	at com.sun.proxy.$Proxy13.clear(Unknown Source)
	at org.openqa.selenium.support.events.EventFiringWebDriver$EventFiringWebElement.clear(EventFiringWebDriver.java:436)
	at com.kms.katalon.core.webui.keyword.builtin.SetTextKeyword$_setText_closure1.doCall(SetTextKeyword.groovy:53)
	at com.kms.katalon.core.webui.keyword.builtin.SetTextKeyword$_setText_closure1.call(SetTextKeyword.groovy)
	at com.kms.katalon.core.webui.keyword.internal.WebUIKeywordMain.runKeyword(WebUIKeywordMain.groovy:20)
	... 19 more


2024-04-09 14:38:45 - [TEST_STEP][PASSED] - comment("Portal Smoke Test"): Portal Smoke Test

2024-04-09 14:38:45 - [MESSAGE][INFO] - Portal Smoke Test

2024-04-09 14:38:45 - [TEST_STEP][PASSED] - callTestCase(findTestCase("Portal_Pages/Portal_CommonScreens/Portal_Login"), ["Portal_Username":Portal_Username, "Portal_Password":Portal_Password], STOP_ON_FAILURE): Call Test Case 'Test Cases/Portal_Pages/Portal_CommonScreens/Portal_Login' successfully

2024-04-09 14:38:45 - [TEST_CASE][PASSED] - Test Cases/Portal_Pages/Portal_CommonScreens/Portal_Login: Test Cases/Portal_Pages/Portal_CommonScreens/Portal_Login

2024-04-09 14:38:46 - [TEST_STEP][PASSED] - openBrowser(""): Browser is opened with url: ''

2024-04-09 14:38:46 - [MESSAGE][INFO] - Starting 'Chrome' driver

2024-04-09 14:38:46 - [MESSAGE][INFO] - Action delay is set to 0 milliseconds

2024-04-09 14:38:49 - [MESSAGE][PASSED] - Browser is opened with url: ''

2024-04-09 14:38:49 - [TEST_STEP][PASSED] - deleteAllCookies(): Delete all cookies successfully

2024-04-09 14:38:49 - [MESSAGE][PASSED] - Delete all cookies successfully

2024-04-09 14:38:49 - [TEST_STEP][PASSED] - maximizeWindow(): Current window maximized

2024-04-09 14:38:49 - [MESSAGE][PASSED] - Current window maximized

2024-04-09 14:38:49 - [TEST_STEP][PASSED] - takeFullPageScreenshot(): Taking screenshot successfully

2024-04-09 14:38:50 - [MESSAGE][INFO] - 0 hidden object(s)

2024-04-09 14:38:50 - [MESSAGE][PASSED] - Taking screenshot successfully
[[ATTACHMENT|C:\\Users\\LellKir\\git\\HMIC-Portal\\HMIC-Portal\\HMIC-Portal\\HMIC-Portal\\HMIC-Portal\\HMIC-Portal\\Reports\\20240409_134512\\AgencyPortal_SmokeTest_WC\\20240409_143828\\1712687929550.png]]

2024-04-09 14:38:50 - [TEST_STEP][PASSED] - navigateToUrl(PortalURL): Navigate to 'https://agencyportal.qa1.hastingsmutual.com/Accounts' successfully

2024-04-09 14:39:07 - [MESSAGE][PASSED] - Navigate to 'https://agencyportal.qa1.hastingsmutual.com/Accounts' successfully

2024-04-09 14:39:07 - [TEST_STEP][PASSED] - waitForPageLoad(10): Wait for page load successfully

2024-04-09 14:39:08 - [MESSAGE][PASSED] - Wait for page load successfully

2024-04-09 14:39:08 - [TEST_STEP][PASSED] - takeFullPageScreenshot(): Taking screenshot successfully

2024-04-09 14:39:09 - [MESSAGE][INFO] - 0 hidden object(s)

2024-04-09 14:39:09 - [MESSAGE][PASSED] - Taking screenshot successfully
[[ATTACHMENT|C:\\Users\\LellKir\\git\\HMIC-Portal\\HMIC-Portal\\HMIC-Portal\\HMIC-Portal\\HMIC-Portal\\HMIC-Portal\\Reports\\20240409_134512\\AgencyPortal_SmokeTest_WC\\20240409_143828\\1712687948558.png]]

2024-04-09 14:39:09 - [TEST_STEP][PASSED] - click(findTestObject("Object Repository/PolicyCenter_Login/div_PC_Login_Link_ClickHereToLogin"), OPTIONAL): Unable to click on object 'Object Repository/PolicyCenter_Login/div_PC_Login_Link_ClickHereToLogin' (Root cause: com.kms.katalon.core.exception.StepFailedException: Unable to click on object 'Object Repository/PolicyCenter_Login/div_PC_Login_Link_ClickHereToLogin'
	at com.kms.katalon.core.webui.keyword.internal.WebUIKeywordMain.stepFailed(WebUIKeywordMain.groovy:64)
	at com.kms.katalon.core.webui.keyword.internal.WebUIKeywordMain.runKeyword(WebUIKeywordMain.groovy:26)
	at com.kms.katalon.core.webui.keyword.builtin.ClickKeyword.click(ClickKeyword.groovy:74)
	at com.kms.katalon.core.webui.keyword.builtin.ClickKeyword.execute(ClickKeyword.groovy:40)
	at com.kms.katalon.core.keyword.internal.KeywordExecutor.executeKeywordForPlatform(KeywordExecutor.groovy:74)
	at com.kms.katalon.core.webui.keyword.WebUiBuiltInKeywords.click(WebUiBuiltInKeywords.groovy:608)
	at com.kms.katalon.core.webui.keyword.WebUiBuiltInKeywords$click$5.call(Unknown Source)
	at Portal_Login.run(Portal_Login:34)
	at com.kms.katalon.core.main.ScriptEngine.run(ScriptEngine.java:194)
	at com.kms.katalon.core.main.ScriptEngine.runScriptAsRawText(ScriptEngine.java:119)
	at com.kms.katalon.core.main.TestCaseExecutor.runScript(TestCaseExecutor.java:448)
	at com.kms.katalon.core.main.TestCaseExecutor.doExecute(TestCaseExecutor.java:439)
	at com.kms.katalon.core.main.TestCaseExecutor.processExecutionPhase(TestCaseExecutor.java:418)
	at com.kms.katalon.core.main.TestCaseExecutor.accessMainPhase(TestCaseExecutor.java:410)
	at com.kms.katalon.core.main.TestCaseExecutor.execute(TestCaseExecutor.java:285)
	at com.kms.katalon.core.main.TestCaseMain.runTestCase(TestCaseMain.java:144)
	at com.kms.katalon.core.keyword.builtin.CallTestCaseKeyword$_callTestCase_closure1.doCall(CallTestCaseKeyword.groovy:59)
	at com.kms.katalon.core.keyword.builtin.CallTestCaseKeyword$_callTestCase_closure1.call(CallTestCaseKeyword.groovy)
	at com.kms.katalon.core.keyword.internal.KeywordMain.runKeyword(KeywordMain.groovy:75)
	at com.kms.katalon.core.keyword.builtin.CallTestCaseKeyword.callTestCase(CallTestCaseKeyword.groovy:81)
	at com.kms.katalon.core.keyword.builtin.CallTestCaseKeyword.execute(CallTestCaseKeyword.groovy:44)
	at com.kms.katalon.core.keyword.internal.KeywordExecutor.executeKeywordForPlatform(KeywordExecutor.groovy:74)
	at com.kms.katalon.core.keyword.BuiltinKeywords.callTestCase(BuiltinKeywords.groovy:310)
	at Portal_SmokeTest_IAState.run(Portal_SmokeTest_IAState:22)
	at com.kms.katalon.core.main.ScriptEngine.run(ScriptEngine.java:194)
	at com.kms.katalon.core.main.ScriptEngine.runScriptAsRawText(ScriptEngine.java:119)
	at com.kms.katalon.core.main.TestCaseExecutor.runScript(TestCaseExecutor.java:448)
	at com.kms.katalon.core.main.TestCaseExecutor.doExecute(TestCaseExecutor.java:439)
	at com.kms.katalon.core.main.TestCaseExecutor.processExecutionPhase(TestCaseExecutor.java:418)
	at com.kms.katalon.core.main.TestCaseExecutor.accessMainPhase(TestCaseExecutor.java:410)
	at com.kms.katalon.core.main.TestCaseExecutor.execute(TestCaseExecutor.java:285)
	at com.kms.katalon.core.common.CommonExecutor.accessTestCaseMainPhase(CommonExecutor.java:65)
	at com.kms.katalon.core.main.TestSuiteExecutor.accessTestSuiteMainPhase(TestSuiteExecutor.java:148)
	at com.kms.katalon.core.main.TestSuiteExecutor.execute(TestSuiteExecutor.java:106)
	at com.kms.katalon.core.main.TestCaseMain.startTestSuite(TestCaseMain.java:187)
	at com.kms.katalon.core.main.TestCaseMain$startTestSuite$0.call(Unknown Source)
	at TempTestSuite1712687908561.run(TempTestSuite1712687908561.groovy:36)
Caused by: com.kms.katalon.core.webui.exception.WebElementNotFoundException: Web element with id: 'Object Repository/PolicyCenter_Login/div_PC_Login_Link_ClickHereToLogin' located by '//div[contains(@id,'LoginDetailsInputSet-LoginLink')]' not found
	at com.kms.katalon.core.webui.common.WebUiCommonHelper.findWebElement(WebUiCommonHelper.java:1381)
	at com.kms.katalon.core.webui.keyword.internal.WebUIAbstractKeyword.findWebElement(WebUIAbstractKeyword.groovy:27)
	at com.kms.katalon.core.webui.keyword.builtin.ClickKeyword$_click_closure1.doCall(ClickKeyword.groovy:65)
	at com.kms.katalon.core.webui.keyword.builtin.ClickKeyword$_click_closure1.call(ClickKeyword.groovy)
	at com.kms.katalon.core.webui.keyword.internal.WebUIKeywordMain.runKeyword(WebUIKeywordMain.groovy:20)
	at com.kms.katalon.core.webui.keyword.builtin.ClickKeyword.click(ClickKeyword.groovy:74)
	at com.kms.katalon.core.webui.keyword.builtin.ClickKeyword.execute(ClickKeyword.groovy:40)
	at com.kms.katalon.core.keyword.internal.KeywordExecutor.executeKeywordForPlatform(KeywordExecutor.groovy:74)
	at com.kms.katalon.core.webui.keyword.WebUiBuiltInKeywords.click(WebUiBuiltInKeywords.groovy:608)
	at com.kms.katalon.core.webui.keyword.WebUiBuiltInKeywords$click$5.call(Unknown Source)
	at Script1683558008637.run(Script1683558008637.groovy:34)
	at com.kms.katalon.core.main.ScriptEngine.run(ScriptEngine.java:194)
	at com.kms.katalon.core.main.ScriptEngine.runScriptAsRawText(ScriptEngine.java:119)
	at com.kms.katalon.core.main.TestCaseExecutor.runScript(TestCaseExecutor.java:448)
	at com.kms.katalon.core.main.TestCaseExecutor.doExecute(TestCaseExecutor.java:439)
	at com.kms.katalon.core.main.TestCaseExecutor.processExecutionPhase(TestCaseExecutor.java:418)
	at com.kms.katalon.core.main.TestCaseExecutor.accessMainPhase(TestCaseExecutor.java:410)
	at com.kms.katalon.core.main.TestCaseExecutor.execute(TestCaseExecutor.java:285)
	at com.kms.katalon.core.main.TestCaseMain.runTestCase(TestCaseMain.java:144)
	at com.kms.katalon.core.keyword.builtin.CallTestCaseKeyword$_callTestCase_closure1.doCall(CallTestCaseKeyword.groovy:59)
	at com.kms.katalon.core.keyword.builtin.CallTestCaseKeyword$_callTestCase_closure1.call(CallTestCaseKeyword.groovy)
	at com.kms.katalon.core.keyword.internal.KeywordMain.runKeyword(KeywordMain.groovy:75)
	at com.kms.katalon.core.keyword.builtin.CallTestCaseKeyword.callTestCase(CallTestCaseKeyword.groovy:81)
	at com.kms.katalon.core.keyword.builtin.CallTestCaseKeyword.execute(CallTestCaseKeyword.groovy:44)
	at com.kms.katalon.core.keyword.internal.KeywordExecutor.executeKeywordForPlatform(KeywordExecutor.groovy:74)
	at com.kms.katalon.core.keyword.BuiltinKeywords.callTestCase(BuiltinKeywords.groovy:310)
	at Script1689773001064.run(Script1689773001064.groovy:22)
	... 13 more
)

2024-04-09 14:39:40 - [MESSAGE][INFO] - Unable to find the element located by 'By.xpath: //div[contains(@id,'LoginDetailsInputSet-LoginLink')]'. Please recheck the objects properties to make sure the desired element is located. 

2024-04-09 14:39:40 - [MESSAGE][WARNING] - [SELF-HEALING] Failed to find element with id 'Object Repository/PolicyCenter_Login/div_PC_Login_Link_ClickHereToLogin'. Try using Self-healing.

2024-04-09 14:39:41 - [MESSAGE][INFO] - [SELF-HEALING] No working XPath is found.

2024-04-09 14:39:42 - [MESSAGE][INFO] - Unable to find the element located by 'By.xpath: '. Please recheck the objects properties to make sure the desired element is located. 

2024-04-09 14:39:42 - [MESSAGE][WARNING] - [SELF-HEALING] Cannot find elements when the selector is null

2024-04-09 14:39:42 - [MESSAGE][WARNING] - Unable to click on object 'Object Repository/PolicyCenter_Login/div_PC_Login_Link_ClickHereToLogin' (Root cause: com.kms.katalon.core.exception.StepFailedException: Unable to click on object 'Object Repository/PolicyCenter_Login/div_PC_Login_Link_ClickHereToLogin'
	at com.kms.katalon.core.webui.keyword.internal.WebUIKeywordMain.stepFailed(WebUIKeywordMain.groovy:64)
	at com.kms.katalon.core.webui.keyword.internal.WebUIKeywordMain.runKeyword(WebUIKeywordMain.groovy:26)
	at com.kms.katalon.core.webui.keyword.builtin.ClickKeyword.click(ClickKeyword.groovy:74)
	at com.kms.katalon.core.webui.keyword.builtin.ClickKeyword.execute(ClickKeyword.groovy:40)
	at com.kms.katalon.core.keyword.internal.KeywordExecutor.executeKeywordForPlatform(KeywordExecutor.groovy:74)
	at com.kms.katalon.core.webui.keyword.WebUiBuiltInKeywords.click(WebUiBuiltInKeywords.groovy:608)
	at com.kms.katalon.core.webui.keyword.WebUiBuiltInKeywords$click$5.call(Unknown Source)
	at Portal_Login.run(Portal_Login:34)
	at com.kms.katalon.core.main.ScriptEngine.run(ScriptEngine.java:194)
	at com.kms.katalon.core.main.ScriptEngine.runScriptAsRawText(ScriptEngine.java:119)
	at com.kms.katalon.core.main.TestCaseExecutor.runScript(TestCaseExecutor.java:448)
	at com.kms.katalon.core.main.TestCaseExecutor.doExecute(TestCaseExecutor.java:439)
	at com.kms.katalon.core.main.TestCaseExecutor.processExecutionPhase(TestCaseExecutor.java:418)
	at com.kms.katalon.core.main.TestCaseExecutor.accessMainPhase(TestCaseExecutor.java:410)
	at com.kms.katalon.core.main.TestCaseExecutor.execute(TestCaseExecutor.java:285)
	at com.kms.katalon.core.main.TestCaseMain.runTestCase(TestCaseMain.java:144)
	at com.kms.katalon.core.keyword.builtin.CallTestCaseKeyword$_callTestCase_closure1.doCall(CallTestCaseKeyword.groovy:59)
	at com.kms.katalon.core.keyword.builtin.CallTestCaseKeyword$_callTestCase_closure1.call(CallTestCaseKeyword.groovy)
	at com.kms.katalon.core.keyword.internal.KeywordMain.runKeyword(KeywordMain.groovy:75)
	at com.kms.katalon.core.keyword.builtin.CallTestCaseKeyword.callTestCase(CallTestCaseKeyword.groovy:81)
	at com.kms.katalon.core.keyword.builtin.CallTestCaseKeyword.execute(CallTestCaseKeyword.groovy:44)
	at com.kms.katalon.core.keyword.internal.KeywordExecutor.executeKeywordForPlatform(KeywordExecutor.groovy:74)
	at com.kms.katalon.core.keyword.BuiltinKeywords.callTestCase(BuiltinKeywords.groovy:310)
	at Portal_SmokeTest_IAState.run(Portal_SmokeTest_IAState:22)
	at com.kms.katalon.core.main.ScriptEngine.run(ScriptEngine.java:194)
	at com.kms.katalon.core.main.ScriptEngine.runScriptAsRawText(ScriptEngine.java:119)
	at com.kms.katalon.core.main.TestCaseExecutor.runScript(TestCaseExecutor.java:448)
	at com.kms.katalon.core.main.TestCaseExecutor.doExecute(TestCaseExecutor.java:439)
	at com.kms.katalon.core.main.TestCaseExecutor.processExecutionPhase(TestCaseExecutor.java:418)
	at com.kms.katalon.core.main.TestCaseExecutor.accessMainPhase(TestCaseExecutor.java:410)
	at com.kms.katalon.core.main.TestCaseExecutor.execute(TestCaseExecutor.java:285)
	at com.kms.katalon.core.common.CommonExecutor.accessTestCaseMainPhase(CommonExecutor.java:65)
	at com.kms.katalon.core.main.TestSuiteExecutor.accessTestSuiteMainPhase(TestSuiteExecutor.java:148)
	at com.kms.katalon.core.main.TestSuiteExecutor.execute(TestSuiteExecutor.java:106)
	at com.kms.katalon.core.main.TestCaseMain.startTestSuite(TestCaseMain.java:187)
	at com.kms.katalon.core.main.TestCaseMain$startTestSuite$0.call(Unknown Source)
	at TempTestSuite1712687908561.run(TempTestSuite1712687908561.groovy:36)
Caused by: com.kms.katalon.core.webui.exception.WebElementNotFoundException: Web element with id: 'Object Repository/PolicyCenter_Login/div_PC_Login_Link_ClickHereToLogin' located by '//div[contains(@id,'LoginDetailsInputSet-LoginLink')]' not found
	at com.kms.katalon.core.webui.common.WebUiCommonHelper.findWebElement(WebUiCommonHelper.java:1381)
	at com.kms.katalon.core.webui.keyword.internal.WebUIAbstractKeyword.findWebElement(WebUIAbstractKeyword.groovy:27)
	at com.kms.katalon.core.webui.keyword.builtin.ClickKeyword$_click_closure1.doCall(ClickKeyword.groovy:65)
	at com.kms.katalon.core.webui.keyword.builtin.ClickKeyword$_click_closure1.call(ClickKeyword.groovy)
	at com.kms.katalon.core.webui.keyword.internal.WebUIKeywordMain.runKeyword(WebUIKeywordMain.groovy:20)
	at com.kms.katalon.core.webui.keyword.builtin.ClickKeyword.click(ClickKeyword.groovy:74)
	at com.kms.katalon.core.webui.keyword.builtin.ClickKeyword.execute(ClickKeyword.groovy:40)
	at com.kms.katalon.core.keyword.internal.KeywordExecutor.executeKeywordForPlatform(KeywordExecutor.groovy:74)
	at com.kms.katalon.core.webui.keyword.WebUiBuiltInKeywords.click(WebUiBuiltInKeywords.groovy:608)
	at com.kms.katalon.core.webui.keyword.WebUiBuiltInKeywords$click$5.call(Unknown Source)
	at Script1683558008637.run(Script1683558008637.groovy:34)
	at com.kms.katalon.core.main.ScriptEngine.run(ScriptEngine.java:194)
	at com.kms.katalon.core.main.ScriptEngine.runScriptAsRawText(ScriptEngine.java:119)
	at com.kms.katalon.core.main.TestCaseExecutor.runScript(TestCaseExecutor.java:448)
	at com.kms.katalon.core.main.TestCaseExecutor.doExecute(TestCaseExecutor.java:439)
	at com.kms.katalon.core.main.TestCaseExecutor.processExecutionPhase(TestCaseExecutor.java:418)
	at com.kms.katalon.core.main.TestCaseExecutor.accessMainPhase(TestCaseExecutor.java:410)
	at com.kms.katalon.core.main.TestCaseExecutor.execute(TestCaseExecutor.java:285)
	at com.kms.katalon.core.main.TestCaseMain.runTestCase(TestCaseMain.java:144)
	at com.kms.katalon.core.keyword.builtin.CallTestCaseKeyword$_callTestCase_closure1.doCall(CallTestCaseKeyword.groovy:59)
	at com.kms.katalon.core.keyword.builtin.CallTestCaseKeyword$_callTestCase_closure1.call(CallTestCaseKeyword.groovy)
	at com.kms.katalon.core.keyword.internal.KeywordMain.runKeyword(KeywordMain.groovy:75)
	at com.kms.katalon.core.keyword.builtin.CallTestCaseKeyword.callTestCase(CallTestCaseKeyword.groovy:81)
	at com.kms.katalon.core.keyword.builtin.CallTestCaseKeyword.execute(CallTestCaseKeyword.groovy:44)
	at com.kms.katalon.core.keyword.internal.KeywordExecutor.executeKeywordForPlatform(KeywordExecutor.groovy:74)
	at com.kms.katalon.core.keyword.BuiltinKeywords.callTestCase(BuiltinKeywords.groovy:310)
	at Script1689773001064.run(Script1689773001064.groovy:22)
	... 13 more
)
[[ATTACHMENT|C:\\Users\\LellKir\\git\\HMIC-Portal\\HMIC-Portal\\HMIC-Portal\\HMIC-Portal\\HMIC-Portal\\HMIC-Portal\\Reports\\20240409_134512\\AgencyPortal_SmokeTest_WC\\20240409_143828\\1712687982590.png]]

2024-04-09 14:39:42 - [TEST_STEP][PASSED] - setText(findTestObject("Object Repository/PolicyCenter_Login/input_PC_Login_TextBox_UserName"), Portal_Username): Text 'adminuser2059' is set on object 'Object Repository/PolicyCenter_Login/input_PC_Login_TextBox_UserName'

2024-04-09 14:39:43 - [MESSAGE][PASSED] - Text 'adminuser2059' is set on object 'Object Repository/PolicyCenter_Login/input_PC_Login_TextBox_UserName'

2024-04-09 14:39:43 - [TEST_STEP][PASSED] - setText(findTestObject("Object Repository/PolicyCenter_Login/input_PC_Login_TextBox_Password"), Portal_Password): Text 'Hmic1234' is set on object 'Object Repository/PolicyCenter_Login/input_PC_Login_TextBox_Password'

2024-04-09 14:39:44 - [MESSAGE][PASSED] - Text 'Hmic1234' is set on object 'Object Repository/PolicyCenter_Login/input_PC_Login_TextBox_Password'

2024-04-09 14:39:44 - [TEST_STEP][PASSED] - takeFullPageScreenshot(): Taking screenshot successfully

2024-04-09 14:39:45 - [MESSAGE][INFO] - 0 hidden object(s)

2024-04-09 14:39:45 - [MESSAGE][PASSED] - Taking screenshot successfully
[[ATTACHMENT|C:\\Users\\LellKir\\git\\HMIC-Portal\\HMIC-Portal\\HMIC-Portal\\HMIC-Portal\\HMIC-Portal\\HMIC-Portal\\Reports\\20240409_134512\\AgencyPortal_SmokeTest_WC\\20240409_143828\\1712687984531.png]]

2024-04-09 14:39:45 - [TEST_STEP][PASSED] - waitForElementVisible(findTestObject("PolicyCenter_Login/input_PC_Login_Button_Login"), 20): Object 'Object Repository/PolicyCenter_Login/input_PC_Login_Button_Login' is visible

2024-04-09 14:39:45 - [MESSAGE][PASSED] - Object 'Object Repository/PolicyCenter_Login/input_PC_Login_Button_Login' is visible

2024-04-09 14:39:45 - [TEST_STEP][PASSED] - click(findTestObject("Object Repository/PolicyCenter_Login/input_PC_Login_Button_Login")): Object: 'Object Repository/PolicyCenter_Login/input_PC_Login_Button_Login' is clicked on

2024-04-09 14:39:46 - [MESSAGE][PASSED] - Object: 'Object Repository/PolicyCenter_Login/input_PC_Login_Button_Login' is clicked on

2024-04-09 14:39:46 - [TEST_STEP][PASSED] - takeFullPageScreenshot(): Taking screenshot successfully

2024-04-09 14:39:48 - [MESSAGE][INFO] - 0 hidden object(s)

2024-04-09 14:39:48 - [MESSAGE][PASSED] - Taking screenshot successfully
[[ATTACHMENT|C:\\Users\\LellKir\\git\\HMIC-Portal\\HMIC-Portal\\HMIC-Portal\\HMIC-Portal\\HMIC-Portal\\HMIC-Portal\\Reports\\20240409_134512\\AgencyPortal_SmokeTest_WC\\20240409_143828\\1712687986119.png]]

2024-04-09 14:39:48 - [TEST_STEP][PASSED] - waitForElementVisible(findTestObject("Portal/Portal_Common_Header_SearchForAccOrPol"), 30): Object 'Object Repository/Portal/Portal_Common_Header_SearchForAccOrPol' is visible

2024-04-09 14:39:50 - [MESSAGE][PASSED] - Object 'Object Repository/Portal/Portal_Common_Header_SearchForAccOrPol' is visible

2024-04-09 14:39:50 - [TEST_STEP][PASSED] - verifyElementVisible(findTestObject("Portal/Portal_Common_Header_SearchForAccOrPol")): Object 'Object Repository/Portal/Portal_Common_Header_SearchForAccOrPol' is visible

2024-04-09 14:39:50 - [MESSAGE][PASSED] - Object 'Object Repository/Portal/Portal_Common_Header_SearchForAccOrPol' is visible

2024-04-09 14:39:50 - [TEST_STEP][PASSED] - takeFullPageScreenshot(): Taking screenshot successfully

2024-04-09 14:39:51 - [MESSAGE][INFO] - 0 hidden object(s)

2024-04-09 14:39:51 - [MESSAGE][PASSED] - Taking screenshot successfully
[[ATTACHMENT|C:\\Users\\LellKir\\git\\HMIC-Portal\\HMIC-Portal\\HMIC-Portal\\HMIC-Portal\\HMIC-Portal\\HMIC-Portal\\Reports\\20240409_134512\\AgencyPortal_SmokeTest_WC\\20240409_143828\\1712687990621.png]]

2024-04-09 14:39:51 - [MESSAGE][PASSED] - Call Test Case 'Test Cases/Portal_Pages/Portal_CommonScreens/Portal_Login' successfully

2024-04-09 14:39:51 - [TEST_STEP][PASSED] - click(findTestObject("Object Repository/Portal/Portal_Common_Tab_Quote")): Object: 'Object Repository/Portal/Portal_Common_Tab_Quote' is clicked on

2024-04-09 14:40:04 - [MESSAGE][PASSED] - Object: 'Object Repository/Portal/Portal_Common_Tab_Quote' is clicked on

2024-04-09 14:40:04 - [TEST_STEP][PASSED] - comment("User is able to Initiate the quote successfully"): User is able to Initiate the quote successfully

2024-04-09 14:40:04 - [MESSAGE][INFO] - User is able to Initiate the quote successfully

2024-04-09 14:40:04 - [TEST_STEP][PASSED] - verifyElementText(findTestObject("Object Repository/Portal/Portal_Quote_Header_NewBusinessDashboard"), "New Business Dashboard"): Actual text and expected text of test object 'Object Repository/Portal/Portal_Quote_Header_NewBusinessDashboard' are matched.

2024-04-09 14:40:34 - [MESSAGE][PASSED] - Actual text and expected text of test object 'Object Repository/Portal/Portal_Quote_Header_NewBusinessDashboard' are matched.

2024-04-09 14:40:34 - [TEST_STEP][PASSED] - click(findTestObject("Object Repository/Portal/Portal_Quote_Title_StartANewBusiness")): Object: 'Object Repository/Portal/Portal_Quote_Title_StartANewBusiness' is clicked on

2024-04-09 14:41:04 - [MESSAGE][PASSED] - Object: 'Object Repository/Portal/Portal_Quote_Title_StartANewBusiness' is clicked on

2024-04-09 14:41:04 - [TEST_STEP][PASSED] - click(findTestObject("Object Repository/Portal/Portal_Quote_Dropdown_SelectLineOfBusiness")): Object: 'Object Repository/Portal/Portal_Quote_Dropdown_SelectLineOfBusiness' is clicked on

2024-04-09 14:41:35 - [MESSAGE][PASSED] - Object: 'Object Repository/Portal/Portal_Quote_Dropdown_SelectLineOfBusiness' is clicked on

2024-04-09 14:41:35 - [TEST_STEP][PASSED] - click(findTestObject("Object Repository/Portal/Portal_LOB_TypeList_WorkersComp")): Object: 'Object Repository/Portal/Portal_LOB_TypeList_WorkersComp' is clicked on

2024-04-09 14:42:05 - [MESSAGE][PASSED] - Object: 'Object Repository/Portal/Portal_LOB_TypeList_WorkersComp' is clicked on

2024-04-09 14:42:05 - [TEST_STEP][PASSED] - click(findTestObject("Object Repository/Portal/Portal_Common_Button_Next")): Object: 'Object Repository/Portal/Portal_Common_Button_Next' is clicked on

2024-04-09 14:42:37 - [MESSAGE][PASSED] - Object: 'Object Repository/Portal/Portal_Common_Button_Next' is clicked on

2024-04-09 14:42:37 - [TEST_STEP][PASSED] - verifyElementText(findTestObject("Object Repository/Portal/Portal_PreQual_Title_PreQualification"), "Pre-Qualification"): Actual text and expected text of test object 'Object Repository/Portal/Portal_PreQual_Title_PreQualification' are matched.

2024-04-09 14:42:39 - [MESSAGE][PASSED] - Actual text and expected text of test object 'Object Repository/Portal/Portal_PreQual_Title_PreQualification' are matched.

2024-04-09 14:42:39 - [TEST_STEP][PASSED] - comment("Prequalification statement should be displayed."): Prequalification statement should be displayed.

2024-04-09 14:42:39 - [MESSAGE][INFO] - Prequalification statement should be displayed.

2024-04-09 14:42:39 - [TEST_STEP][PASSED] - click(findTestObject("Object Repository/Portal/Portal_PreQual_CheckBox_RiskDoesNotHaveAny")): Object: 'Object Repository/Portal/Portal_PreQual_CheckBox_RiskDoesNotHaveAny' is clicked on

2024-04-09 14:42:40 - [MESSAGE][PASSED] - Object: 'Object Repository/Portal/Portal_PreQual_CheckBox_RiskDoesNotHaveAny' is clicked on

2024-04-09 14:42:40 - [TEST_STEP][PASSED] - click(findTestObject("Object Repository/Portal/Portal_PreQual_Button_Agree")): Object: 'Object Repository/Portal/Portal_PreQual_Button_Agree' is clicked on

2024-04-09 14:42:40 - [MESSAGE][PASSED] - Object: 'Object Repository/Portal/Portal_PreQual_Button_Agree' is clicked on

2024-04-09 14:42:40 - [TEST_STEP][PASSED] - waitForElementHasAttribute(findTestObject("Object Repository/Portal/Portal_AccInfo_Header_AccInfo"), "Step 1: Account Information", 10): Object 'Object Repository/Portal/Portal_AccInfo_Header_AccInfo' does not have attribute 'Step 1: Account Information'

2024-04-09 14:42:52 - [MESSAGE][WARNING] - Object 'Object Repository/Portal/Portal_AccInfo_Header_AccInfo' does not have attribute 'Step 1: Account Information'

2024-04-09 14:42:52 - [TEST_STEP][PASSED] - verifyElementText(findTestObject("Object Repository/Portal/Portal_AccInfo_Header_AccInfo"), "Step 1: Account Information"): Actual text and expected text of test object 'Object Repository/Portal/Portal_AccInfo_Header_AccInfo' are matched.

2024-04-09 14:42:52 - [MESSAGE][PASSED] - Actual text and expected text of test object 'Object Repository/Portal/Portal_AccInfo_Header_AccInfo' are matched.

2024-04-09 14:42:52 - [TEST_STEP][PASSED] - comment("User successfully navigated to Account Information screen"): User successfully navigated to Account Information screen

2024-04-09 14:42:52 - [MESSAGE][INFO] - User successfully navigated to Account Information screen

2024-04-09 14:42:52 - [TEST_STEP][PASSED] - click(findTestObject("Object Repository/Portal/Portal_AccInfo_Dropdown_SearchOrQuoteFor")): Object: 'Object Repository/Portal/Portal_AccInfo_Dropdown_SearchOrQuoteFor' is clicked on

2024-04-09 14:42:53 - [MESSAGE][PASSED] - Object: 'Object Repository/Portal/Portal_AccInfo_Dropdown_SearchOrQuoteFor' is clicked on

2024-04-09 14:42:53 - [TEST_STEP][PASSED] - click(findTestObject("Object Repository/Portal/Portal_AccInfo_TypeList_Individual")): Object: 'Object Repository/Portal/Portal_AccInfo_TypeList_Individual' is clicked on

2024-04-09 14:42:53 - [MESSAGE][PASSED] - Object: 'Object Repository/Portal/Portal_AccInfo_TypeList_Individual' is clicked on

2024-04-09 14:42:53 - [TEST_STEP][PASSED] - setText(findTestObject("Object Repository/Portal/Portal_AccInfo_TextBox_FirstName"), "Auto_FirstName"): Text 'Auto_FirstName' is set on object 'Object Repository/Portal/Portal_AccInfo_TextBox_FirstName'

2024-04-09 14:42:55 - [MESSAGE][PASSED] - Text 'Auto_FirstName' is set on object 'Object Repository/Portal/Portal_AccInfo_TextBox_FirstName'

2024-04-09 14:42:55 - [TEST_STEP][PASSED] - setText(findTestObject("Object Repository/Portal/Portal_AccInfo_TextBox_LastName"), "LastName" + RandomStringUtils.randomAlphabetic(5)): Text 'LastNameOiElz' is set on object 'Object Repository/Portal/Portal_AccInfo_TextBox_LastName'

2024-04-09 14:42:56 - [MESSAGE][PASSED] - Text 'LastNameOiElz' is set on object 'Object Repository/Portal/Portal_AccInfo_TextBox_LastName'

2024-04-09 14:42:56 - [TEST_STEP][PASSED] - setText(findTestObject("Object Repository/Portal/Portal_AccInfo_TextBox_ZipCode"), "52246"): Text '52246' is set on object 'Object Repository/Portal/Portal_AccInfo_TextBox_ZipCode'

2024-04-09 14:42:57 - [MESSAGE][PASSED] - Text '52246' is set on object 'Object Repository/Portal/Portal_AccInfo_TextBox_ZipCode'

2024-04-09 14:42:57 - [TEST_STEP][PASSED] - click(findTestObject("Object Repository/Portal/Portal_AccInfo_Button_CreateNewAcc")): Object: 'Object Repository/Portal/Portal_AccInfo_Button_CreateNewAcc' is clicked on

2024-04-09 14:42:57 - [MESSAGE][PASSED] - Object: 'Object Repository/Portal/Portal_AccInfo_Button_CreateNewAcc' is clicked on

2024-04-09 14:42:57 - [TEST_STEP][PASSED] - verifyElementText(findTestObject("Object Repository/Portal/Portal_AccInfo_SubTitle_AddNewAcc"), "Add a New Account"): Actual text and expected text of test object 'Object Repository/Portal/Portal_AccInfo_SubTitle_AddNewAcc' are matched.

2024-04-09 14:42:58 - [MESSAGE][PASSED] - Actual text and expected text of test object 'Object Repository/Portal/Portal_AccInfo_SubTitle_AddNewAcc' are matched.

2024-04-09 14:42:58 - [TEST_STEP][PASSED] - mouseOver(findTestObject("Object Repository/Portal/Portal_AccountInfo_Dropdown_ProducerCode"), STOP_ON_FAILURE): Object: 'Object Repository/Portal/Portal_AccountInfo_Dropdown_ProducerCode' is hovered

2024-04-09 14:42:59 - [MESSAGE][PASSED] - Object: 'Object Repository/Portal/Portal_AccountInfo_Dropdown_ProducerCode' is hovered

2024-04-09 14:42:59 - [TEST_STEP][PASSED] - setText(findTestObject("Object Repository/Portal/Portal_AccInfo_TextBox_Address"), "919 Highway 1 W"): Text '919 Highway 1 W' is set on object 'Object Repository/Portal/Portal_AccInfo_TextBox_Address'

2024-04-09 14:43:00 - [MESSAGE][PASSED] - Text '919 Highway 1 W' is set on object 'Object Repository/Portal/Portal_AccInfo_TextBox_Address'

2024-04-09 14:43:00 - [TEST_STEP][PASSED] - sendKeys(findTestObject("Object Repository/Portal/Portal_AccInfo_TextBox_Address"), Keys.chord(SPACE)): Keys 'SPACE + ' sent to object: 'Object Repository/Portal/Portal_AccInfo_TextBox_Address'

2024-04-09 14:43:01 - [MESSAGE][PASSED] - Keys 'SPACE + ' sent to object: 'Object Repository/Portal/Portal_AccInfo_TextBox_Address'

2024-04-09 14:43:01 - [TEST_STEP][PASSED] - click(findTestObject("Object Repository/Portal/Portal_AccInfo_TypeList_1stAddress"), OPTIONAL): Object: 'Object Repository/Portal/Portal_AccInfo_TypeList_1stAddress' is clicked on

2024-04-09 14:43:02 - [MESSAGE][PASSED] - Object: 'Object Repository/Portal/Portal_AccInfo_TypeList_1stAddress' is clicked on

2024-04-09 14:43:02 - [TEST_STEP][PASSED] - waitForPageLoad(10): Wait for page load successfully

2024-04-09 14:43:02 - [MESSAGE][PASSED] - Wait for page load successfully

2024-04-09 14:43:02 - [TEST_STEP][PASSED] - mouseOver(findTestObject("Object Repository/Portal/Portal_AccountInfo_Dropdown_ProducerCode")): Object: 'Object Repository/Portal/Portal_AccountInfo_Dropdown_ProducerCode' is hovered

2024-04-09 14:43:02 - [MESSAGE][PASSED] - Object: 'Object Repository/Portal/Portal_AccountInfo_Dropdown_ProducerCode' is hovered

2024-04-09 14:43:02 - [TEST_STEP][PASSED] - click(findTestObject("Object Repository/Portal/Portal_AccountInfo_Dropdown_ProducerCode")): Object: 'Object Repository/Portal/Portal_AccountInfo_Dropdown_ProducerCode' is clicked on

2024-04-09 14:43:03 - [MESSAGE][PASSED] - Object: 'Object Repository/Portal/Portal_AccountInfo_Dropdown_ProducerCode' is clicked on

2024-04-09 14:43:03 - [TEST_STEP][PASSED] - mouseOver(findTestObject("Object Repository/Portal/Portal_AccInfo_TypeList_2059HouseCode")): Object: 'Object Repository/Portal/Portal_AccInfo_TypeList_2059HouseCode' is hovered

2024-04-09 14:43:04 - [MESSAGE][PASSED] - Object: 'Object Repository/Portal/Portal_AccInfo_TypeList_2059HouseCode' is hovered

2024-04-09 14:43:04 - [TEST_STEP][PASSED] - click(findTestObject("Object Repository/Portal/Portal_AccInfo_TypeList_2059HouseCode")): Object: 'Object Repository/Portal/Portal_AccInfo_TypeList_2059HouseCode' is clicked on

2024-04-09 14:43:04 - [MESSAGE][PASSED] - Object: 'Object Repository/Portal/Portal_AccInfo_TypeList_2059HouseCode' is clicked on

2024-04-09 14:43:04 - [TEST_STEP][PASSED] - click(findTestObject("Object Repository/Portal/Portal_AccInfo_Button_AddAccount")): Object: 'Object Repository/Portal/Portal_AccInfo_Button_AddAccount' is clicked on

2024-04-09 14:43:05 - [MESSAGE][PASSED] - Object: 'Object Repository/Portal/Portal_AccInfo_Button_AddAccount' is clicked on

2024-04-09 14:43:05 - [TEST_STEP][PASSED] - click(findTestObject("Object Repository/Portal/Portal_StandardizeAddress_Button_Continue")): Object: 'Object Repository/Portal/Portal_StandardizeAddress_Button_Continue' is clicked on

2024-04-09 14:43:06 - [MESSAGE][PASSED] - Object: 'Object Repository/Portal/Portal_StandardizeAddress_Button_Continue' is clicked on

2024-04-09 14:43:06 - [TEST_STEP][PASSED] - AccountNumber = getText(findTestObject("Portal/Portal_NewAccountCreated_Label_AccountNum")): Text of object 'Object Repository/Portal/Portal_NewAccountCreated_Label_AccountNum' is: 'AC00540162'

2024-04-09 14:43:07 - [MESSAGE][PASSED] - Text of object 'Object Repository/Portal/Portal_NewAccountCreated_Label_AccountNum' is: 'AC00540162'

2024-04-09 14:43:07 - [TEST_STEP][PASSED] - click(findTestObject("Portal/Portal_NewAccountCreated_Button_Continue")): Object: 'Object Repository/Portal/Portal_NewAccountCreated_Button_Continue' is clicked on

2024-04-09 14:43:08 - [MESSAGE][PASSED] - Object: 'Object Repository/Portal/Portal_NewAccountCreated_Button_Continue' is clicked on

2024-04-09 14:43:08 - [TEST_STEP][PASSED] - click(findTestObject("Object Repository/Portal/Portal_PolicyDetails_Dropdown_OrgType")): Object: 'Object Repository/Portal/Portal_PolicyDetails_Dropdown_OrgType' is clicked on

2024-04-09 14:43:12 - [MESSAGE][PASSED] - Object: 'Object Repository/Portal/Portal_PolicyDetails_Dropdown_OrgType' is clicked on

2024-04-09 14:43:12 - [TEST_STEP][PASSED] - click(findTestObject("Object Repository/Portal/Portal_PolDetails_OrgType_TypeList_Individual")): Object: 'Object Repository/Portal/Portal_PolDetails_OrgType_TypeList_Individual' is clicked on

2024-04-09 14:43:13 - [MESSAGE][PASSED] - Object: 'Object Repository/Portal/Portal_PolDetails_OrgType_TypeList_Individual' is clicked on

2024-04-09 14:43:13 - [TEST_STEP][PASSED] - mouseOver(findTestObject("Object Repository/Portal/Portal_PolDetails_TextBox_SSN"), STOP_ON_FAILURE): Object: 'Object Repository/Portal/Portal_PolDetails_TextBox_SSN' is hovered

2024-04-09 14:43:13 - [MESSAGE][PASSED] - Object: 'Object Repository/Portal/Portal_PolDetails_TextBox_SSN' is hovered

2024-04-09 14:43:13 - [TEST_STEP][PASSED] - click(findTestObject("Object Repository/Portal/Portal_PolDetails_TextBox_SSN"), STOP_ON_FAILURE): Object: 'Object Repository/Portal/Portal_PolDetails_TextBox_SSN' is clicked on

2024-04-09 14:43:14 - [MESSAGE][PASSED] - Object: 'Object Repository/Portal/Portal_PolDetails_TextBox_SSN' is clicked on

2024-04-09 14:43:14 - [TEST_STEP][PASSED] - sendKeys(findTestObject("Object Repository/Portal/Portal_PolDetails_TextBox_SSN"), Keys.chord("123456789")): Keys '123456789' sent to object: 'Object Repository/Portal/Portal_PolDetails_TextBox_SSN'

2024-04-09 14:43:15 - [MESSAGE][PASSED] - Keys '123456789' sent to object: 'Object Repository/Portal/Portal_PolDetails_TextBox_SSN'

2024-04-09 14:43:15 - [TEST_STEP][PASSED] - click(findTestObject("Object Repository/Portal/Portal_PolicyDetails_Button_Save")): Object: 'Object Repository/Portal/Portal_PolicyDetails_Button_Save' is clicked on

2024-04-09 14:43:15 - [MESSAGE][PASSED] - Object: 'Object Repository/Portal/Portal_PolicyDetails_Button_Save' is clicked on

2024-04-09 14:43:15 - [TEST_STEP][PASSED] - takeFullPageScreenshot(): Taking screenshot successfully

2024-04-09 14:43:16 - [MESSAGE][INFO] - 0 hidden object(s)

2024-04-09 14:43:17 - [MESSAGE][PASSED] - Taking screenshot successfully
[[ATTACHMENT|C:\\Users\\LellKir\\git\\HMIC-Portal\\HMIC-Portal\\HMIC-Portal\\HMIC-Portal\\HMIC-Portal\\HMIC-Portal\\Reports\\20240409_134512\\AgencyPortal_SmokeTest_WC\\20240409_143828\\1712688195872.png]]

2024-04-09 14:43:17 - [TEST_STEP][PASSED] - click(findTestObject("Object Repository/Portal/Portal_Common_Button_NextLoc")): Object: 'Object Repository/Portal/Portal_Common_Button_NextLoc' is clicked on

2024-04-09 14:43:18 - [MESSAGE][PASSED] - Object: 'Object Repository/Portal/Portal_Common_Button_NextLoc' is clicked on

2024-04-09 14:43:18 - [TEST_STEP][PASSED] - waitForElementHasAttribute(findTestObject("Object Repository/Portal/Portal_Loc_Header_Loc"), "Step 3: Locations", 10): Object 'Object Repository/Portal/Portal_Loc_Header_Loc' does not have attribute 'Step 3: Locations'

2024-04-09 14:43:30 - [MESSAGE][WARNING] - Object 'Object Repository/Portal/Portal_Loc_Header_Loc' does not have attribute 'Step 3: Locations'

2024-04-09 14:43:30 - [TEST_STEP][PASSED] - verifyElementText(findTestObject("Object Repository/Portal/Portal_Loc_Header_Loc"), "Step 3: Locations"): Actual text and expected text of test object 'Object Repository/Portal/Portal_Loc_Header_Loc' are matched.

2024-04-09 14:43:31 - [MESSAGE][PASSED] - Actual text and expected text of test object 'Object Repository/Portal/Portal_Loc_Header_Loc' are matched.

2024-04-09 14:43:31 - [TEST_STEP][PASSED] - setText(findTestObject("Object Repository/Portal/Portal_Loc_TextBox_MaxNumOfEmp"), "51"): Text '51' is set on object 'Object Repository/Portal/Portal_Loc_TextBox_MaxNumOfEmp'

2024-04-09 14:43:32 - [MESSAGE][PASSED] - Text '51' is set on object 'Object Repository/Portal/Portal_Loc_TextBox_MaxNumOfEmp'

2024-04-09 14:43:32 - [TEST_STEP][PASSED] - click(findTestObject("Object Repository/Portal/Portal_Loc_TextBox_WorkClassification")): Object: 'Object Repository/Portal/Portal_Loc_TextBox_WorkClassification' is clicked on

2024-04-09 14:43:33 - [MESSAGE][PASSED] - Object: 'Object Repository/Portal/Portal_Loc_TextBox_WorkClassification' is clicked on

2024-04-09 14:43:33 - [TEST_STEP][PASSED] - click(findTestObject("Object Repository/Portal/Portal_Loc_WorkClassification_TypeList_0005")): Object: 'Object Repository/Portal/Portal_Loc_WorkClassification_TypeList_0005' is clicked on

2024-04-09 14:43:33 - [MESSAGE][PASSED] - Object: 'Object Repository/Portal/Portal_Loc_WorkClassification_TypeList_0005' is clicked on

2024-04-09 14:43:33 - [TEST_STEP][PASSED] - setText(findTestObject("Object Repository/Portal/Portal_Loc_TextBox_TotalPayroll"), "5000"): Text '5000' is set on object 'Object Repository/Portal/Portal_Loc_TextBox_TotalPayroll'

2024-04-09 14:43:35 - [MESSAGE][PASSED] - Text '5000' is set on object 'Object Repository/Portal/Portal_Loc_TextBox_TotalPayroll'

2024-04-09 14:43:35 - [TEST_STEP][PASSED] - setText(findTestObject("Object Repository/Portal/Portal_Loc_TextBox_FullTimeEmployees"), "10"): Text '10' is set on object 'Object Repository/Portal/Portal_Loc_TextBox_FullTimeEmployees'

2024-04-09 14:43:36 - [MESSAGE][PASSED] - Text '10' is set on object 'Object Repository/Portal/Portal_Loc_TextBox_FullTimeEmployees'

2024-04-09 14:43:36 - [TEST_STEP][PASSED] - setText(findTestObject("Object Repository/Portal/Portal_Loc_TextBox_PartTimeEmployees"), "10"): Text '10' is set on object 'Object Repository/Portal/Portal_Loc_TextBox_PartTimeEmployees'

2024-04-09 14:43:37 - [MESSAGE][PASSED] - Text '10' is set on object 'Object Repository/Portal/Portal_Loc_TextBox_PartTimeEmployees'

2024-04-09 14:43:37 - [TEST_STEP][PASSED] - click(findTestObject("Object Repository/Portal/Portal_Loc_Button_Save")): Object: 'Object Repository/Portal/Portal_Loc_Button_Save' is clicked on

2024-04-09 14:43:38 - [MESSAGE][PASSED] - Object: 'Object Repository/Portal/Portal_Loc_Button_Save' is clicked on

2024-04-09 14:43:38 - [TEST_STEP][PASSED] - takeFullPageScreenshot(): Taking screenshot successfully

2024-04-09 14:43:38 - [MESSAGE][INFO] - 0 hidden object(s)

2024-04-09 14:43:39 - [MESSAGE][PASSED] - Taking screenshot successfully
[[ATTACHMENT|C:\\Users\\LellKir\\git\\HMIC-Portal\\HMIC-Portal\\HMIC-Portal\\HMIC-Portal\\HMIC-Portal\\HMIC-Portal\\Reports\\20240409_134512\\AgencyPortal_SmokeTest_WC\\20240409_143828\\1712688218011.png]]

2024-04-09 14:43:39 - [TEST_STEP][PASSED] - click(findTestObject("Object Repository/Portal/Portal_Common_Button_NextStateCov")): Object: 'Object Repository/Portal/Portal_Common_Button_NextStateCov' is clicked on

2024-04-09 14:43:39 - [MESSAGE][PASSED] - Object: 'Object Repository/Portal/Portal_Common_Button_NextStateCov' is clicked on

2024-04-09 14:43:39 - [TEST_STEP][PASSED] - waitForElementHasAttribute(findTestObject("Object Repository/Portal/Portal_Cov_Header_Coverages"), "Step 4: Coverages", 10): Object 'Object Repository/Portal/Portal_Cov_Header_Coverages' does not have attribute 'Step 4: Coverages'

2024-04-09 14:43:51 - [MESSAGE][WARNING] - Object 'Object Repository/Portal/Portal_Cov_Header_Coverages' does not have attribute 'Step 4: Coverages'

2024-04-09 14:43:51 - [TEST_STEP][PASSED] - verifyElementText(findTestObject("Object Repository/Portal/Portal_Cov_Header_Coverages"), "Step 4: Coverages"): Actual text and expected text of test object 'Object Repository/Portal/Portal_Cov_Header_Coverages' are matched.

2024-04-09 14:43:52 - [MESSAGE][PASSED] - Actual text and expected text of test object 'Object Repository/Portal/Portal_Cov_Header_Coverages' are matched.

2024-04-09 14:43:52 - [TEST_STEP][PASSED] - click(findTestObject("Portal/Portal_StateCov_Chkbox_ExpRating")): Object: 'Object Repository/Portal/Portal_StateCov_Chkbox_ExpRating' is clicked on

2024-04-09 14:43:52 - [MESSAGE][PASSED] - Object: 'Object Repository/Portal/Portal_StateCov_Chkbox_ExpRating' is clicked on

2024-04-09 14:43:52 - [TEST_STEP][FAILED] - setText(findTestObject("Portal/Portal_StateCov_input_ExpRating"), "3.22"): Unable to set text '3.22' of object 'Object Repository/Portal/Portal_StateCov_input_ExpRating' (Root cause: com.kms.katalon.core.exception.StepFailedException: Unable to set text '3.22' of object 'Object Repository/Portal/Portal_StateCov_input_ExpRating'
	at com.kms.katalon.core.webui.keyword.internal.WebUIKeywordMain.stepFailed(WebUIKeywordMain.groovy:64)
	at com.kms.katalon.core.webui.keyword.internal.WebUIKeywordMain.runKeyword(WebUIKeywordMain.groovy:26)
	at com.kms.katalon.core.webui.keyword.builtin.SetTextKeyword.setText(SetTextKeyword.groovy:66)
	at com.kms.katalon.core.webui.keyword.builtin.SetTextKeyword.execute(SetTextKeyword.groovy:37)
	at com.kms.katalon.core.keyword.internal.KeywordExecutor.executeKeywordForPlatform(KeywordExecutor.groovy:74)
	at com.kms.katalon.core.webui.keyword.WebUiBuiltInKeywords.setText(WebUiBuiltInKeywords.groovy:980)
	at com.kms.katalon.core.webui.keyword.WebUiBuiltInKeywords$setText$6.call(Unknown Source)
	at Portal_SmokeTest_IAState.run(Portal_SmokeTest_IAState:142)
	at com.kms.katalon.core.main.ScriptEngine.run(ScriptEngine.java:194)
	at com.kms.katalon.core.main.ScriptEngine.runScriptAsRawText(ScriptEngine.java:119)
	at com.kms.katalon.core.main.TestCaseExecutor.runScript(TestCaseExecutor.java:448)
	at com.kms.katalon.core.main.TestCaseExecutor.doExecute(TestCaseExecutor.java:439)
	at com.kms.katalon.core.main.TestCaseExecutor.processExecutionPhase(TestCaseExecutor.java:418)
	at com.kms.katalon.core.main.TestCaseExecutor.accessMainPhase(TestCaseExecutor.java:410)
	at com.kms.katalon.core.main.TestCaseExecutor.execute(TestCaseExecutor.java:285)
	at com.kms.katalon.core.common.CommonExecutor.accessTestCaseMainPhase(CommonExecutor.java:65)
	at com.kms.katalon.core.main.TestSuiteExecutor.accessTestSuiteMainPhase(TestSuiteExecutor.java:148)
	at com.kms.katalon.core.main.TestSuiteExecutor.execute(TestSuiteExecutor.java:106)
	at com.kms.katalon.core.main.TestCaseMain.startTestSuite(TestCaseMain.java:187)
	at com.kms.katalon.core.main.TestCaseMain$startTestSuite$0.call(Unknown Source)
	at TempTestSuite1712687908561.run(TempTestSuite1712687908561.groovy:36)
Caused by: org.openqa.selenium.ElementNotInteractableException: element not interactable
  (Session info: chrome=115.0.5790.110)
Build info: version: '3.141.59', revision: 'e82be7d358', time: '2018-11-14T08:25:53'
System info: host: 'FA28158', ip: '10.0.0.28', os.name: 'Windows 11', os.arch: 'amd64', os.version: '10.0', java.version: '1.8.0_362'
Driver info: com.kms.katalon.selenium.driver.CChromeDriver
Capabilities {acceptInsecureCerts: false, browserName: chrome, browserVersion: 115.0.5790.110, chrome: {chromedriverVersion: 114.0.5735.90 (386bc09e8f4f..., userDataDir: C:\Users\LellKir\AppData\Lo...}, goog:chromeOptions: {debuggerAddress: localhost:57614}, javascriptEnabled: true, networkConnectionEnabled: false, pageLoadStrategy: normal, platform: WINDOWS, platformName: WINDOWS, proxy: Proxy(), setWindowRect: true, strictFileInteractability: false, timeouts: {implicit: 0, pageLoad: 300000, script: 30000}, unhandledPromptBehavior: dismiss and notify, webauthn:extension:credBlob: true, webauthn:extension:largeBlob: true, webauthn:extension:minPinLength: true, webauthn:extension:prf: true, webauthn:virtualAuthenticators: true}
Session ID: aa8269cc3eb1c2faf1dc2f4340ce12f2
	at org.openqa.selenium.remote.http.W3CHttpResponseCodec.createException(W3CHttpResponseCodec.java:187)
	at org.openqa.selenium.remote.http.W3CHttpResponseCodec.decode(W3CHttpResponseCodec.java:122)
	at org.openqa.selenium.remote.http.W3CHttpResponseCodec.decode(W3CHttpResponseCodec.java:49)
	at org.openqa.selenium.remote.HttpCommandExecutor.execute(HttpCommandExecutor.java:158)
	at org.openqa.selenium.remote.service.DriverCommandExecutor.execute(DriverCommandExecutor.java:83)
	at org.openqa.selenium.remote.RemoteWebDriver.execute(RemoteWebDriver.java:552)
	at com.kms.katalon.selenium.driver.CChromeDriver.execute(CChromeDriver.java:19)
	at org.openqa.selenium.remote.RemoteWebElement.execute(RemoteWebElement.java:285)
	at org.openqa.selenium.remote.RemoteWebElement.clear(RemoteWebElement.java:124)
	at org.openqa.selenium.support.events.EventFiringWebDriver$EventFiringWebElement.lambda$new$0(EventFiringWebDriver.java:404)
	at com.sun.proxy.$Proxy13.clear(Unknown Source)
	at org.openqa.selenium.support.events.EventFiringWebDriver$EventFiringWebElement.clear(EventFiringWebDriver.java:436)
	at com.kms.katalon.core.webui.keyword.builtin.SetTextKeyword$_setText_closure1.doCall(SetTextKeyword.groovy:53)
	at com.kms.katalon.core.webui.keyword.builtin.SetTextKeyword$_setText_closure1.call(SetTextKeyword.groovy)
	at com.kms.katalon.core.webui.keyword.internal.WebUIKeywordMain.runKeyword(WebUIKeywordMain.groovy:20)
	at com.kms.katalon.core.webui.keyword.builtin.SetTextKeyword.setText(SetTextKeyword.groovy:66)
	at com.kms.katalon.core.webui.keyword.builtin.SetTextKeyword.execute(SetTextKeyword.groovy:37)
	at com.kms.katalon.core.keyword.internal.KeywordExecutor.executeKeywordForPlatform(KeywordExecutor.groovy:74)
	at com.kms.katalon.core.webui.keyword.WebUiBuiltInKeywords.setText(WebUiBuiltInKeywords.groovy:980)
	at com.kms.katalon.core.webui.keyword.WebUiBuiltInKeywords$setText$6.call(Unknown Source)
	at Script1689773001064.run(Script1689773001064.groovy:142)
	... 13 more
)

2024-04-09 14:43:54 - [MESSAGE][FAILED] - Unable to set text '3.22' of object 'Object Repository/Portal/Portal_StateCov_input_ExpRating' (Root cause: com.kms.katalon.core.exception.StepFailedException: Unable to set text '3.22' of object 'Object Repository/Portal/Portal_StateCov_input_ExpRating'
	at com.kms.katalon.core.webui.keyword.internal.WebUIKeywordMain.stepFailed(WebUIKeywordMain.groovy:64)
	at com.kms.katalon.core.webui.keyword.internal.WebUIKeywordMain.runKeyword(WebUIKeywordMain.groovy:26)
	at com.kms.katalon.core.webui.keyword.builtin.SetTextKeyword.setText(SetTextKeyword.groovy:66)
	at com.kms.katalon.core.webui.keyword.builtin.SetTextKeyword.execute(SetTextKeyword.groovy:37)
	at com.kms.katalon.core.keyword.internal.KeywordExecutor.executeKeywordForPlatform(KeywordExecutor.groovy:74)
	at com.kms.katalon.core.webui.keyword.WebUiBuiltInKeywords.setText(WebUiBuiltInKeywords.groovy:980)
	at com.kms.katalon.core.webui.keyword.WebUiBuiltInKeywords$setText$6.call(Unknown Source)
	at Portal_SmokeTest_IAState.run(Portal_SmokeTest_IAState:142)
	at com.kms.katalon.core.main.ScriptEngine.run(ScriptEngine.java:194)
	at com.kms.katalon.core.main.ScriptEngine.runScriptAsRawText(ScriptEngine.java:119)
	at com.kms.katalon.core.main.TestCaseExecutor.runScript(TestCaseExecutor.java:448)
	at com.kms.katalon.core.main.TestCaseExecutor.doExecute(TestCaseExecutor.java:439)
	at com.kms.katalon.core.main.TestCaseExecutor.processExecutionPhase(TestCaseExecutor.java:418)
	at com.kms.katalon.core.main.TestCaseExecutor.accessMainPhase(TestCaseExecutor.java:410)
	at com.kms.katalon.core.main.TestCaseExecutor.execute(TestCaseExecutor.java:285)
	at com.kms.katalon.core.common.CommonExecutor.accessTestCaseMainPhase(CommonExecutor.java:65)
	at com.kms.katalon.core.main.TestSuiteExecutor.accessTestSuiteMainPhase(TestSuiteExecutor.java:148)
	at com.kms.katalon.core.main.TestSuiteExecutor.execute(TestSuiteExecutor.java:106)
	at com.kms.katalon.core.main.TestCaseMain.startTestSuite(TestCaseMain.java:187)
	at com.kms.katalon.core.main.TestCaseMain$startTestSuite$0.call(Unknown Source)
	at TempTestSuite1712687908561.run(TempTestSuite1712687908561.groovy:36)
Caused by: org.openqa.selenium.ElementNotInteractableException: element not interactable
  (Session info: chrome=115.0.5790.110)
Build info: version: '3.141.59', revision: 'e82be7d358', time: '2018-11-14T08:25:53'
System info: host: 'FA28158', ip: '10.0.0.28', os.name: 'Windows 11', os.arch: 'amd64', os.version: '10.0', java.version: '1.8.0_362'
Driver info: com.kms.katalon.selenium.driver.CChromeDriver
Capabilities {acceptInsecureCerts: false, browserName: chrome, browserVersion: 115.0.5790.110, chrome: {chromedriverVersion: 114.0.5735.90 (386bc09e8f4f..., userDataDir: C:\Users\LellKir\AppData\Lo...}, goog:chromeOptions: {debuggerAddress: localhost:57614}, javascriptEnabled: true, networkConnectionEnabled: false, pageLoadStrategy: normal, platform: WINDOWS, platformName: WINDOWS, proxy: Proxy(), setWindowRect: true, strictFileInteractability: false, timeouts: {implicit: 0, pageLoad: 300000, script: 30000}, unhandledPromptBehavior: dismiss and notify, webauthn:extension:credBlob: true, webauthn:extension:largeBlob: true, webauthn:extension:minPinLength: true, webauthn:extension:prf: true, webauthn:virtualAuthenticators: true}
Session ID: aa8269cc3eb1c2faf1dc2f4340ce12f2
	at org.openqa.selenium.remote.http.W3CHttpResponseCodec.createException(W3CHttpResponseCodec.java:187)
	at org.openqa.selenium.remote.http.W3CHttpResponseCodec.decode(W3CHttpResponseCodec.java:122)
	at org.openqa.selenium.remote.http.W3CHttpResponseCodec.decode(W3CHttpResponseCodec.java:49)
	at org.openqa.selenium.remote.HttpCommandExecutor.execute(HttpCommandExecutor.java:158)
	at org.openqa.selenium.remote.service.DriverCommandExecutor.execute(DriverCommandExecutor.java:83)
	at org.openqa.selenium.remote.RemoteWebDriver.execute(RemoteWebDriver.java:552)
	at com.kms.katalon.selenium.driver.CChromeDriver.execute(CChromeDriver.java:19)
	at org.openqa.selenium.remote.RemoteWebElement.execute(RemoteWebElement.java:285)
	at org.openqa.selenium.remote.RemoteWebElement.clear(RemoteWebElement.java:124)
	at org.openqa.selenium.support.events.EventFiringWebDriver$EventFiringWebElement.lambda$new$0(EventFiringWebDriver.java:404)
	at com.sun.proxy.$Proxy13.clear(Unknown Source)
	at org.openqa.selenium.support.events.EventFiringWebDriver$EventFiringWebElement.clear(EventFiringWebDriver.java:436)
	at com.kms.katalon.core.webui.keyword.builtin.SetTextKeyword$_setText_closure1.doCall(SetTextKeyword.groovy:53)
	at com.kms.katalon.core.webui.keyword.builtin.SetTextKeyword$_setText_closure1.call(SetTextKeyword.groovy)
	at com.kms.katalon.core.webui.keyword.internal.WebUIKeywordMain.runKeyword(WebUIKeywordMain.groovy:20)
	at com.kms.katalon.core.webui.keyword.builtin.SetTextKeyword.setText(SetTextKeyword.groovy:66)
	at com.kms.katalon.core.webui.keyword.builtin.SetTextKeyword.execute(SetTextKeyword.groovy:37)
	at com.kms.katalon.core.keyword.internal.KeywordExecutor.executeKeywordForPlatform(KeywordExecutor.groovy:74)
	at com.kms.katalon.core.webui.keyword.WebUiBuiltInKeywords.setText(WebUiBuiltInKeywords.groovy:980)
	at com.kms.katalon.core.webui.keyword.WebUiBuiltInKeywords$setText$6.call(Unknown Source)
	at Script1689773001064.run(Script1689773001064.groovy:142)
	... 13 more
)
[[ATTACHMENT|C:\\Users\\LellKir\\git\\HMIC-Portal\\HMIC-Portal\\HMIC-Portal\\HMIC-Portal\\HMIC-Portal\\HMIC-Portal\\Reports\\20240409_134512\\AgencyPortal_SmokeTest_WC\\20240409_143828\\1712688234229.png]]]]></system-out>
         <system-err><![CDATA[2024-04-09 14:38:44 - [TEST_CASE][FAILED] - Test Cases/Portal_WorkersCompensation/WC_SmokeTest_AllState/Portal_SmokeTest_IAState: Test Cases/Portal_WorkersCompensation/WC_SmokeTest_AllState/Portal_SmokeTest_IAState FAILED.
Reason:
com.kms.katalon.core.exception.StepFailedException: Unable to set text '3.22' of object 'Object Repository/Portal/Portal_StateCov_input_ExpRating'
	at com.kms.katalon.core.webui.keyword.internal.WebUIKeywordMain.stepFailed(WebUIKeywordMain.groovy:64)
	at com.kms.katalon.core.webui.keyword.internal.WebUIKeywordMain.runKeyword(WebUIKeywordMain.groovy:26)
	at com.kms.katalon.core.webui.keyword.builtin.SetTextKeyword.setText(SetTextKeyword.groovy:66)
	at com.kms.katalon.core.webui.keyword.builtin.SetTextKeyword.execute(SetTextKeyword.groovy:37)
	at com.kms.katalon.core.keyword.internal.KeywordExecutor.executeKeywordForPlatform(KeywordExecutor.groovy:74)
	at com.kms.katalon.core.webui.keyword.WebUiBuiltInKeywords.setText(WebUiBuiltInKeywords.groovy:980)
	at com.kms.katalon.core.webui.keyword.WebUiBuiltInKeywords$setText$6.call(Unknown Source)
	at Portal_SmokeTest_IAState.run(Portal_SmokeTest_IAState:142)
	at com.kms.katalon.core.main.ScriptEngine.run(ScriptEngine.java:194)
	at com.kms.katalon.core.main.ScriptEngine.runScriptAsRawText(ScriptEngine.java:119)
	at com.kms.katalon.core.main.TestCaseExecutor.runScript(TestCaseExecutor.java:448)
	at com.kms.katalon.core.main.TestCaseExecutor.doExecute(TestCaseExecutor.java:439)
	at com.kms.katalon.core.main.TestCaseExecutor.processExecutionPhase(TestCaseExecutor.java:418)
	at com.kms.katalon.core.main.TestCaseExecutor.accessMainPhase(TestCaseExecutor.java:410)
	at com.kms.katalon.core.main.TestCaseExecutor.execute(TestCaseExecutor.java:285)
	at com.kms.katalon.core.common.CommonExecutor.accessTestCaseMainPhase(CommonExecutor.java:65)
	at com.kms.katalon.core.main.TestSuiteExecutor.accessTestSuiteMainPhase(TestSuiteExecutor.java:148)
	at com.kms.katalon.core.main.TestSuiteExecutor.execute(TestSuiteExecutor.java:106)
	at com.kms.katalon.core.main.TestCaseMain.startTestSuite(TestCaseMain.java:187)
	at com.kms.katalon.core.main.TestCaseMain$startTestSuite$0.call(Unknown Source)
	at TempTestSuite1712687908561.run(TempTestSuite1712687908561.groovy:36)
Caused by: org.openqa.selenium.ElementNotInteractableException: element not interactable
  (Session info: chrome=115.0.5790.110)
Build info: version: '3.141.59', revision: 'e82be7d358', time: '2018-11-14T08:25:53'
System info: host: 'FA28158', ip: '10.0.0.28', os.name: 'Windows 11', os.arch: 'amd64', os.version: '10.0', java.version: '1.8.0_362'
Driver info: com.kms.katalon.selenium.driver.CChromeDriver
Capabilities {acceptInsecureCerts: false, browserName: chrome, browserVersion: 115.0.5790.110, chrome: {chromedriverVersion: 114.0.5735.90 (386bc09e8f4f..., userDataDir: C:\Users\LellKir\AppData\Lo...}, goog:chromeOptions: {debuggerAddress: localhost:57614}, javascriptEnabled: true, networkConnectionEnabled: false, pageLoadStrategy: normal, platform: WINDOWS, platformName: WINDOWS, proxy: Proxy(), setWindowRect: true, strictFileInteractability: false, timeouts: {implicit: 0, pageLoad: 300000, script: 30000}, unhandledPromptBehavior: dismiss and notify, webauthn:extension:credBlob: true, webauthn:extension:largeBlob: true, webauthn:extension:minPinLength: true, webauthn:extension:prf: true, webauthn:virtualAuthenticators: true}
Session ID: aa8269cc3eb1c2faf1dc2f4340ce12f2
	at org.openqa.selenium.remote.http.W3CHttpResponseCodec.createException(W3CHttpResponseCodec.java:187)
	at org.openqa.selenium.remote.http.W3CHttpResponseCodec.decode(W3CHttpResponseCodec.java:122)
	at org.openqa.selenium.remote.http.W3CHttpResponseCodec.decode(W3CHttpResponseCodec.java:49)
	at org.openqa.selenium.remote.HttpCommandExecutor.execute(HttpCommandExecutor.java:158)
	at org.openqa.selenium.remote.service.DriverCommandExecutor.execute(DriverCommandExecutor.java:83)
	at org.openqa.selenium.remote.RemoteWebDriver.execute(RemoteWebDriver.java:552)
	at com.kms.katalon.selenium.driver.CChromeDriver.execute(CChromeDriver.java:19)
	at org.openqa.selenium.remote.RemoteWebElement.execute(RemoteWebElement.java:285)
	at org.openqa.selenium.remote.RemoteWebElement.clear(RemoteWebElement.java:124)
	at org.openqa.selenium.support.events.EventFiringWebDriver$EventFiringWebElement.lambda$new$0(EventFiringWebDriver.java:404)
	at com.sun.proxy.$Proxy13.clear(Unknown Source)
	at org.openqa.selenium.support.events.EventFiringWebDriver$EventFiringWebElement.clear(EventFiringWebDriver.java:436)
	at com.kms.katalon.core.webui.keyword.builtin.SetTextKeyword$_setText_closure1.doCall(SetTextKeyword.groovy:53)
	at com.kms.katalon.core.webui.keyword.builtin.SetTextKeyword$_setText_closure1.call(SetTextKeyword.groovy)
	at com.kms.katalon.core.webui.keyword.internal.WebUIKeywordMain.runKeyword(WebUIKeywordMain.groovy:20)
	... 19 more]]></system-err>
      </testcase>
      <testcase name="Test Cases/Portal_WorkersCompensation/WC_SmokeTest_AllState/Portal_SmokeTest_ILState" time="286.24" classname="Test Cases/Portal_WorkersCompensation/WC_SmokeTest_AllState/Portal_SmokeTest_ILState" status="FAILED">
         <failure type="FAILED" message="Test Cases/Portal_WorkersCompensation/WC_SmokeTest_AllState/Portal_SmokeTest_ILState FAILED.
Reason:
com.kms.katalon.core.exception.StepFailedException: Verify element text of test object 'Object Repository/Portal/Portal_Quote_Header_Quote' FAILED.
	at com.kms.katalon.core.webui.keyword.internal.WebUIKeywordMain.stepFailed(WebUIKeywordMain.groovy:64)
	at com.kms.katalon.core.webui.keyword.internal.WebUIKeywordMain.runKeyword(WebUIKeywordMain.groovy:26)
	at com.kms.katalon.core.webui.keyword.builtin.VerifyElementTextKeyword.verifyElementText(VerifyElementTextKeyword.groovy:72)
	at com.kms.katalon.core.webui.keyword.builtin.VerifyElementTextKeyword.execute(VerifyElementTextKeyword.groovy:40)
	at com.kms.katalon.core.keyword.internal.KeywordExecutor.executeKeywordForPlatform(KeywordExecutor.groovy:74)
	at com.kms.katalon.core.webui.keyword.WebUiBuiltInKeywords.verifyElementText(WebUiBuiltInKeywords.groovy:4749)
	at com.kms.katalon.core.webui.keyword.WebUiBuiltInKeywords$verifyElementText$10.call(Unknown Source)
	at Portal_SmokeTest_ILState.run(Portal_SmokeTest_ILState:165)
	at com.kms.katalon.core.main.ScriptEngine.run(ScriptEngine.java:194)
	at com.kms.katalon.core.main.ScriptEngine.runScriptAsRawText(ScriptEngine.java:119)
	at com.kms.katalon.core.main.TestCaseExecutor.runScript(TestCaseExecutor.java:448)
	at com.kms.katalon.core.main.TestCaseExecutor.doExecute(TestCaseExecutor.java:439)
	at com.kms.katalon.core.main.TestCaseExecutor.processExecutionPhase(TestCaseExecutor.java:418)
	at com.kms.katalon.core.main.TestCaseExecutor.accessMainPhase(TestCaseExecutor.java:410)
	at com.kms.katalon.core.main.TestCaseExecutor.execute(TestCaseExecutor.java:285)
	at com.kms.katalon.core.common.CommonExecutor.accessTestCaseMainPhase(CommonExecutor.java:65)
	at com.kms.katalon.core.main.TestSuiteExecutor.accessTestSuiteMainPhase(TestSuiteExecutor.java:148)
	at com.kms.katalon.core.main.TestSuiteExecutor.execute(TestSuiteExecutor.java:106)
	at com.kms.katalon.core.main.TestCaseMain.startTestSuite(TestCaseMain.java:187)
	at com.kms.katalon.core.main.TestCaseMain$startTestSuite$0.call(Unknown Source)
	at TempTestSuite1712687908561.run(TempTestSuite1712687908561.groovy:36)
Caused by: com.kms.katalon.core.exception.StepFailedException: Actual text '' and expected text 'Step 6: Quote' of test object 'Object Repository/Portal/Portal_Quote_Header_Quote' are NOT matched.
	at com.kms.katalon.core.webui.keyword.internal.WebUIKeywordMain.stepFailed(WebUIKeywordMain.groovy:64)
	at com.kms.katalon.core.webui.keyword.builtin.VerifyElementTextKeyword$_verifyElementText_closure1.doCall(VerifyElementTextKeyword.groovy:57)
	at com.kms.katalon.core.webui.keyword.builtin.VerifyElementTextKeyword$_verifyElementText_closure1.call(VerifyElementTextKeyword.groovy)
	at com.kms.katalon.core.webui.keyword.internal.WebUIKeywordMain.runKeyword(WebUIKeywordMain.groovy:20)
	... 19 more
"/>
         <system-out><![CDATA[2024-04-09 14:43:54 - [TEST_CASE][FAILED] - Test Cases/Portal_WorkersCompensation/WC_SmokeTest_AllState/Portal_SmokeTest_ILState: Test Cases/Portal_WorkersCompensation/WC_SmokeTest_AllState/Portal_SmokeTest_ILState FAILED.
Reason:
com.kms.katalon.core.exception.StepFailedException: Verify element text of test object 'Object Repository/Portal/Portal_Quote_Header_Quote' FAILED.
	at com.kms.katalon.core.webui.keyword.internal.WebUIKeywordMain.stepFailed(WebUIKeywordMain.groovy:64)
	at com.kms.katalon.core.webui.keyword.internal.WebUIKeywordMain.runKeyword(WebUIKeywordMain.groovy:26)
	at com.kms.katalon.core.webui.keyword.builtin.VerifyElementTextKeyword.verifyElementText(VerifyElementTextKeyword.groovy:72)
	at com.kms.katalon.core.webui.keyword.builtin.VerifyElementTextKeyword.execute(VerifyElementTextKeyword.groovy:40)
	at com.kms.katalon.core.keyword.internal.KeywordExecutor.executeKeywordForPlatform(KeywordExecutor.groovy:74)
	at com.kms.katalon.core.webui.keyword.WebUiBuiltInKeywords.verifyElementText(WebUiBuiltInKeywords.groovy:4749)
	at com.kms.katalon.core.webui.keyword.WebUiBuiltInKeywords$verifyElementText$10.call(Unknown Source)
	at Portal_SmokeTest_ILState.run(Portal_SmokeTest_ILState:165)
	at com.kms.katalon.core.main.ScriptEngine.run(ScriptEngine.java:194)
	at com.kms.katalon.core.main.ScriptEngine.runScriptAsRawText(ScriptEngine.java:119)
	at com.kms.katalon.core.main.TestCaseExecutor.runScript(TestCaseExecutor.java:448)
	at com.kms.katalon.core.main.TestCaseExecutor.doExecute(TestCaseExecutor.java:439)
	at com.kms.katalon.core.main.TestCaseExecutor.processExecutionPhase(TestCaseExecutor.java:418)
	at com.kms.katalon.core.main.TestCaseExecutor.accessMainPhase(TestCaseExecutor.java:410)
	at com.kms.katalon.core.main.TestCaseExecutor.execute(TestCaseExecutor.java:285)
	at com.kms.katalon.core.common.CommonExecutor.accessTestCaseMainPhase(CommonExecutor.java:65)
	at com.kms.katalon.core.main.TestSuiteExecutor.accessTestSuiteMainPhase(TestSuiteExecutor.java:148)
	at com.kms.katalon.core.main.TestSuiteExecutor.execute(TestSuiteExecutor.java:106)
	at com.kms.katalon.core.main.TestCaseMain.startTestSuite(TestCaseMain.java:187)
	at com.kms.katalon.core.main.TestCaseMain$startTestSuite$0.call(Unknown Source)
	at TempTestSuite1712687908561.run(TempTestSuite1712687908561.groovy:36)
Caused by: com.kms.katalon.core.exception.StepFailedException: Actual text '' and expected text 'Step 6: Quote' of test object 'Object Repository/Portal/Portal_Quote_Header_Quote' are NOT matched.
	at com.kms.katalon.core.webui.keyword.internal.WebUIKeywordMain.stepFailed(WebUIKeywordMain.groovy:64)
	at com.kms.katalon.core.webui.keyword.builtin.VerifyElementTextKeyword$_verifyElementText_closure1.doCall(VerifyElementTextKeyword.groovy:57)
	at com.kms.katalon.core.webui.keyword.builtin.VerifyElementTextKeyword$_verifyElementText_closure1.call(VerifyElementTextKeyword.groovy)
	at com.kms.katalon.core.webui.keyword.internal.WebUIKeywordMain.runKeyword(WebUIKeywordMain.groovy:20)
	... 19 more


2024-04-09 14:43:55 - [TEST_STEP][PASSED] - comment("Portal Smoke Test"): Portal Smoke Test

2024-04-09 14:43:55 - [MESSAGE][INFO] - Portal Smoke Test

2024-04-09 14:43:55 - [TEST_STEP][PASSED] - callTestCase(findTestCase("Portal_Pages/Portal_CommonScreens/Portal_Login"), ["Portal_Username":Portal_Username, "Portal_Password":Portal_Password], STOP_ON_FAILURE): Call Test Case 'Test Cases/Portal_Pages/Portal_CommonScreens/Portal_Login' successfully

2024-04-09 14:43:55 - [TEST_CASE][PASSED] - Test Cases/Portal_Pages/Portal_CommonScreens/Portal_Login: Test Cases/Portal_Pages/Portal_CommonScreens/Portal_Login

2024-04-09 14:43:55 - [TEST_STEP][PASSED] - openBrowser(""): Browser is opened with url: ''

2024-04-09 14:43:55 - [MESSAGE][WARNING] - A browser is already opened. Closing browser and opening a new one

2024-04-09 14:43:56 - [MESSAGE][INFO] - Starting 'Chrome' driver

2024-04-09 14:43:56 - [MESSAGE][INFO] - Action delay is set to 0 milliseconds

2024-04-09 14:43:58 - [MESSAGE][PASSED] - Browser is opened with url: ''

2024-04-09 14:43:58 - [TEST_STEP][PASSED] - deleteAllCookies(): Delete all cookies successfully

2024-04-09 14:43:58 - [MESSAGE][PASSED] - Delete all cookies successfully

2024-04-09 14:43:58 - [TEST_STEP][PASSED] - maximizeWindow(): Current window maximized

2024-04-09 14:43:58 - [MESSAGE][PASSED] - Current window maximized

2024-04-09 14:43:58 - [TEST_STEP][PASSED] - takeFullPageScreenshot(): Taking screenshot successfully

2024-04-09 14:43:59 - [MESSAGE][INFO] - 0 hidden object(s)

2024-04-09 14:43:59 - [MESSAGE][PASSED] - Taking screenshot successfully
[[ATTACHMENT|C:\\Users\\LellKir\\git\\HMIC-Portal\\HMIC-Portal\\HMIC-Portal\\HMIC-Portal\\HMIC-Portal\\HMIC-Portal\\Reports\\20240409_134512\\AgencyPortal_SmokeTest_WC\\20240409_143828\\1712688238758.png]]

2024-04-09 14:43:59 - [TEST_STEP][PASSED] - navigateToUrl(PortalURL): Navigate to 'https://agencyportal.qa1.hastingsmutual.com/Accounts' successfully

2024-04-09 14:44:09 - [MESSAGE][PASSED] - Navigate to 'https://agencyportal.qa1.hastingsmutual.com/Accounts' successfully

2024-04-09 14:44:09 - [TEST_STEP][PASSED] - waitForPageLoad(10): Wait for page load successfully

2024-04-09 14:44:10 - [MESSAGE][PASSED] - Wait for page load successfully

2024-04-09 14:44:10 - [TEST_STEP][PASSED] - takeFullPageScreenshot(): Taking screenshot successfully

2024-04-09 14:44:10 - [MESSAGE][INFO] - 0 hidden object(s)

2024-04-09 14:44:11 - [MESSAGE][PASSED] - Taking screenshot successfully
[[ATTACHMENT|C:\\Users\\LellKir\\git\\HMIC-Portal\\HMIC-Portal\\HMIC-Portal\\HMIC-Portal\\HMIC-Portal\\HMIC-Portal\\Reports\\20240409_134512\\AgencyPortal_SmokeTest_WC\\20240409_143828\\1712688250205.png]]

2024-04-09 14:44:11 - [TEST_STEP][PASSED] - click(findTestObject("Object Repository/PolicyCenter_Login/div_PC_Login_Link_ClickHereToLogin"), OPTIONAL): Unable to click on object 'Object Repository/PolicyCenter_Login/div_PC_Login_Link_ClickHereToLogin' (Root cause: com.kms.katalon.core.exception.StepFailedException: Unable to click on object 'Object Repository/PolicyCenter_Login/div_PC_Login_Link_ClickHereToLogin'
	at com.kms.katalon.core.webui.keyword.internal.WebUIKeywordMain.stepFailed(WebUIKeywordMain.groovy:64)
	at com.kms.katalon.core.webui.keyword.internal.WebUIKeywordMain.runKeyword(WebUIKeywordMain.groovy:26)
	at com.kms.katalon.core.webui.keyword.builtin.ClickKeyword.click(ClickKeyword.groovy:74)
	at com.kms.katalon.core.webui.keyword.builtin.ClickKeyword.execute(ClickKeyword.groovy:40)
	at com.kms.katalon.core.keyword.internal.KeywordExecutor.executeKeywordForPlatform(KeywordExecutor.groovy:74)
	at com.kms.katalon.core.webui.keyword.WebUiBuiltInKeywords.click(WebUiBuiltInKeywords.groovy:608)
	at com.kms.katalon.core.webui.keyword.WebUiBuiltInKeywords$click$5.call(Unknown Source)
	at Portal_Login.run(Portal_Login:34)
	at com.kms.katalon.core.main.ScriptEngine.run(ScriptEngine.java:194)
	at com.kms.katalon.core.main.ScriptEngine.runScriptAsRawText(ScriptEngine.java:119)
	at com.kms.katalon.core.main.TestCaseExecutor.runScript(TestCaseExecutor.java:448)
	at com.kms.katalon.core.main.TestCaseExecutor.doExecute(TestCaseExecutor.java:439)
	at com.kms.katalon.core.main.TestCaseExecutor.processExecutionPhase(TestCaseExecutor.java:418)
	at com.kms.katalon.core.main.TestCaseExecutor.accessMainPhase(TestCaseExecutor.java:410)
	at com.kms.katalon.core.main.TestCaseExecutor.execute(TestCaseExecutor.java:285)
	at com.kms.katalon.core.main.TestCaseMain.runTestCase(TestCaseMain.java:144)
	at com.kms.katalon.core.keyword.builtin.CallTestCaseKeyword$_callTestCase_closure1.doCall(CallTestCaseKeyword.groovy:59)
	at com.kms.katalon.core.keyword.builtin.CallTestCaseKeyword$_callTestCase_closure1.call(CallTestCaseKeyword.groovy)
	at com.kms.katalon.core.keyword.internal.KeywordMain.runKeyword(KeywordMain.groovy:75)
	at com.kms.katalon.core.keyword.builtin.CallTestCaseKeyword.callTestCase(CallTestCaseKeyword.groovy:81)
	at com.kms.katalon.core.keyword.builtin.CallTestCaseKeyword.execute(CallTestCaseKeyword.groovy:44)
	at com.kms.katalon.core.keyword.internal.KeywordExecutor.executeKeywordForPlatform(KeywordExecutor.groovy:74)
	at com.kms.katalon.core.keyword.BuiltinKeywords.callTestCase(BuiltinKeywords.groovy:310)
	at Portal_SmokeTest_ILState.run(Portal_SmokeTest_ILState:22)
	at com.kms.katalon.core.main.ScriptEngine.run(ScriptEngine.java:194)
	at com.kms.katalon.core.main.ScriptEngine.runScriptAsRawText(ScriptEngine.java:119)
	at com.kms.katalon.core.main.TestCaseExecutor.runScript(TestCaseExecutor.java:448)
	at com.kms.katalon.core.main.TestCaseExecutor.doExecute(TestCaseExecutor.java:439)
	at com.kms.katalon.core.main.TestCaseExecutor.processExecutionPhase(TestCaseExecutor.java:418)
	at com.kms.katalon.core.main.TestCaseExecutor.accessMainPhase(TestCaseExecutor.java:410)
	at com.kms.katalon.core.main.TestCaseExecutor.execute(TestCaseExecutor.java:285)
	at com.kms.katalon.core.common.CommonExecutor.accessTestCaseMainPhase(CommonExecutor.java:65)
	at com.kms.katalon.core.main.TestSuiteExecutor.accessTestSuiteMainPhase(TestSuiteExecutor.java:148)
	at com.kms.katalon.core.main.TestSuiteExecutor.execute(TestSuiteExecutor.java:106)
	at com.kms.katalon.core.main.TestCaseMain.startTestSuite(TestCaseMain.java:187)
	at com.kms.katalon.core.main.TestCaseMain$startTestSuite$0.call(Unknown Source)
	at TempTestSuite1712687908561.run(TempTestSuite1712687908561.groovy:36)
Caused by: com.kms.katalon.core.webui.exception.WebElementNotFoundException: Web element with id: 'Object Repository/PolicyCenter_Login/div_PC_Login_Link_ClickHereToLogin' located by '//div[contains(@id,'LoginDetailsInputSet-LoginLink')]' not found
	at com.kms.katalon.core.webui.common.WebUiCommonHelper.findWebElement(WebUiCommonHelper.java:1381)
	at com.kms.katalon.core.webui.keyword.internal.WebUIAbstractKeyword.findWebElement(WebUIAbstractKeyword.groovy:27)
	at com.kms.katalon.core.webui.keyword.builtin.ClickKeyword$_click_closure1.doCall(ClickKeyword.groovy:65)
	at com.kms.katalon.core.webui.keyword.builtin.ClickKeyword$_click_closure1.call(ClickKeyword.groovy)
[...]
	at com.kms.katalon.core.webui.keyword.internal.WebUIKeywordMain.stepFailed(WebUIKeywordMain.groovy:64)
	at com.kms.katalon.core.webui.keyword.internal.WebUIKeywordMain.runKeyword(WebUIKeywordMain.groovy:26)
	at com.kms.katalon.core.webui.keyword.builtin.SetTextKeyword.setText(SetTextKeyword.groovy:66)
	at com.kms.katalon.core.webui.keyword.builtin.SetTextKeyword.execute(SetTextKeyword.groovy:37)
	at com.kms.katalon.core.keyword.internal.KeywordExecutor.executeKeywordForPlatform(KeywordExecutor.groovy:74)
	at com.kms.katalon.core.webui.keyword.WebUiBuiltInKeywords.setText(WebUiBuiltInKeywords.groovy:980)
	at com.kms.katalon.core.webui.keyword.WebUiBuiltInKeywords$setText$6.call(Unknown Source)
	at Portal_SmokeTest_MIState.run(Portal_SmokeTest_MIState:146)
	at com.kms.katalon.core.main.ScriptEngine.run(ScriptEngine.java:194)
	at com.kms.katalon.core.main.ScriptEngine.runScriptAsRawText(ScriptEngine.java:119)
	at com.kms.katalon.core.main.TestCaseExecutor.runScript(TestCaseExecutor.java:448)
	at com.kms.katalon.core.main.TestCaseExecutor.doExecute(TestCaseExecutor.java:439)
	at com.kms.katalon.core.main.TestCaseExecutor.processExecutionPhase(TestCaseExecutor.java:418)
	at com.kms.katalon.core.main.TestCaseExecutor.accessMainPhase(TestCaseExecutor.java:410)
	at com.kms.katalon.core.main.TestCaseExecutor.execute(TestCaseExecutor.java:285)
	at com.kms.katalon.core.common.CommonExecutor.accessTestCaseMainPhase(CommonExecutor.java:65)
	at com.kms.katalon.core.main.TestSuiteExecutor.accessTestSuiteMainPhase(TestSuiteExecutor.java:148)
	at com.kms.katalon.core.main.TestSuiteExecutor.execute(TestSuiteExecutor.java:106)
	at com.kms.katalon.core.main.TestCaseMain.startTestSuite(TestCaseMain.java:187)
	at com.kms.katalon.core.main.TestCaseMain$startTestSuite$0.call(Unknown Source)
	at TempTestSuite1712687908561.run(TempTestSuite1712687908561.groovy:36)
Caused by: org.openqa.selenium.ElementNotInteractableException: element not interactable
  (Session info: chrome=115.0.5790.110)
Build info: version: '3.141.59', revision: 'e82be7d358', time: '2018-11-14T08:25:53'
System info: host: 'FA28158', ip: '10.0.0.28', os.name: 'Windows 11', os.arch: 'amd64', os.version: '10.0', java.version: '1.8.0_362'
Driver info: com.kms.katalon.selenium.driver.CChromeDriver
Capabilities {acceptInsecureCerts: false, browserName: chrome, browserVersion: 115.0.5790.110, chrome: {chromedriverVersion: 114.0.5735.90 (386bc09e8f4f..., userDataDir: C:\Users\LellKir\AppData\Lo...}, goog:chromeOptions: {debuggerAddress: localhost:59957}, javascriptEnabled: true, networkConnectionEnabled: false, pageLoadStrategy: normal, platform: WINDOWS, platformName: WINDOWS, proxy: Proxy(), setWindowRect: true, strictFileInteractability: false, timeouts: {implicit: 0, pageLoad: 300000, script: 30000}, unhandledPromptBehavior: dismiss and notify, webauthn:extension:credBlob: true, webauthn:extension:largeBlob: true, webauthn:extension:minPinLength: true, webauthn:extension:prf: true, webauthn:virtualAuthenticators: true}
Session ID: 7193a34882db8aa29eb1e0886ac31cc2
	at org.openqa.selenium.remote.http.W3CHttpResponseCodec.createException(W3CHttpResponseCodec.java:187)
	at org.openqa.selenium.remote.http.W3CHttpResponseCodec.decode(W3CHttpResponseCodec.java:122)
	at org.openqa.selenium.remote.http.W3CHttpResponseCodec.decode(W3CHttpResponseCodec.java:49)
	at org.openqa.selenium.remote.HttpCommandExecutor.execute(HttpCommandExecutor.java:158)
	at org.openqa.selenium.remote.service.DriverCommandExecutor.execute(DriverCommandExecutor.java:83)
	at org.openqa.selenium.remote.RemoteWebDriver.execute(RemoteWebDriver.java:552)
	at com.kms.katalon.selenium.driver.CChromeDriver.execute(CChromeDriver.java:19)
	at org.openqa.selenium.remote.RemoteWebElement.execute(RemoteWebElement.java:285)
	at org.openqa.selenium.remote.RemoteWebElement.clear(RemoteWebElement.java:124)
	at org.openqa.selenium.support.events.EventFiringWebDriver$EventFiringWebElement.lambda$new$0(EventFiringWebDriver.java:404)
	at com.sun.proxy.$Proxy13.clear(Unknown Source)
	at org.openqa.selenium.support.events.EventFiringWebDriver$EventFiringWebElement.clear(EventFiringWebDriver.java:436)
	at com.kms.katalon.core.webui.keyword.builtin.SetTextKeyword$_setText_closure1.doCall(SetTextKeyword.groovy:53)
	at com.kms.katalon.core.webui.keyword.builtin.SetTextKeyword$_setText_closure1.call(SetTextKeyword.groovy)
	at com.kms.katalon.core.webui.keyword.internal.WebUIKeywordMain.runKeyword(WebUIKeywordMain.groovy:20)
	at com.kms.katalon.core.webui.keyword.builtin.SetTextKeyword.setText(SetTextKeyword.groovy:66)
	at com.kms.katalon.core.webui.keyword.builtin.SetTextKeyword.execute(SetTextKeyword.groovy:37)
	at com.kms.katalon.core.keyword.internal.KeywordExecutor.executeKeywordForPlatform(KeywordExecutor.groovy:74)
	at com.kms.katalon.core.webui.keyword.WebUiBuiltInKeywords.setText(WebUiBuiltInKeywords.groovy:980)
	at com.kms.katalon.core.webui.keyword.WebUiBuiltInKeywords$setText$6.call(Unknown Source)
	at Script1689766602850.run(Script1689766602850.groovy:146)
	... 13 more
)
[[ATTACHMENT|C:\\Users\\LellKir\\git\\HMIC-Portal\\HMIC-Portal\\HMIC-Portal\\HMIC-Portal\\HMIC-Portal\\HMIC-Portal\\Reports\\20240409_134512\\AgencyPortal_SmokeTest_WC\\20240409_143828\\1712689902057.png]]]]></system-out>
         <system-err><![CDATA[2024-04-09 15:06:53 - [TEST_CASE][FAILED] - Test Cases/Portal_WorkersCompensation/WC_SmokeTest_AllState/Portal_SmokeTest_MIState: Test Cases/Portal_WorkersCompensation/WC_SmokeTest_AllState/Portal_SmokeTest_MIState FAILED.
Reason:
com.kms.katalon.core.exception.StepFailedException: Unable to set text '3.22' of object 'Object Repository/Portal/Portal_StateCov_input_ExpRating'
	at com.kms.katalon.core.webui.keyword.internal.WebUIKeywordMain.stepFailed(WebUIKeywordMain.groovy:64)
	at com.kms.katalon.core.webui.keyword.internal.WebUIKeywordMain.runKeyword(WebUIKeywordMain.groovy:26)
	at com.kms.katalon.core.webui.keyword.builtin.SetTextKeyword.setText(SetTextKeyword.groovy:66)
	at com.kms.katalon.core.webui.keyword.builtin.SetTextKeyword.execute(SetTextKeyword.groovy:37)
	at com.kms.katalon.core.keyword.internal.KeywordExecutor.executeKeywordForPlatform(KeywordExecutor.groovy:74)
	at com.kms.katalon.core.webui.keyword.WebUiBuiltInKeywords.setText(WebUiBuiltInKeywords.groovy:980)
	at com.kms.katalon.core.webui.keyword.WebUiBuiltInKeywords$setText$6.call(Unknown Source)
	at Portal_SmokeTest_MIState.run(Portal_SmokeTest_MIState:146)
	at com.kms.katalon.core.main.ScriptEngine.run(ScriptEngine.java:194)
	at com.kms.katalon.core.main.ScriptEngine.runScriptAsRawText(ScriptEngine.java:119)
	at com.kms.katalon.core.main.TestCaseExecutor.runScript(TestCaseExecutor.java:448)
	at com.kms.katalon.core.main.TestCaseExecutor.doExecute(TestCaseExecutor.java:439)
	at com.kms.katalon.core.main.TestCaseExecutor.processExecutionPhase(TestCaseExecutor.java:418)
	at com.kms.katalon.core.main.TestCaseExecutor.accessMainPhase(TestCaseExecutor.java:410)
	at com.kms.katalon.core.main.TestCaseExecutor.execute(TestCaseExecutor.java:285)
	at com.kms.katalon.core.common.CommonExecutor.accessTestCaseMainPhase(CommonExecutor.java:65)
	at com.kms.katalon.core.main.TestSuiteExecutor.accessTestSuiteMainPhase(TestSuiteExecutor.java:148)
	at com.kms.katalon.core.main.TestSuiteExecutor.execute(TestSuiteExecutor.java:106)
	at com.kms.katalon.core.main.TestCaseMain.startTestSuite(TestCaseMain.java:187)
	at com.kms.katalon.core.main.TestCaseMain$startTestSuite$0.call(Unknown Source)
	at TempTestSuite1712687908561.run(TempTestSuite1712687908561.groovy:36)
Caused by: org.openqa.selenium.ElementNotInteractableException: element not interactable
  (Session info: chrome=115.0.5790.110)
Build info: version: '3.141.59', revision: 'e82be7d358', time: '2018-11-14T08:25:53'
System info: host: 'FA28158', ip: '10.0.0.28', os.name: 'Windows 11', os.arch: 'amd64', os.version: '10.0', java.version: '1.8.0_362'
Driver info: com.kms.katalon.selenium.driver.CChromeDriver
Capabilities {acceptInsecureCerts: false, browserName: chrome, browserVersion: 115.0.5790.110, chrome: {chromedriverVersion: 114.0.5735.90 (386bc09e8f4f..., userDataDir: C:\Users\LellKir\AppData\Lo...}, goog:chromeOptions: {debuggerAddress: localhost:59957}, javascriptEnabled: true, networkConnectionEnabled: false, pageLoadStrategy: normal, platform: WINDOWS, platformName: WINDOWS, proxy: Proxy(), setWindowRect: true, strictFileInteractability: false, timeouts: {implicit: 0, pageLoad: 300000, script: 30000}, unhandledPromptBehavior: dismiss and notify, webauthn:extension:credBlob: true, webauthn:extension:largeBlob: true, webauthn:extension:minPinLength: true, webauthn:extension:prf: true, webauthn:virtualAuthenticators: true}
Session ID: 7193a34882db8aa29eb1e0886ac31cc2
	at org.openqa.selenium.remote.http.W3CHttpResponseCodec.createException(W3CHttpResponseCodec.java:187)
	at org.openqa.selenium.remote.http.W3CHttpResponseCodec.decode(W3CHttpResponseCodec.java:122)
	at org.openqa.selenium.remote.http.W3CHttpResponseCodec.decode(W3CHttpResponseCodec.java:49)
	at org.openqa.selenium.remote.HttpCommandExecutor.execute(HttpCommandExecutor.java:158)
	at org.openqa.selenium.remote.service.DriverCommandExecutor.execute(DriverCommandExecutor.java:83)
	at org.openqa.selenium.remote.RemoteWebDriver.execute(RemoteWebDriver.java:552)
	at com.kms.katalon.selenium.driver.CChromeDriver.execute(CChromeDriver.java:19)
	at org.openqa.selenium.remote.RemoteWebElement.execute(RemoteWebElement.java:285)
	at org.openqa.selenium.remote.RemoteWebElement.clear(RemoteWebElement.java:124)
	at org.openqa.selenium.support.events.EventFiringWebDriver$EventFiringWebElement.lambda$new$0(EventFiringWebDriver.java:404)
	at com.sun.proxy.$Proxy13.clear(Unknown Source)
	at org.openqa.selenium.support.events.EventFiringWebDriver$EventFiringWebElement.clear(EventFiringWebDriver.java:436)
	at com.kms.katalon.core.webui.keyword.builtin.SetTextKeyword$_setText_closure1.doCall(SetTextKeyword.groovy:53)
	at com.kms.katalon.core.webui.keyword.builtin.SetTextKeyword$_setText_closure1.call(SetTextKeyword.groovy)
	at com.kms.katalon.core.webui.keyword.internal.WebUIKeywordMain.runKeyword(WebUIKeywordMain.groovy:20)
	... 19 more]]></system-err>
      </testcase>
      <system-out><![CDATA[2024-04-09 14:38:44 - [TEST_SUITE][FAILED] - AgencyPortal_SmokeTest_WC: Test Cases/Portal_WorkersCompensation/WC_SmokeTest_AllState/Portal_SmokeTest_IAState FAILED.
Reason:
com.kms.katalon.core.exception.StepFailedException: Unable to set text '3.22' of object 'Object Repository/Portal/Portal_StateCov_input_ExpRating'
	at com.kms.katalon.core.webui.keyword.internal.WebUIKeywordMain.stepFailed(WebUIKeywordMain.groovy:64)
	at com.kms.katalon.core.webui.keyword.internal.WebUIKeywordMain.runKeyword(WebUIKeywordMain.groovy:26)
	at com.kms.katalon.core.webui.keyword.builtin.SetTextKeyword.setText(SetTextKeyword.groovy:66)
	at com.kms.katalon.core.webui.keyword.builtin.SetTextKeyword.execute(SetTextKeyword.groovy:37)
	at com.kms.katalon.core.keyword.internal.KeywordExecutor.executeKeywordForPlatform(KeywordExecutor.groovy:74)
	at com.kms.katalon.core.webui.keyword.WebUiBuiltInKeywords.setText(WebUiBuiltInKeywords.groovy:980)
	at com.kms.katalon.core.webui.keyword.WebUiBuiltInKeywords$setText$6.call(Unknown Source)
	at Portal_SmokeTest_IAState.run(Portal_SmokeTest_IAState:142)
	at com.kms.katalon.core.main.ScriptEngine.run(ScriptEngine.java:194)
	at com.kms.katalon.core.main.ScriptEngine.runScriptAsRawText(ScriptEngine.java:119)
	at com.kms.katalon.core.main.TestCaseExecutor.runScript(TestCaseExecutor.java:448)
	at com.kms.katalon.core.main.TestCaseExecutor.doExecute(TestCaseExecutor.java:439)
	at com.kms.katalon.core.main.TestCaseExecutor.processExecutionPhase(TestCaseExecutor.java:418)
	at com.kms.katalon.core.main.TestCaseExecutor.accessMainPhase(TestCaseExecutor.java:410)
	at com.kms.katalon.core.main.TestCaseExecutor.execute(TestCaseExecutor.java:285)
	at com.kms.katalon.core.common.CommonExecutor.accessTestCaseMainPhase(CommonExecutor.java:65)
	at com.kms.katalon.core.main.TestSuiteExecutor.accessTestSuiteMainPhase(TestSuiteExecutor.java:148)
	at com.kms.katalon.core.main.TestSuiteExecutor.execute(TestSuiteExecutor.java:106)
	at com.kms.katalon.core.main.TestCaseMain.startTestSuite(TestCaseMain.java:187)
	at com.kms.katalon.core.main.TestCaseMain$startTestSuite$0.call(Unknown Source)
	at TempTestSuite1712687908561.run(TempTestSuite1712687908561.groovy:36)
Caused by: org.openqa.selenium.ElementNotInteractableException: element not interactable
  (Session info: chrome=115.0.5790.110)
Build info: version: '3.141.59', revision: 'e82be7d358', time: '2018-11-14T08:25:53'
System info: host: 'FA28158', ip: '10.0.0.28', os.name: 'Windows 11', os.arch: 'amd64', os.version: '10.0', java.version: '1.8.0_362'
Driver info: com.kms.katalon.selenium.driver.CChromeDriver
Capabilities {acceptInsecureCerts: false, browserName: chrome, browserVersion: 115.0.5790.110, chrome: {chromedriverVersion: 114.0.5735.90 (386bc09e8f4f..., userDataDir: C:\Users\LellKir\AppData\Lo...}, goog:chromeOptions: {debuggerAddress: localhost:57614}, javascriptEnabled: true, networkConnectionEnabled: false, pageLoadStrategy: normal, platform: WINDOWS, platformName: WINDOWS, proxy: Proxy(), setWindowRect: true, strictFileInteractability: false, timeouts: {implicit: 0, pageLoad: 300000, script: 30000}, unhandledPromptBehavior: dismiss and notify, webauthn:extension:credBlob: true, webauthn:extension:largeBlob: true, webauthn:extension:minPinLength: true, webauthn:extension:prf: true, webauthn:virtualAuthenticators: true}
Session ID: aa8269cc3eb1c2faf1dc2f4340ce12f2
	at org.openqa.selenium.remote.http.W3CHttpResponseCodec.createException(W3CHttpResponseCodec.java:187)
	at org.openqa.selenium.remote.http.W3CHttpResponseCodec.decode(W3CHttpResponseCodec.java:122)
	at org.openqa.selenium.remote.http.W3CHttpResponseCodec.decode(W3CHttpResponseCodec.java:49)
	at org.openqa.selenium.remote.HttpCommandExecutor.execute(HttpCommandExecutor.java:158)
	at org.openqa.selenium.remote.service.DriverCommandExecutor.execute(DriverCommandExecutor.java:83)
	at org.openqa.selenium.remote.RemoteWebDriver.execute(RemoteWebDriver.java:552)
	at com.kms.katalon.selenium.driver.CChromeDriver.execute(CChromeDriver.java:19)
	at org.openqa.selenium.remote.RemoteWebElement.execute(RemoteWebElement.java:285)
	at org.openqa.selenium.remote.RemoteWebElement.clear(RemoteWebElement.java:124)
	at org.openqa.selenium.support.events.EventFiringWebDriver$EventFiringWebElement.lambda$new$0(EventFiringWebDriver.java:404)
	at com.sun.proxy.$Proxy13.clear(Unknown Source)
	at org.openqa.selenium.support.events.EventFiringWebDriver$EventFiringWebElement.clear(EventFiringWebDriver.java:436)
	at com.kms.katalon.core.webui.keyword.builtin.SetTextKeyword$_setText_closure1.doCall(SetTextKeyword.groovy:53)
	at com.kms.katalon.core.webui.keyword.builtin.SetTextKeyword$_setText_closure1.call(SetTextKeyword.groovy)
	at com.kms.katalon.core.webui.keyword.internal.WebUIKeywordMain.runKeyword(WebUIKeywordMain.groovy:20)
	... 19 more]]></system-out>
      <system-err><![CDATA[2024-04-09 14:38:44 - [TEST_SUITE][FAILED] - AgencyPortal_SmokeTest_WC: Test Cases/Portal_WorkersCompensation/WC_SmokeTest_AllState/Portal_SmokeTest_IAState FAILED.
Reason:
com.kms.katalon.core.exception.StepFailedException: Unable to set text '3.22' of object 'Object Repository/Portal/Portal_StateCov_input_ExpRating'
	at com.kms.katalon.core.webui.keyword.internal.WebUIKeywordMain.stepFailed(WebUIKeywordMain.groovy:64)
	at com.kms.katalon.core.webui.keyword.internal.WebUIKeywordMain.runKeyword(WebUIKeywordMain.groovy:26)
	at com.kms.katalon.core.webui.keyword.builtin.SetTextKeyword.setText(SetTextKeyword.groovy:66)
	at com.kms.katalon.core.webui.keyword.builtin.SetTextKeyword.execute(SetTextKeyword.groovy:37)
	at com.kms.katalon.core.keyword.internal.KeywordExecutor.executeKeywordForPlatform(KeywordExecutor.groovy:74)
	at com.kms.katalon.core.webui.keyword.WebUiBuiltInKeywords.setText(WebUiBuiltInKeywords.groovy:980)
	at com.kms.katalon.core.webui.keyword.WebUiBuiltInKeywords$setText$6.call(Unknown Source)
	at Portal_SmokeTest_IAState.run(Portal_SmokeTest_IAState:142)
	at com.kms.katalon.core.main.ScriptEngine.run(ScriptEngine.java:194)
	at com.kms.katalon.core.main.ScriptEngine.runScriptAsRawText(ScriptEngine.java:119)
	at com.kms.katalon.core.main.TestCaseExecutor.runScript(TestCaseExecutor.java:448)
	at com.kms.katalon.core.main.TestCaseExecutor.doExecute(TestCaseExecutor.java:439)
	at com.kms.katalon.core.main.TestCaseExecutor.processExecutionPhase(TestCaseExecutor.java:418)
	at com.kms.katalon.core.main.TestCaseExecutor.accessMainPhase(TestCaseExecutor.java:410)
	at com.kms.katalon.core.main.TestCaseExecutor.execute(TestCaseExecutor.java:285)
	at com.kms.katalon.core.common.CommonExecutor.accessTestCaseMainPhase(CommonExecutor.java:65)
	at com.kms.katalon.core.main.TestSuiteExecutor.accessTestSuiteMainPhase(TestSuiteExecutor.java:148)
	at com.kms.katalon.core.main.TestSuiteExecutor.execute(TestSuiteExecutor.java:106)
	at com.kms.katalon.core.main.TestCaseMain.startTestSuite(TestCaseMain.java:187)
	at com.kms.katalon.core.main.TestCaseMain$startTestSuite$0.call(Unknown Source)
	at TempTestSuite1712687908561.run(TempTestSuite1712687908561.groovy:36)
Caused by: org.openqa.selenium.ElementNotInteractableException: element not interactable
  (Session info: chrome=115.0.5790.110)
Build info: version: '3.141.59', revision: 'e82be7d358', time: '2018-11-14T08:25:53'
System info: host: 'FA28158', ip: '10.0.0.28', os.name: 'Windows 11', os.arch: 'amd64', os.version: '10.0', java.version: '1.8.0_362'
Driver info: com.kms.katalon.selenium.driver.CChromeDriver
Capabilities {acceptInsecureCerts: false, browserName: chrome, browserVersion: 115.0.5790.110, chrome: {chromedriverVersion: 114.0.5735.90 (386bc09e8f4f..., userDataDir: C:\Users\LellKir\AppData\Lo...}, goog:chromeOptions: {debuggerAddress: localhost:57614}, javascriptEnabled: true, networkConnectionEnabled: false, pageLoadStrategy: normal, platform: WINDOWS, platformName: WINDOWS, proxy: Proxy(), setWindowRect: true, strictFileInteractability: false, timeouts: {implicit: 0, pageLoad: 300000, script: 30000}, unhandledPromptBehavior: dismiss and notify, webauthn:extension:credBlob: true, webauthn:extension:largeBlob: true, webauthn:extension:minPinLength: true, webauthn:extension:prf: true, webauthn:virtualAuthenticators: true}
Session ID: aa8269cc3eb1c2faf1dc2f4340ce12f2
	at org.openqa.selenium.remote.http.W3CHttpResponseCodec.createException(W3CHttpResponseCodec.java:187)
	at org.openqa.selenium.remote.http.W3CHttpResponseCodec.decode(W3CHttpResponseCodec.java:122)
	at org.openqa.selenium.remote.http.W3CHttpResponseCodec.decode(W3CHttpResponseCodec.java:49)
	at org.openqa.selenium.remote.HttpCommandExecutor.execute(HttpCommandExecutor.java:158)
	at org.openqa.selenium.remote.service.DriverCommandExecutor.execute(DriverCommandExecutor.java:83)
	at org.openqa.selenium.remote.RemoteWebDriver.execute(RemoteWebDriver.java:552)
	at com.kms.katalon.selenium.driver.CChromeDriver.execute(CChromeDriver.java:19)
	at org.openqa.selenium.remote.RemoteWebElement.execute(RemoteWebElement.java:285)
	at org.openqa.selenium.remote.RemoteWebElement.clear(RemoteWebElement.java:124)
	at org.openqa.selenium.support.events.EventFiringWebDriver$EventFiringWebElement.lambda$new$0(EventFiringWebDriver.java:404)
	at com.sun.proxy.$Proxy13.clear(Unknown Source)
	at org.openqa.selenium.support.events.EventFiringWebDriver$EventFiringWebElement.clear(EventFiringWebDriver.java:436)
	at com.kms.katalon.core.webui.keyword.builtin.SetTextKeyword$_setText_closure1.doCall(SetTextKeyword.groovy:53)
	at com.kms.katalon.core.webui.keyword.builtin.SetTextKeyword$_setText_closure1.call(SetTextKeyword.groovy)
	at com.kms.katalon.core.webui.keyword.internal.WebUIKeywordMain.runKeyword(WebUIKeywordMain.groovy:20)
	... 19 more]]></system-err>
   </testsuite>
</testsuites>
